2025/04/10 15:47:51 [notice] 1#1: using the "epoll" event method
2025/04/10 15:47:51 [notice] 1#1: nginx/1.27.4
2025/04/10 15:47:51 [notice] 1#1: built by gcc 14.2.0 (Alpine 14.2.0) 
2025/04/10 15:47:51 [notice] 1#1: OS: Linux 5.15.167.4-microsoft-standard-WSL2
2025/04/10 15:47:51 [notice] 1#1: getrlimit(RLIMIT_NOFILE): 1048576:1048576
2025/04/10 15:47:51 [notice] 1#1: start worker processes
2025/04/10 15:47:51 [notice] 1#1: start worker process 29
2025/04/10 15:47:51 [notice] 1#1: start worker process 30
2025/04/10 15:47:51 [notice] 1#1: start worker process 31
2025/04/10 15:47:51 [notice] 1#1: start worker process 32
2025/04/10 15:47:51 [notice] 1#1: start worker process 33
2025/04/10 15:47:51 [notice] 1#1: start worker process 34
2025/04/10 15:47:51 [notice] 1#1: start worker process 35
2025/04/10 15:47:51 [notice] 1#1: start worker process 36
2025/04/10 15:47:51 [notice] 1#1: start worker process 37
2025/04/10 15:47:51 [notice] 1#1: start worker process 38
2025/04/10 15:47:51 [notice] 1#1: start worker process 39
2025/04/10 15:47:51 [notice] 1#1: start worker process 40
2025/04/10 15:47:51 [notice] 1#1: start worker process 41
2025/04/10 15:47:51 [notice] 1#1: start worker process 42
2025/04/10 15:47:51 [notice] 1#1: start worker process 43
2025/04/10 15:47:51 [notice] 1#1: start worker process 44
2025/04/10 16:01:16 [notice] 1#1: signal 3 (SIGQUIT) received, shutting down
2025/04/10 16:01:16 [notice] 29#29: gracefully shutting down
2025/04/10 16:01:16 [notice] 32#32: gracefully shutting down
2025/04/10 16:01:16 [notice] 33#33: gracefully shutting down
2025/04/10 16:01:16 [notice] 35#35: gracefully shutting down
2025/04/10 16:01:16 [notice] 34#34: gracefully shutting down
2025/04/10 16:01:16 [notice] 36#36: gracefully shutting down
2025/04/10 16:01:16 [notice] 37#37: gracefully shutting down
2025/04/10 16:01:16 [notice] 30#30: gracefully shutting down
2025/04/10 16:01:16 [notice] 31#31: gracefully shutting down
2025/04/10 16:01:16 [notice] 39#39: gracefully shutting down
2025/04/10 16:01:16 [notice] 38#38: gracefully shutting down
2025/04/10 16:01:16 [notice] 40#40: gracefully shutting down
2025/04/10 16:01:16 [notice] 41#41: gracefully shutting down
2025/04/10 16:01:16 [notice] 29#29: exiting
2025/04/10 16:01:16 [notice] 33#33: exiting
2025/04/10 16:01:16 [notice] 35#35: exiting
2025/04/10 16:01:16 [notice] 43#43: gracefully shutting down
2025/04/10 16:01:16 [notice] 44#44: gracefully shutting down
2025/04/10 16:01:16 [notice] 42#42: gracefully shutting down
2025/04/10 16:01:16 [notice] 34#34: exiting
2025/04/10 16:01:16 [notice] 36#36: exiting
2025/04/10 16:01:16 [notice] 32#32: exiting
2025/04/10 16:01:16 [notice] 39#39: exiting
2025/04/10 16:01:16 [notice] 38#38: exiting
2025/04/10 16:01:16 [notice] 40#40: exiting
2025/04/10 16:01:16 [notice] 41#41: exiting
2025/04/10 16:01:16 [notice] 30#30: exiting
2025/04/10 16:01:16 [notice] 43#43: exiting
2025/04/10 16:01:16 [notice] 39#39: exit
2025/04/10 16:01:16 [notice] 34#34: exit
2025/04/10 16:01:16 [notice] 35#35: exit
2025/04/10 16:01:16 [notice] 33#33: exit
2025/04/10 16:01:16 [notice] 36#36: exit
2025/04/10 16:01:16 [notice] 38#38: exit
2025/04/10 16:01:16 [notice] 40#40: exit
2025/04/10 16:01:16 [notice] 44#44: exiting
2025/04/10 16:01:16 [notice] 32#32: exit
2025/04/10 16:01:16 [notice] 29#29: exit
2025/04/10 16:01:16 [notice] 41#41: exit
2025/04/10 16:01:16 [notice] 31#31: exiting
2025/04/10 16:01:16 [notice] 43#43: exit
2025/04/10 16:01:16 [notice] 42#42: exiting
2025/04/10 16:01:16 [notice] 30#30: exit
2025/04/10 16:01:16 [notice] 37#37: exiting
2025/04/10 16:01:16 [notice] 44#44: exit
2025/04/10 16:01:16 [notice] 31#31: exit
2025/04/10 16:01:16 [notice] 42#42: exit
2025/04/10 16:01:16 [notice] 37#37: exit
2025/04/10 16:01:16 [notice] 1#1: signal 17 (SIGCHLD) received from 33
2025/04/10 16:01:16 [notice] 1#1: worker process 30 exited with code 0
2025/04/10 16:01:16 [notice] 1#1: worker process 33 exited with code 0
2025/04/10 16:01:16 [notice] 1#1: signal 29 (SIGIO) received
2025/04/10 16:01:16 [notice] 1#1: signal 17 (SIGCHLD) received from 34
2025/04/10 16:01:16 [notice] 1#1: worker process 34 exited with code 0
2025/04/10 16:01:16 [notice] 1#1: worker process 36 exited with code 0
2025/04/10 16:01:16 [notice] 1#1: signal 29 (SIGIO) received
2025/04/10 16:01:16 [notice] 1#1: signal 17 (SIGCHLD) received from 37
2025/04/10 16:01:16 [notice] 1#1: worker process 37 exited with code 0
2025/04/10 16:01:16 [notice] 1#1: signal 29 (SIGIO) received
2025/04/10 16:01:16 [notice] 1#1: signal 17 (SIGCHLD) received from 35
2025/04/10 16:01:16 [notice] 1#1: worker process 29 exited with code 0
2025/04/10 16:01:16 [notice] 1#1: worker process 31 exited with code 0
2025/04/10 16:01:16 [notice] 1#1: worker process 35 exited with code 0
2025/04/10 16:01:16 [notice] 1#1: worker process 38 exited with code 0
2025/04/10 16:01:16 [notice] 1#1: worker process 41 exited with code 0
2025/04/10 16:01:16 [notice] 1#1: worker process 43 exited with code 0
2025/04/10 16:01:16 [notice] 1#1: worker process 44 exited with code 0
2025/04/10 16:01:16 [notice] 1#1: signal 29 (SIGIO) received
2025/04/10 16:01:16 [notice] 1#1: signal 17 (SIGCHLD) received from 38
2025/04/10 16:01:16 [notice] 1#1: signal 17 (SIGCHLD) received from 32
2025/04/10 16:01:16 [notice] 1#1: worker process 32 exited with code 0
2025/04/10 16:01:16 [notice] 1#1: worker process 39 exited with code 0
2025/04/10 16:01:16 [notice] 1#1: signal 29 (SIGIO) received
2025/04/10 16:01:16 [notice] 1#1: signal 17 (SIGCHLD) received from 39
2025/04/10 16:01:16 [notice] 1#1: signal 17 (SIGCHLD) received from 40
2025/04/10 16:01:16 [notice] 1#1: worker process 40 exited with code 0
2025/04/10 16:01:16 [notice] 1#1: signal 29 (SIGIO) received
2025/04/10 16:01:16 [notice] 1#1: signal 17 (SIGCHLD) received from 42
2025/04/10 16:01:16 [notice] 1#1: worker process 42 exited with code 0
2025/04/10 16:01:16 [notice] 1#1: exit
2025/04/10 16:02:32 [notice] 1#1: using the "epoll" event method
2025/04/10 16:02:32 [notice] 1#1: nginx/1.27.4
2025/04/10 16:02:32 [notice] 1#1: built by gcc 14.2.0 (Alpine 14.2.0) 
2025/04/10 16:02:32 [notice] 1#1: OS: Linux 5.15.167.4-microsoft-standard-WSL2
2025/04/10 16:02:32 [notice] 1#1: getrlimit(RLIMIT_NOFILE): 1048576:1048576
2025/04/10 16:02:32 [notice] 1#1: start worker processes
2025/04/10 16:02:32 [notice] 1#1: start worker process 29
2025/04/10 16:02:32 [notice] 1#1: start worker process 30
2025/04/10 16:02:32 [notice] 1#1: start worker process 31
2025/04/10 16:02:32 [notice] 1#1: start worker process 32
2025/04/10 16:02:32 [notice] 1#1: start worker process 33
2025/04/10 16:02:32 [notice] 1#1: start worker process 34
2025/04/10 16:02:32 [notice] 1#1: start worker process 35
2025/04/10 16:02:32 [notice] 1#1: start worker process 36
2025/04/10 16:02:32 [notice] 1#1: start worker process 37
2025/04/10 16:02:32 [notice] 1#1: start worker process 38
2025/04/10 16:02:32 [notice] 1#1: start worker process 39
2025/04/10 16:02:32 [notice] 1#1: start worker process 40
2025/04/10 16:02:32 [notice] 1#1: start worker process 41
2025/04/10 16:02:32 [notice] 1#1: start worker process 42
2025/04/10 16:02:32 [notice] 1#1: start worker process 43
2025/04/10 16:02:32 [notice] 1#1: start worker process 44
2025/04/10 16:23:35 [notice] 1#1: using the "epoll" event method
2025/04/10 16:23:35 [notice] 1#1: nginx/1.27.4
2025/04/10 16:23:35 [notice] 1#1: built by gcc 14.2.0 (Alpine 14.2.0) 
2025/04/10 16:23:35 [notice] 1#1: OS: Linux 5.15.167.4-microsoft-standard-WSL2
2025/04/10 16:23:35 [notice] 1#1: getrlimit(RLIMIT_NOFILE): 1048576:1048576
2025/04/10 16:23:35 [notice] 1#1: start worker processes
2025/04/10 16:23:35 [notice] 1#1: start worker process 29
2025/04/10 16:23:35 [notice] 1#1: start worker process 30
2025/04/10 16:23:35 [notice] 1#1: start worker process 31
2025/04/10 16:23:35 [notice] 1#1: start worker process 32
2025/04/10 16:23:35 [notice] 1#1: start worker process 33
2025/04/10 16:23:35 [notice] 1#1: start worker process 34
2025/04/10 16:23:35 [notice] 1#1: start worker process 35
2025/04/10 16:23:35 [notice] 1#1: start worker process 36
2025/04/10 16:23:35 [notice] 1#1: start worker process 37
2025/04/10 16:23:35 [notice] 1#1: start worker process 38
2025/04/10 16:23:35 [notice] 1#1: start worker process 39
2025/04/10 16:23:35 [notice] 1#1: start worker process 40
2025/04/10 16:23:35 [notice] 1#1: start worker process 41
2025/04/10 16:23:35 [notice] 1#1: start worker process 42
2025/04/10 16:23:35 [notice] 1#1: start worker process 43
2025/04/10 16:23:35 [notice] 1#1: start worker process 44
2025/04/10 16:23:39 [notice] 1#1: signal 3 (SIGQUIT) received, shutting down
2025/04/10 16:23:39 [notice] 29#29: gracefully shutting down
2025/04/10 16:23:39 [notice] 43#43: gracefully shutting down
2025/04/10 16:23:39 [notice] 30#30: gracefully shutting down
2025/04/10 16:23:39 [notice] 31#31: gracefully shutting down
2025/04/10 16:23:39 [notice] 32#32: gracefully shutting down
2025/04/10 16:23:39 [notice] 33#33: gracefully shutting down
2025/04/10 16:23:39 [notice] 34#34: gracefully shutting down
2025/04/10 16:23:39 [notice] 36#36: gracefully shutting down
2025/04/10 16:23:39 [notice] 37#37: gracefully shutting down
2025/04/10 16:23:39 [notice] 35#35: gracefully shutting down
2025/04/10 16:23:39 [notice] 35#35: exiting
2025/04/10 16:23:39 [notice] 39#39: gracefully shutting down
2025/04/10 16:23:39 [notice] 38#38: gracefully shutting down
2025/04/10 16:23:39 [notice] 40#40: gracefully shutting down
2025/04/10 16:23:39 [notice] 41#41: gracefully shutting down
2025/04/10 16:23:39 [notice] 42#42: gracefully shutting down
2025/04/10 16:23:39 [notice] 44#44: gracefully shutting down
2025/04/10 16:23:39 [notice] 29#29: exiting
2025/04/10 16:23:39 [notice] 43#43: exiting
2025/04/10 16:23:39 [notice] 30#30: exiting
2025/04/10 16:23:39 [notice] 31#31: exiting
2025/04/10 16:23:39 [notice] 32#32: exiting
2025/04/10 16:23:39 [notice] 33#33: exiting
2025/04/10 16:23:39 [notice] 34#34: exiting
2025/04/10 16:23:39 [notice] 36#36: exiting
2025/04/10 16:23:39 [notice] 37#37: exiting
2025/04/10 16:23:39 [notice] 35#35: exit
2025/04/10 16:23:39 [notice] 39#39: exiting
2025/04/10 16:23:39 [notice] 38#38: exiting
2025/04/10 16:23:39 [notice] 40#40: exiting
2025/04/10 16:23:39 [notice] 41#41: exiting
2025/04/10 16:23:39 [notice] 42#42: exiting
2025/04/10 16:23:39 [notice] 44#44: exiting
2025/04/10 16:23:39 [notice] 29#29: exit
2025/04/10 16:23:39 [notice] 43#43: exit
2025/04/10 16:23:39 [notice] 30#30: exit
2025/04/10 16:23:39 [notice] 31#31: exit
2025/04/10 16:23:39 [notice] 32#32: exit
2025/04/10 16:23:39 [notice] 33#33: exit
2025/04/10 16:23:39 [notice] 34#34: exit
2025/04/10 16:23:39 [notice] 36#36: exit
2025/04/10 16:23:39 [notice] 37#37: exit
2025/04/10 16:23:39 [notice] 39#39: exit
2025/04/10 16:23:39 [notice] 38#38: exit
2025/04/10 16:23:39 [notice] 40#40: exit
2025/04/10 16:23:39 [notice] 41#41: exit
2025/04/10 16:23:39 [notice] 44#44: exit
2025/04/10 16:23:39 [notice] 42#42: exit
2025/04/10 16:23:40 [notice] 1#1: signal 17 (SIGCHLD) received from 41
2025/04/10 16:23:40 [notice] 1#1: worker process 33 exited with code 0
2025/04/10 16:23:40 [notice] 1#1: worker process 34 exited with code 0
2025/04/10 16:23:40 [notice] 1#1: worker process 35 exited with code 0
2025/04/10 16:23:40 [notice] 1#1: worker process 37 exited with code 0
2025/04/10 16:23:40 [notice] 1#1: worker process 40 exited with code 0
2025/04/10 16:23:40 [notice] 1#1: worker process 41 exited with code 0
2025/04/10 16:23:40 [notice] 1#1: worker process 43 exited with code 0
2025/04/10 16:23:40 [notice] 1#1: worker process 44 exited with code 0
2025/04/10 16:23:40 [notice] 1#1: signal 29 (SIGIO) received
2025/04/10 16:23:40 [notice] 1#1: signal 17 (SIGCHLD) received from 33
2025/04/10 16:23:40 [notice] 1#1: signal 17 (SIGCHLD) received from 31
2025/04/10 16:23:40 [notice] 1#1: worker process 31 exited with code 0
2025/04/10 16:23:40 [notice] 1#1: signal 29 (SIGIO) received
2025/04/10 16:23:40 [notice] 1#1: signal 17 (SIGCHLD) received from 32
2025/04/10 16:23:40 [notice] 1#1: worker process 30 exited with code 0
2025/04/10 16:23:40 [notice] 1#1: worker process 32 exited with code 0
2025/04/10 16:23:40 [notice] 1#1: worker process 36 exited with code 0
2025/04/10 16:23:40 [notice] 1#1: signal 29 (SIGIO) received
2025/04/10 16:23:40 [notice] 1#1: signal 17 (SIGCHLD) received from 30
2025/04/10 16:23:40 [notice] 1#1: signal 17 (SIGCHLD) received from 29
2025/04/10 16:23:40 [notice] 1#1: worker process 29 exited with code 0
2025/04/10 16:23:40 [notice] 1#1: worker process 39 exited with code 0
2025/04/10 16:23:40 [notice] 1#1: worker process 42 exited with code 0
2025/04/10 16:23:40 [notice] 1#1: signal 29 (SIGIO) received
2025/04/10 16:23:40 [notice] 1#1: signal 17 (SIGCHLD) received from 39
2025/04/10 16:23:40 [notice] 1#1: signal 17 (SIGCHLD) received from 38
2025/04/10 16:23:40 [notice] 1#1: worker process 38 exited with code 0
2025/04/10 16:23:40 [notice] 1#1: exit
2025/04/10 16:24:31 [notice] 1#1: using the "epoll" event method
2025/04/10 16:24:31 [notice] 1#1: nginx/1.27.4
2025/04/10 16:24:31 [notice] 1#1: built by gcc 14.2.0 (Alpine 14.2.0) 
2025/04/10 16:24:31 [notice] 1#1: OS: Linux 5.15.167.4-microsoft-standard-WSL2
2025/04/10 16:24:31 [notice] 1#1: getrlimit(RLIMIT_NOFILE): 1048576:1048576
2025/04/10 16:24:31 [notice] 1#1: start worker processes
2025/04/10 16:24:31 [notice] 1#1: start worker process 29
2025/04/10 16:24:31 [notice] 1#1: start worker process 30
2025/04/10 16:24:31 [notice] 1#1: start worker process 31
2025/04/10 16:24:31 [notice] 1#1: start worker process 32
2025/04/10 16:24:31 [notice] 1#1: start worker process 33
2025/04/10 16:24:31 [notice] 1#1: start worker process 34
2025/04/10 16:24:31 [notice] 1#1: start worker process 35
2025/04/10 16:24:31 [notice] 1#1: start worker process 36
2025/04/10 16:24:31 [notice] 1#1: start worker process 37
2025/04/10 16:24:31 [notice] 1#1: start worker process 38
2025/04/10 16:24:31 [notice] 1#1: start worker process 39
2025/04/10 16:24:31 [notice] 1#1: start worker process 40
2025/04/10 16:24:31 [notice] 1#1: start worker process 41
2025/04/10 16:24:31 [notice] 1#1: start worker process 42
2025/04/10 16:24:31 [notice] 1#1: start worker process 43
2025/04/10 16:24:31 [notice] 1#1: start worker process 44
2025/04/10 17:17:20 [notice] 1#1: signal 3 (SIGQUIT) received, shutting down
2025/04/10 17:17:20 [notice] 30#30: gracefully shutting down
2025/04/10 17:17:20 [notice] 37#37: gracefully shutting down
2025/04/10 17:17:20 [notice] 33#33: gracefully shutting down
2025/04/10 17:17:20 [notice] 31#31: gracefully shutting down
2025/04/10 17:17:20 [notice] 32#32: gracefully shutting down
2025/04/10 17:17:20 [notice] 39#39: gracefully shutting down
2025/04/10 17:17:20 [notice] 42#42: gracefully shutting down
2025/04/10 17:17:20 [notice] 41#41: gracefully shutting down
2025/04/10 17:17:20 [notice] 38#38: gracefully shutting down
2025/04/10 17:17:20 [notice] 43#43: gracefully shutting down
2025/04/10 17:17:20 [notice] 29#29: gracefully shutting down
2025/04/10 17:17:20 [notice] 34#34: gracefully shutting down
2025/04/10 17:17:20 [notice] 41#41: exiting
2025/04/10 17:17:20 [notice] 44#44: gracefully shutting down
2025/04/10 17:17:20 [notice] 35#35: gracefully shutting down
2025/04/10 17:17:20 [notice] 40#40: gracefully shutting down
2025/04/10 17:17:20 [notice] 36#36: gracefully shutting down
2025/04/10 17:17:20 [notice] 31#31: exiting
2025/04/10 17:17:20 [notice] 30#30: exiting
2025/04/10 17:17:20 [notice] 37#37: exiting
2025/04/10 17:17:20 [notice] 33#33: exiting
2025/04/10 17:17:20 [notice] 36#36: exiting
2025/04/10 17:17:20 [notice] 32#32: exiting
2025/04/10 17:17:20 [notice] 39#39: exiting
2025/04/10 17:17:20 [notice] 42#42: exiting
2025/04/10 17:17:20 [notice] 38#38: exiting
2025/04/10 17:17:20 [notice] 43#43: exiting
2025/04/10 17:17:20 [notice] 34#34: exiting
2025/04/10 17:17:20 [notice] 29#29: exiting
2025/04/10 17:17:20 [notice] 44#44: exiting
2025/04/10 17:17:20 [notice] 39#39: exit
2025/04/10 17:17:20 [notice] 35#35: exiting
2025/04/10 17:17:20 [notice] 40#40: exiting
2025/04/10 17:17:20 [notice] 38#38: exit
2025/04/10 17:17:20 [notice] 34#34: exit
2025/04/10 17:17:20 [notice] 42#42: exit
2025/04/10 17:17:20 [notice] 43#43: exit
2025/04/10 17:17:20 [notice] 33#33: exit
2025/04/10 17:17:20 [notice] 37#37: exit
2025/04/10 17:17:20 [notice] 41#41: exit
2025/04/10 17:17:20 [notice] 30#30: exit
2025/04/10 17:17:20 [notice] 32#32: exit
2025/04/10 17:17:20 [notice] 36#36: exit
2025/04/10 17:17:20 [notice] 29#29: exit
2025/04/10 17:17:20 [notice] 31#31: exit
2025/04/10 17:17:20 [notice] 44#44: exit
2025/04/10 17:17:20 [notice] 40#40: exit
2025/04/10 17:17:20 [notice] 35#35: exit
2025/04/10 17:17:20 [notice] 1#1: signal 17 (SIGCHLD) received from 40
2025/04/10 17:17:20 [notice] 1#1: worker process 36 exited with code 0
2025/04/10 17:17:20 [notice] 1#1: worker process 40 exited with code 0
2025/04/10 17:17:20 [notice] 1#1: worker process 42 exited with code 0
2025/04/10 17:17:20 [notice] 1#1: signal 29 (SIGIO) received
2025/04/10 17:17:20 [notice] 1#1: signal 17 (SIGCHLD) received from 36
2025/04/10 17:17:20 [notice] 1#1: signal 17 (SIGCHLD) received from 31
2025/04/10 17:17:20 [notice] 1#1: worker process 31 exited with code 0
2025/04/10 17:17:20 [notice] 1#1: signal 29 (SIGIO) received
2025/04/10 17:17:20 [notice] 1#1: signal 17 (SIGCHLD) received from 37
2025/04/10 17:17:20 [notice] 1#1: worker process 30 exited with code 0
2025/04/10 17:17:20 [notice] 1#1: worker process 37 exited with code 0
2025/04/10 17:17:20 [notice] 1#1: worker process 41 exited with code 0
2025/04/10 17:17:20 [notice] 1#1: signal 29 (SIGIO) received
2025/04/10 17:17:20 [notice] 1#1: signal 17 (SIGCHLD) received from 30
2025/04/10 17:17:20 [notice] 1#1: signal 17 (SIGCHLD) received from 44
2025/04/10 17:17:20 [notice] 1#1: worker process 32 exited with code 0
2025/04/10 17:17:20 [notice] 1#1: worker process 35 exited with code 0
2025/04/10 17:17:20 [notice] 1#1: worker process 43 exited with code 0
2025/04/10 17:17:20 [notice] 1#1: worker process 44 exited with code 0
2025/04/10 17:17:20 [notice] 1#1: signal 29 (SIGIO) received
2025/04/10 17:17:20 [notice] 1#1: signal 17 (SIGCHLD) received from 34
2025/04/10 17:17:20 [notice] 1#1: worker process 33 exited with code 0
2025/04/10 17:17:20 [notice] 1#1: worker process 34 exited with code 0
2025/04/10 17:17:20 [notice] 1#1: signal 29 (SIGIO) received
2025/04/10 17:17:20 [notice] 1#1: signal 17 (SIGCHLD) received from 33
2025/04/10 17:17:20 [notice] 1#1: signal 17 (SIGCHLD) received from 29
2025/04/10 17:17:20 [notice] 1#1: worker process 29 exited with code 0
2025/04/10 17:17:20 [notice] 1#1: signal 29 (SIGIO) received
2025/04/10 17:17:20 [notice] 1#1: signal 17 (SIGCHLD) received from 38
2025/04/10 17:17:20 [notice] 1#1: worker process 38 exited with code 0
2025/04/10 17:17:20 [notice] 1#1: worker process 39 exited with code 0
2025/04/10 17:17:20 [notice] 1#1: exit
2025/04/10 17:17:28 [notice] 1#1: using the "epoll" event method
2025/04/10 17:17:28 [notice] 1#1: nginx/1.27.4
2025/04/10 17:17:28 [notice] 1#1: built by gcc 14.2.0 (Alpine 14.2.0) 
2025/04/10 17:17:28 [notice] 1#1: OS: Linux 5.15.167.4-microsoft-standard-WSL2
2025/04/10 17:17:28 [notice] 1#1: getrlimit(RLIMIT_NOFILE): 1048576:1048576
2025/04/10 17:17:28 [notice] 1#1: start worker processes
2025/04/10 17:17:28 [notice] 1#1: start worker process 29
2025/04/10 17:17:28 [notice] 1#1: start worker process 30
2025/04/10 17:17:28 [notice] 1#1: start worker process 31
2025/04/10 17:17:28 [notice] 1#1: start worker process 32
2025/04/10 17:17:28 [notice] 1#1: start worker process 33
2025/04/10 17:17:28 [notice] 1#1: start worker process 34
2025/04/10 17:17:28 [notice] 1#1: start worker process 35
2025/04/10 17:17:28 [notice] 1#1: start worker process 36
2025/04/10 17:17:28 [notice] 1#1: start worker process 37
2025/04/10 17:17:28 [notice] 1#1: start worker process 38
2025/04/10 17:17:28 [notice] 1#1: start worker process 39
2025/04/10 17:17:28 [notice] 1#1: start worker process 40
2025/04/10 17:17:28 [notice] 1#1: start worker process 41
2025/04/10 17:17:28 [notice] 1#1: start worker process 42
2025/04/10 17:17:28 [notice] 1#1: start worker process 43
2025/04/10 17:17:28 [notice] 1#1: start worker process 44
2025/04/10 17:17:55 [notice] 1#1: signal 3 (SIGQUIT) received, shutting down
2025/04/10 17:17:55 [notice] 29#29: gracefully shutting down
2025/04/10 17:17:55 [notice] 30#30: gracefully shutting down
2025/04/10 17:17:55 [notice] 31#31: gracefully shutting down
2025/04/10 17:17:55 [notice] 33#33: gracefully shutting down
2025/04/10 17:17:55 [notice] 32#32: gracefully shutting down
2025/04/10 17:17:55 [notice] 34#34: gracefully shutting down
2025/04/10 17:17:55 [notice] 36#36: gracefully shutting down
2025/04/10 17:17:55 [notice] 37#37: gracefully shutting down
2025/04/10 17:17:55 [notice] 35#35: gracefully shutting down
2025/04/10 17:17:55 [notice] 40#40: gracefully shutting down
2025/04/10 17:17:55 [notice] 39#39: gracefully shutting down
2025/04/10 17:17:55 [notice] 41#41: gracefully shutting down
2025/04/10 17:17:55 [notice] 38#38: gracefully shutting down
2025/04/10 17:17:55 [notice] 43#43: gracefully shutting down
2025/04/10 17:17:55 [notice] 42#42: gracefully shutting down
2025/04/10 17:17:55 [notice] 44#44: gracefully shutting down
2025/04/10 17:17:55 [notice] 29#29: exiting
2025/04/10 17:17:55 [notice] 30#30: exiting
2025/04/10 17:17:55 [notice] 31#31: exiting
2025/04/10 17:17:55 [notice] 33#33: exiting
2025/04/10 17:17:55 [notice] 32#32: exiting
2025/04/10 17:17:55 [notice] 34#34: exiting
2025/04/10 17:17:55 [notice] 36#36: exiting
2025/04/10 17:17:55 [notice] 37#37: exiting
2025/04/10 17:17:55 [notice] 35#35: exiting
2025/04/10 17:17:55 [notice] 40#40: exiting
2025/04/10 17:17:55 [notice] 39#39: exiting
2025/04/10 17:17:55 [notice] 41#41: exiting
2025/04/10 17:17:55 [notice] 38#38: exiting
2025/04/10 17:17:55 [notice] 43#43: exiting
2025/04/10 17:17:55 [notice] 42#42: exiting
2025/04/10 17:17:55 [notice] 44#44: exiting
2025/04/10 17:17:55 [notice] 29#29: exit
2025/04/10 17:17:55 [notice] 30#30: exit
2025/04/10 17:17:55 [notice] 31#31: exit
2025/04/10 17:17:55 [notice] 33#33: exit
2025/04/10 17:17:55 [notice] 32#32: exit
2025/04/10 17:17:55 [notice] 34#34: exit
2025/04/10 17:17:55 [notice] 36#36: exit
2025/04/10 17:17:55 [notice] 37#37: exit
2025/04/10 17:17:55 [notice] 35#35: exit
2025/04/10 17:17:55 [notice] 40#40: exit
2025/04/10 17:17:55 [notice] 39#39: exit
2025/04/10 17:17:55 [notice] 41#41: exit
2025/04/10 17:17:55 [notice] 38#38: exit
2025/04/10 17:17:55 [notice] 43#43: exit
2025/04/10 17:17:55 [notice] 42#42: exit
2025/04/10 17:17:55 [notice] 44#44: exit
2025/04/10 17:17:55 [notice] 1#1: signal 17 (SIGCHLD) received from 42
2025/04/10 17:17:55 [notice] 1#1: worker process 42 exited with code 0
2025/04/10 17:17:55 [notice] 1#1: worker process 44 exited with code 0
2025/04/10 17:17:55 [notice] 1#1: signal 29 (SIGIO) received
2025/04/10 17:17:55 [notice] 1#1: signal 17 (SIGCHLD) received from 44
2025/04/10 17:17:55 [notice] 1#1: signal 17 (SIGCHLD) received from 34
2025/04/10 17:17:55 [notice] 1#1: worker process 29 exited with code 0
2025/04/10 17:17:55 [notice] 1#1: worker process 31 exited with code 0
2025/04/10 17:17:55 [notice] 1#1: worker process 33 exited with code 0
2025/04/10 17:17:55 [notice] 1#1: worker process 34 exited with code 0
2025/04/10 17:17:55 [notice] 1#1: worker process 36 exited with code 0
2025/04/10 17:17:55 [notice] 1#1: worker process 38 exited with code 0
2025/04/10 17:17:55 [notice] 1#1: worker process 41 exited with code 0
2025/04/10 17:17:55 [notice] 1#1: signal 29 (SIGIO) received
2025/04/10 17:17:55 [notice] 1#1: signal 17 (SIGCHLD) received from 29
2025/04/10 17:17:55 [notice] 1#1: signal 17 (SIGCHLD) received from 40
2025/04/10 17:17:55 [notice] 1#1: worker process 39 exited with code 0
2025/04/10 17:17:55 [notice] 1#1: worker process 40 exited with code 0
2025/04/10 17:17:55 [notice] 1#1: signal 29 (SIGIO) received
2025/04/10 17:17:55 [notice] 1#1: signal 17 (SIGCHLD) received from 35
2025/04/10 17:17:55 [notice] 1#1: worker process 30 exited with code 0
2025/04/10 17:17:55 [notice] 1#1: worker process 32 exited with code 0
2025/04/10 17:17:55 [notice] 1#1: worker process 35 exited with code 0
2025/04/10 17:17:55 [notice] 1#1: worker process 43 exited with code 0
2025/04/10 17:17:55 [notice] 1#1: signal 29 (SIGIO) received
2025/04/10 17:17:55 [notice] 1#1: signal 17 (SIGCHLD) received from 37
2025/04/10 17:17:55 [notice] 1#1: worker process 37 exited with code 0
2025/04/10 17:17:55 [notice] 1#1: exit
2025/04/10 18:13:47 [notice] 1#1: using the "epoll" event method
2025/04/10 18:13:47 [notice] 1#1: nginx/1.27.4
2025/04/10 18:13:47 [notice] 1#1: built by gcc 14.2.0 (Alpine 14.2.0) 
2025/04/10 18:13:47 [notice] 1#1: OS: Linux 5.15.167.4-microsoft-standard-WSL2
2025/04/10 18:13:47 [notice] 1#1: getrlimit(RLIMIT_NOFILE): 1048576:1048576
2025/04/10 18:13:47 [notice] 1#1: start worker processes
2025/04/10 18:13:47 [notice] 1#1: start worker process 29
2025/04/10 18:13:47 [notice] 1#1: start worker process 30
2025/04/10 18:13:47 [notice] 1#1: start worker process 31
2025/04/10 18:13:47 [notice] 1#1: start worker process 32
2025/04/10 18:13:47 [notice] 1#1: start worker process 33
2025/04/10 18:13:47 [notice] 1#1: start worker process 34
2025/04/10 18:13:47 [notice] 1#1: start worker process 35
2025/04/10 18:13:47 [notice] 1#1: start worker process 36
2025/04/10 18:13:47 [notice] 1#1: start worker process 37
2025/04/10 18:13:47 [notice] 1#1: start worker process 38
2025/04/10 18:13:47 [notice] 1#1: start worker process 39
2025/04/10 18:13:47 [notice] 1#1: start worker process 40
2025/04/10 18:13:47 [notice] 1#1: start worker process 41
2025/04/10 18:13:47 [notice] 1#1: start worker process 42
2025/04/10 18:13:47 [notice] 1#1: start worker process 43
2025/04/10 18:13:47 [notice] 1#1: start worker process 44
2025/04/10 18:15:21 [notice] 1#1: signal 3 (SIGQUIT) received, shutting down
2025/04/10 18:15:21 [notice] 29#29: gracefully shutting down
2025/04/10 18:15:21 [notice] 35#35: gracefully shutting down
2025/04/10 18:15:21 [notice] 30#30: gracefully shutting down
2025/04/10 18:15:21 [notice] 32#32: gracefully shutting down
2025/04/10 18:15:21 [notice] 34#34: gracefully shutting down
2025/04/10 18:15:21 [notice] 33#33: gracefully shutting down
2025/04/10 18:15:21 [notice] 37#37: gracefully shutting down
2025/04/10 18:15:21 [notice] 31#31: gracefully shutting down
2025/04/10 18:15:21 [notice] 38#38: gracefully shutting down
2025/04/10 18:15:21 [notice] 36#36: gracefully shutting down
2025/04/10 18:15:21 [notice] 40#40: gracefully shutting down
2025/04/10 18:15:21 [notice] 41#41: gracefully shutting down
2025/04/10 18:15:21 [notice] 39#39: gracefully shutting down
2025/04/10 18:15:21 [notice] 43#43: gracefully shutting down
2025/04/10 18:15:21 [notice] 42#42: gracefully shutting down
2025/04/10 18:15:21 [notice] 44#44: gracefully shutting down
2025/04/10 18:15:21 [notice] 29#29: exiting
2025/04/10 18:15:21 [notice] 35#35: exiting
2025/04/10 18:15:21 [notice] 30#30: exiting
2025/04/10 18:15:21 [notice] 32#32: exiting
2025/04/10 18:15:21 [notice] 34#34: exiting
2025/04/10 18:15:21 [notice] 33#33: exiting
2025/04/10 18:15:21 [notice] 37#37: exiting
2025/04/10 18:15:21 [notice] 31#31: exiting
2025/04/10 18:15:21 [notice] 38#38: exiting
2025/04/10 18:15:21 [notice] 36#36: exiting
2025/04/10 18:15:21 [notice] 40#40: exiting
2025/04/10 18:15:21 [notice] 41#41: exiting
2025/04/10 18:15:21 [notice] 39#39: exiting
2025/04/10 18:15:21 [notice] 43#43: exiting
2025/04/10 18:15:21 [notice] 42#42: exiting
2025/04/10 18:15:21 [notice] 44#44: exiting
2025/04/10 18:15:21 [notice] 29#29: exit
2025/04/10 18:15:21 [notice] 35#35: exit
2025/04/10 18:15:21 [notice] 30#30: exit
2025/04/10 18:15:21 [notice] 32#32: exit
2025/04/10 18:15:21 [notice] 34#34: exit
2025/04/10 18:15:21 [notice] 33#33: exit
2025/04/10 18:15:21 [notice] 37#37: exit
2025/04/10 18:15:21 [notice] 31#31: exit
2025/04/10 18:15:21 [notice] 38#38: exit
2025/04/10 18:15:21 [notice] 36#36: exit
2025/04/10 18:15:21 [notice] 40#40: exit
2025/04/10 18:15:21 [notice] 41#41: exit
2025/04/10 18:15:21 [notice] 39#39: exit
2025/04/10 18:15:21 [notice] 43#43: exit
2025/04/10 18:15:21 [notice] 42#42: exit
2025/04/10 18:15:21 [notice] 44#44: exit
2025/04/10 18:15:21 [notice] 1#1: signal 3 (SIGQUIT) received, shutting down
2025/04/10 18:15:22 [notice] 1#1: signal 17 (SIGCHLD) received from 39
2025/04/10 18:15:22 [notice] 1#1: worker process 30 exited with code 0
2025/04/10 18:15:22 [notice] 1#1: worker process 32 exited with code 0
2025/04/10 18:15:22 [notice] 1#1: worker process 33 exited with code 0
2025/04/10 18:15:22 [notice] 1#1: worker process 39 exited with code 0
2025/04/10 18:15:22 [notice] 1#1: worker process 41 exited with code 0
2025/04/10 18:15:22 [notice] 1#1: worker process 42 exited with code 0
2025/04/10 18:15:22 [notice] 1#1: worker process 43 exited with code 0
2025/04/10 18:15:22 [notice] 1#1: signal 29 (SIGIO) received
2025/04/10 18:15:22 [notice] 1#1: signal 17 (SIGCHLD) received from 30
2025/04/10 18:15:22 [notice] 1#1: signal 17 (SIGCHLD) received from 29
2025/04/10 18:15:22 [notice] 1#1: worker process 29 exited with code 0
2025/04/10 18:15:22 [notice] 1#1: worker process 35 exited with code 0
2025/04/10 18:15:22 [notice] 1#1: worker process 36 exited with code 0
2025/04/10 18:15:22 [notice] 1#1: worker process 38 exited with code 0
2025/04/10 18:15:22 [notice] 1#1: signal 29 (SIGIO) received
2025/04/10 18:15:22 [notice] 1#1: signal 17 (SIGCHLD) received from 36
2025/04/10 18:15:22 [notice] 1#1: signal 17 (SIGCHLD) received from 31
2025/04/10 18:15:22 [notice] 1#1: worker process 31 exited with code 0
2025/04/10 18:15:22 [notice] 1#1: signal 29 (SIGIO) received
2025/04/10 18:15:22 [notice] 1#1: signal 17 (SIGCHLD) received from 37
2025/04/10 18:15:22 [notice] 1#1: worker process 34 exited with code 0
2025/04/10 18:15:22 [notice] 1#1: worker process 37 exited with code 0
2025/04/10 18:15:22 [notice] 1#1: worker process 40 exited with code 0
2025/04/10 18:15:22 [notice] 1#1: worker process 44 exited with code 0
2025/04/10 18:15:22 [notice] 1#1: exit
2025/04/10 18:15:33 [notice] 1#1: using the "epoll" event method
2025/04/10 18:15:33 [notice] 1#1: nginx/1.27.4
2025/04/10 18:15:33 [notice] 1#1: built by gcc 14.2.0 (Alpine 14.2.0) 
2025/04/10 18:15:33 [notice] 1#1: OS: Linux 5.15.167.4-microsoft-standard-WSL2
2025/04/10 18:15:33 [notice] 1#1: getrlimit(RLIMIT_NOFILE): 1048576:1048576
2025/04/10 18:15:33 [notice] 1#1: start worker processes
2025/04/10 18:15:33 [notice] 1#1: start worker process 29
2025/04/10 18:15:33 [notice] 1#1: start worker process 30
2025/04/10 18:15:33 [notice] 1#1: start worker process 31
2025/04/10 18:15:33 [notice] 1#1: start worker process 32
2025/04/10 18:15:33 [notice] 1#1: start worker process 33
2025/04/10 18:15:33 [notice] 1#1: start worker process 34
2025/04/10 18:15:33 [notice] 1#1: start worker process 35
2025/04/10 18:15:33 [notice] 1#1: start worker process 36
2025/04/10 18:15:33 [notice] 1#1: start worker process 37
2025/04/10 18:15:33 [notice] 1#1: start worker process 38
2025/04/10 18:15:33 [notice] 1#1: start worker process 39
2025/04/10 18:15:33 [notice] 1#1: start worker process 40
2025/04/10 18:15:33 [notice] 1#1: start worker process 41
2025/04/10 18:15:33 [notice] 1#1: start worker process 42
2025/04/10 18:15:33 [notice] 1#1: start worker process 43
2025/04/10 18:15:33 [notice] 1#1: start worker process 44
2025/04/11 02:27:13 [emerg] 1#1: host not found in upstream "frontend" in /etc/nginx/conf.d/default.conf:12
2025/04/11 02:27:21 [emerg] 1#1: host not found in upstream "frontend" in /etc/nginx/conf.d/default.conf:12
2025/04/11 02:27:29 [emerg] 1#1: host not found in upstream "frontend" in /etc/nginx/conf.d/default.conf:12
2025/04/11 02:27:36 [emerg] 1#1: host not found in upstream "frontend" in /etc/nginx/conf.d/default.conf:12
2025/04/11 02:27:43 [emerg] 1#1: host not found in upstream "frontend" in /etc/nginx/conf.d/default.conf:12
2025/04/11 02:38:55 [notice] 1#1: using the "epoll" event method
2025/04/11 02:38:55 [notice] 1#1: nginx/1.27.4
2025/04/11 02:38:55 [notice] 1#1: built by gcc 14.2.0 (Alpine 14.2.0) 
2025/04/11 02:38:55 [notice] 1#1: OS: Linux 5.15.167.4-microsoft-standard-WSL2
2025/04/11 02:38:55 [notice] 1#1: getrlimit(RLIMIT_NOFILE): 1048576:1048576
2025/04/11 02:38:55 [notice] 1#1: start worker processes
2025/04/11 02:38:55 [notice] 1#1: start worker process 29
2025/04/11 02:38:55 [notice] 1#1: start worker process 30
2025/04/11 02:38:55 [notice] 1#1: start worker process 31
2025/04/11 02:38:55 [notice] 1#1: start worker process 32
2025/04/11 02:38:55 [notice] 1#1: start worker process 33
2025/04/11 02:38:55 [notice] 1#1: start worker process 34
2025/04/11 02:38:55 [notice] 1#1: start worker process 35
2025/04/11 02:38:55 [notice] 1#1: start worker process 36
2025/04/11 02:38:55 [notice] 1#1: start worker process 37
2025/04/11 02:38:55 [notice] 1#1: start worker process 38
2025/04/11 02:38:55 [notice] 1#1: start worker process 39
2025/04/11 02:38:55 [notice] 1#1: start worker process 40
2025/04/11 02:38:55 [notice] 1#1: start worker process 41
2025/04/11 02:38:55 [notice] 1#1: start worker process 42
2025/04/11 02:38:55 [notice] 1#1: start worker process 43
2025/04/11 02:38:55 [notice] 1#1: start worker process 44
2025/04/11 03:56:16 [notice] 1#1: using the "epoll" event method
2025/04/11 03:56:16 [notice] 1#1: nginx/1.27.4
2025/04/11 03:56:16 [notice] 1#1: built by gcc 14.2.0 (Alpine 14.2.0) 
2025/04/11 03:56:16 [notice] 1#1: OS: Linux 5.15.167.4-microsoft-standard-WSL2
2025/04/11 03:56:16 [notice] 1#1: getrlimit(RLIMIT_NOFILE): 1048576:1048576
2025/04/11 03:56:16 [notice] 1#1: start worker processes
2025/04/11 03:56:16 [notice] 1#1: start worker process 29
2025/04/11 03:56:16 [notice] 1#1: start worker process 30
2025/04/11 03:56:16 [notice] 1#1: start worker process 31
2025/04/11 03:56:16 [notice] 1#1: start worker process 32
2025/04/11 03:56:16 [notice] 1#1: start worker process 33
2025/04/11 03:56:16 [notice] 1#1: start worker process 34
2025/04/11 03:56:16 [notice] 1#1: start worker process 35
2025/04/11 03:56:16 [notice] 1#1: start worker process 36
2025/04/11 03:56:16 [notice] 1#1: start worker process 37
2025/04/11 03:56:16 [notice] 1#1: start worker process 38
2025/04/11 03:56:16 [notice] 1#1: start worker process 39
2025/04/11 03:56:16 [notice] 1#1: start worker process 40
2025/04/11 03:56:16 [notice] 1#1: start worker process 41
2025/04/11 03:56:16 [notice] 1#1: start worker process 42
2025/04/11 03:56:16 [notice] 1#1: start worker process 43
2025/04/11 03:56:16 [notice] 1#1: start worker process 44
2025/04/11 03:58:38 [notice] 1#1: signal 3 (SIGQUIT) received, shutting down
2025/04/11 03:58:38 [notice] 29#29: gracefully shutting down
2025/04/11 03:58:38 [notice] 30#30: gracefully shutting down
2025/04/11 03:58:38 [notice] 31#31: gracefully shutting down
2025/04/11 03:58:38 [notice] 32#32: gracefully shutting down
2025/04/11 03:58:38 [notice] 33#33: gracefully shutting down
2025/04/11 03:58:38 [notice] 35#35: gracefully shutting down
2025/04/11 03:58:38 [notice] 36#36: gracefully shutting down
2025/04/11 03:58:38 [notice] 34#34: gracefully shutting down
2025/04/11 03:58:38 [notice] 37#37: gracefully shutting down
2025/04/11 03:58:38 [notice] 40#40: gracefully shutting down
2025/04/11 03:58:38 [notice] 38#38: gracefully shutting down
2025/04/11 03:58:38 [notice] 41#41: gracefully shutting down
2025/04/11 03:58:38 [notice] 43#43: gracefully shutting down
2025/04/11 03:58:38 [notice] 39#39: gracefully shutting down
2025/04/11 03:58:38 [notice] 42#42: gracefully shutting down
2025/04/11 03:58:38 [notice] 44#44: gracefully shutting down
2025/04/11 03:58:38 [notice] 29#29: exiting
2025/04/11 03:58:38 [notice] 30#30: exiting
2025/04/11 03:58:38 [notice] 31#31: exiting
2025/04/11 03:58:38 [notice] 32#32: exiting
2025/04/11 03:58:38 [notice] 33#33: exiting
2025/04/11 03:58:38 [notice] 35#35: exiting
2025/04/11 03:58:38 [notice] 36#36: exiting
2025/04/11 03:58:38 [notice] 34#34: exiting
2025/04/11 03:58:38 [notice] 37#37: exiting
2025/04/11 03:58:38 [notice] 40#40: exiting
2025/04/11 03:58:38 [notice] 38#38: exiting
2025/04/11 03:58:38 [notice] 41#41: exiting
2025/04/11 03:58:38 [notice] 43#43: exiting
2025/04/11 03:58:38 [notice] 39#39: exiting
2025/04/11 03:58:38 [notice] 42#42: exiting
2025/04/11 03:58:38 [notice] 44#44: exiting
2025/04/11 03:58:38 [notice] 29#29: exit
2025/04/11 03:58:38 [notice] 30#30: exit
2025/04/11 03:58:38 [notice] 31#31: exit
2025/04/11 03:58:38 [notice] 32#32: exit
2025/04/11 03:58:38 [notice] 33#33: exit
2025/04/11 03:58:38 [notice] 36#36: exit
2025/04/11 03:58:38 [notice] 35#35: exit
2025/04/11 03:58:38 [notice] 34#34: exit
2025/04/11 03:58:38 [notice] 37#37: exit
2025/04/11 03:58:38 [notice] 40#40: exit
2025/04/11 03:58:38 [notice] 38#38: exit
2025/04/11 03:58:38 [notice] 41#41: exit
2025/04/11 03:58:38 [notice] 43#43: exit
2025/04/11 03:58:38 [notice] 39#39: exit
2025/04/11 03:58:38 [notice] 42#42: exit
2025/04/11 03:58:38 [notice] 44#44: exit
2025/04/11 03:58:38 [notice] 1#1: signal 17 (SIGCHLD) received from 31
2025/04/11 03:58:38 [notice] 1#1: worker process 31 exited with code 0
2025/04/11 03:58:38 [notice] 1#1: signal 29 (SIGIO) received
2025/04/11 03:58:38 [notice] 1#1: signal 17 (SIGCHLD) received from 43
2025/04/11 03:58:38 [notice] 1#1: worker process 32 exited with code 0
2025/04/11 03:58:38 [notice] 1#1: worker process 33 exited with code 0
2025/04/11 03:58:38 [notice] 1#1: worker process 34 exited with code 0
2025/04/11 03:58:38 [notice] 1#1: worker process 42 exited with code 0
2025/04/11 03:58:38 [notice] 1#1: worker process 43 exited with code 0
2025/04/11 03:58:38 [notice] 1#1: signal 29 (SIGIO) received
2025/04/11 03:58:38 [notice] 1#1: signal 17 (SIGCHLD) received from 35
2025/04/11 03:58:38 [notice] 1#1: worker process 35 exited with code 0
2025/04/11 03:58:38 [notice] 1#1: worker process 36 exited with code 0
2025/04/11 03:58:38 [notice] 1#1: worker process 39 exited with code 0
2025/04/11 03:58:38 [notice] 1#1: worker process 40 exited with code 0
2025/04/11 03:58:38 [notice] 1#1: signal 29 (SIGIO) received
2025/04/11 03:58:38 [notice] 1#1: signal 17 (SIGCHLD) received from 29
2025/04/11 03:58:38 [notice] 1#1: worker process 29 exited with code 0
2025/04/11 03:58:38 [notice] 1#1: worker process 30 exited with code 0
2025/04/11 03:58:38 [notice] 1#1: worker process 37 exited with code 0
2025/04/11 03:58:38 [notice] 1#1: worker process 38 exited with code 0
2025/04/11 03:58:38 [notice] 1#1: signal 29 (SIGIO) received
2025/04/11 03:58:38 [notice] 1#1: signal 17 (SIGCHLD) received from 44
2025/04/11 03:58:38 [notice] 1#1: worker process 41 exited with code 0
2025/04/11 03:58:38 [notice] 1#1: worker process 44 exited with code 0
2025/04/11 03:58:38 [notice] 1#1: exit
2025/04/11 04:58:49 [notice] 1#1: using the "epoll" event method
2025/04/11 04:58:49 [notice] 1#1: nginx/1.27.4
2025/04/11 04:58:49 [notice] 1#1: built by gcc 14.2.0 (Alpine 14.2.0) 
2025/04/11 04:58:49 [notice] 1#1: OS: Linux 5.15.167.4-microsoft-standard-WSL2
2025/04/11 04:58:49 [notice] 1#1: getrlimit(RLIMIT_NOFILE): 1048576:1048576
2025/04/11 04:58:49 [notice] 1#1: start worker processes
2025/04/11 04:58:49 [notice] 1#1: start worker process 29
2025/04/11 04:58:49 [notice] 1#1: start worker process 30
2025/04/11 04:58:49 [notice] 1#1: start worker process 31
2025/04/11 04:58:49 [notice] 1#1: start worker process 32
2025/04/11 04:58:49 [notice] 1#1: start worker process 33
2025/04/11 04:58:49 [notice] 1#1: start worker process 34
2025/04/11 04:58:49 [notice] 1#1: start worker process 35
2025/04/11 04:58:49 [notice] 1#1: start worker process 36
2025/04/11 04:58:49 [notice] 1#1: start worker process 37
2025/04/11 04:58:49 [notice] 1#1: start worker process 38
2025/04/11 04:58:49 [notice] 1#1: start worker process 39
2025/04/11 04:58:49 [notice] 1#1: start worker process 40
2025/04/11 04:58:49 [notice] 1#1: start worker process 41
2025/04/11 04:58:49 [notice] 1#1: start worker process 42
2025/04/11 04:58:49 [notice] 1#1: start worker process 43
2025/04/11 04:58:49 [notice] 1#1: start worker process 44
2025/04/11 07:02:16 [notice] 1#1: signal 3 (SIGQUIT) received, shutting down
2025/04/11 07:02:16 [notice] 29#29: gracefully shutting down
2025/04/11 07:02:16 [notice] 34#34: gracefully shutting down
2025/04/11 07:02:16 [notice] 31#31: gracefully shutting down
2025/04/11 07:02:16 [notice] 30#30: gracefully shutting down
2025/04/11 07:02:16 [notice] 36#36: gracefully shutting down
2025/04/11 07:02:16 [notice] 33#33: gracefully shutting down
2025/04/11 07:02:16 [notice] 32#32: gracefully shutting down
2025/04/11 07:02:16 [notice] 41#41: gracefully shutting down
2025/04/11 07:02:16 [notice] 40#40: gracefully shutting down
2025/04/11 07:02:16 [notice] 42#42: gracefully shutting down
2025/04/11 07:02:16 [notice] 39#39: gracefully shutting down
2025/04/11 07:02:16 [notice] 44#44: gracefully shutting down
2025/04/11 07:02:16 [notice] 37#37: gracefully shutting down
2025/04/11 07:02:16 [notice] 33#33: exiting
2025/04/11 07:02:16 [notice] 43#43: gracefully shutting down
2025/04/11 07:02:16 [notice] 35#35: gracefully shutting down
2025/04/11 07:02:16 [notice] 29#29: exiting
2025/04/11 07:02:16 [notice] 31#31: exiting
2025/04/11 07:02:16 [notice] 34#34: exiting
2025/04/11 07:02:16 [notice] 38#38: gracefully shutting down
2025/04/11 07:02:16 [notice] 30#30: exiting
2025/04/11 07:02:16 [notice] 43#43: exiting
2025/04/11 07:02:16 [notice] 32#32: exiting
2025/04/11 07:02:16 [notice] 41#41: exiting
2025/04/11 07:02:16 [notice] 40#40: exiting
2025/04/11 07:02:16 [notice] 39#39: exiting
2025/04/11 07:02:16 [notice] 36#36: exiting
2025/04/11 07:02:16 [notice] 44#44: exiting
2025/04/11 07:02:16 [notice] 42#42: exiting
2025/04/11 07:02:16 [notice] 37#37: exiting
2025/04/11 07:02:16 [notice] 42#42: exit
2025/04/11 07:02:16 [notice] 32#32: exit
2025/04/11 07:02:16 [notice] 39#39: exit
2025/04/11 07:02:16 [notice] 35#35: exiting
2025/04/11 07:02:16 [notice] 36#36: exit
2025/04/11 07:02:16 [notice] 31#31: exit
2025/04/11 07:02:16 [notice] 43#43: exit
2025/04/11 07:02:16 [notice] 34#34: exit
2025/04/11 07:02:16 [notice] 29#29: exit
2025/04/11 07:02:16 [notice] 41#41: exit
2025/04/11 07:02:16 [notice] 44#44: exit
2025/04/11 07:02:16 [notice] 30#30: exit
2025/04/11 07:02:16 [notice] 33#33: exit
2025/04/11 07:02:16 [notice] 40#40: exit
2025/04/11 07:02:16 [notice] 37#37: exit
2025/04/11 07:02:16 [notice] 38#38: exiting
2025/04/11 07:02:16 [notice] 35#35: exit
2025/04/11 07:02:16 [notice] 38#38: exit
2025/04/11 07:02:16 [notice] 1#1: signal 17 (SIGCHLD) received from 31
2025/04/11 07:02:16 [notice] 1#1: worker process 30 exited with code 0
2025/04/11 07:02:16 [notice] 1#1: worker process 31 exited with code 0
2025/04/11 07:02:16 [notice] 1#1: worker process 35 exited with code 0
2025/04/11 07:02:16 [notice] 1#1: signal 29 (SIGIO) received
2025/04/11 07:02:16 [notice] 1#1: signal 17 (SIGCHLD) received from 29
2025/04/11 07:02:16 [notice] 1#1: worker process 29 exited with code 0
2025/04/11 07:02:16 [notice] 1#1: worker process 42 exited with code 0
2025/04/11 07:02:16 [notice] 1#1: signal 29 (SIGIO) received
2025/04/11 07:02:16 [notice] 1#1: signal 17 (SIGCHLD) received from 42
2025/04/11 07:02:16 [notice] 1#1: worker process 43 exited with code 0
2025/04/11 07:02:16 [notice] 1#1: signal 29 (SIGIO) received
2025/04/11 07:02:16 [notice] 1#1: signal 17 (SIGCHLD) received from 33
2025/04/11 07:02:16 [notice] 1#1: worker process 33 exited with code 0
2025/04/11 07:02:16 [notice] 1#1: worker process 39 exited with code 0
2025/04/11 07:02:16 [notice] 1#1: signal 29 (SIGIO) received
2025/04/11 07:02:16 [notice] 1#1: signal 17 (SIGCHLD) received from 39
2025/04/11 07:02:16 [notice] 1#1: signal 17 (SIGCHLD) received from 40
2025/04/11 07:02:16 [notice] 1#1: worker process 36 exited with code 0
2025/04/11 07:02:16 [notice] 1#1: worker process 40 exited with code 0
2025/04/11 07:02:16 [notice] 1#1: signal 29 (SIGIO) received
2025/04/11 07:02:16 [notice] 1#1: signal 17 (SIGCHLD) received from 41
2025/04/11 07:02:16 [notice] 1#1: worker process 41 exited with code 0
2025/04/11 07:02:16 [notice] 1#1: worker process 44 exited with code 0
2025/04/11 07:02:16 [notice] 1#1: signal 29 (SIGIO) received
2025/04/11 07:02:16 [notice] 1#1: signal 17 (SIGCHLD) received from 44
2025/04/11 07:02:16 [notice] 1#1: signal 17 (SIGCHLD) received from 37
2025/04/11 07:02:16 [notice] 1#1: worker process 32 exited with code 0
2025/04/11 07:02:16 [notice] 1#1: worker process 37 exited with code 0
2025/04/11 07:02:16 [notice] 1#1: signal 29 (SIGIO) received
2025/04/11 07:02:16 [notice] 1#1: signal 17 (SIGCHLD) received from 34
2025/04/11 07:02:16 [notice] 1#1: worker process 34 exited with code 0
2025/04/11 07:02:16 [notice] 1#1: worker process 38 exited with code 0
2025/04/11 07:02:16 [notice] 1#1: exit
2025/04/11 07:22:40 [notice] 1#1: using the "epoll" event method
2025/04/11 07:22:40 [notice] 1#1: nginx/1.27.4
2025/04/11 07:22:40 [notice] 1#1: built by gcc 14.2.0 (Alpine 14.2.0) 
2025/04/11 07:22:40 [notice] 1#1: OS: Linux 5.15.167.4-microsoft-standard-WSL2
2025/04/11 07:22:40 [notice] 1#1: getrlimit(RLIMIT_NOFILE): 1048576:1048576
2025/04/11 07:22:40 [notice] 1#1: start worker processes
2025/04/11 07:22:40 [notice] 1#1: start worker process 29
2025/04/11 07:22:40 [notice] 1#1: start worker process 30
2025/04/11 07:22:40 [notice] 1#1: start worker process 31
2025/04/11 07:22:40 [notice] 1#1: start worker process 32
2025/04/11 07:22:40 [notice] 1#1: start worker process 33
2025/04/11 07:22:40 [notice] 1#1: start worker process 34
2025/04/11 07:22:40 [notice] 1#1: start worker process 35
2025/04/11 07:22:40 [notice] 1#1: start worker process 36
2025/04/11 07:22:40 [notice] 1#1: start worker process 37
2025/04/11 07:22:40 [notice] 1#1: start worker process 38
2025/04/11 07:22:40 [notice] 1#1: start worker process 39
2025/04/11 07:22:40 [notice] 1#1: start worker process 40
2025/04/11 07:22:40 [notice] 1#1: start worker process 41
2025/04/11 07:22:40 [notice] 1#1: start worker process 42
2025/04/11 07:22:40 [notice] 1#1: start worker process 43
2025/04/11 07:22:40 [notice] 1#1: start worker process 44
2025/04/11 07:28:36 [notice] 1#1: signal 3 (SIGQUIT) received, shutting down
2025/04/11 07:28:36 [notice] 30#30: gracefully shutting down
2025/04/11 07:28:36 [notice] 31#31: gracefully shutting down
2025/04/11 07:28:36 [notice] 33#33: gracefully shutting down
2025/04/11 07:28:36 [notice] 36#36: gracefully shutting down
2025/04/11 07:28:36 [notice] 34#34: gracefully shutting down
2025/04/11 07:28:36 [notice] 38#38: gracefully shutting down
2025/04/11 07:28:36 [notice] 35#35: gracefully shutting down
2025/04/11 07:28:36 [notice] 37#37: gracefully shutting down
2025/04/11 07:28:36 [notice] 40#40: gracefully shutting down
2025/04/11 07:28:36 [notice] 32#32: gracefully shutting down
2025/04/11 07:28:36 [notice] 39#39: gracefully shutting down
2025/04/11 07:28:36 [notice] 42#42: gracefully shutting down
2025/04/11 07:28:36 [notice] 44#44: gracefully shutting down
2025/04/11 07:28:36 [notice] 41#41: gracefully shutting down
2025/04/11 07:28:36 [notice] 43#43: gracefully shutting down
2025/04/11 07:28:36 [notice] 29#29: gracefully shutting down
2025/04/11 07:28:36 [notice] 30#30: exiting
2025/04/11 07:28:36 [notice] 31#31: exiting
2025/04/11 07:28:36 [notice] 33#33: exiting
2025/04/11 07:28:36 [notice] 36#36: exiting
2025/04/11 07:28:36 [notice] 34#34: exiting
2025/04/11 07:28:36 [notice] 38#38: exiting
2025/04/11 07:28:36 [notice] 35#35: exiting
2025/04/11 07:28:36 [notice] 37#37: exiting
2025/04/11 07:28:36 [notice] 40#40: exiting
2025/04/11 07:28:36 [notice] 32#32: exiting
2025/04/11 07:28:36 [notice] 39#39: exiting
2025/04/11 07:28:36 [notice] 42#42: exiting
2025/04/11 07:28:36 [notice] 44#44: exiting
2025/04/11 07:28:36 [notice] 41#41: exiting
2025/04/11 07:28:36 [notice] 43#43: exiting
2025/04/11 07:28:36 [notice] 29#29: exiting
2025/04/11 07:28:36 [notice] 30#30: exit
2025/04/11 07:28:36 [notice] 31#31: exit
2025/04/11 07:28:36 [notice] 33#33: exit
2025/04/11 07:28:36 [notice] 36#36: exit
2025/04/11 07:28:36 [notice] 34#34: exit
2025/04/11 07:28:36 [notice] 38#38: exit
2025/04/11 07:28:36 [notice] 35#35: exit
2025/04/11 07:28:36 [notice] 37#37: exit
2025/04/11 07:28:36 [notice] 40#40: exit
2025/04/11 07:28:36 [notice] 32#32: exit
2025/04/11 07:28:36 [notice] 39#39: exit
2025/04/11 07:28:36 [notice] 42#42: exit
2025/04/11 07:28:36 [notice] 44#44: exit
2025/04/11 07:28:36 [notice] 41#41: exit
2025/04/11 07:28:36 [notice] 43#43: exit
2025/04/11 07:28:36 [notice] 29#29: exit
2025/04/11 07:28:37 [notice] 1#1: signal 17 (SIGCHLD) received from 37
2025/04/11 07:28:37 [notice] 1#1: worker process 30 exited with code 0
2025/04/11 07:28:37 [notice] 1#1: worker process 37 exited with code 0
2025/04/11 07:28:37 [notice] 1#1: worker process 44 exited with code 0
2025/04/11 07:28:37 [notice] 1#1: signal 29 (SIGIO) received
2025/04/11 07:28:37 [notice] 1#1: signal 17 (SIGCHLD) received from 33
2025/04/11 07:28:37 [notice] 1#1: worker process 33 exited with code 0
2025/04/11 07:28:37 [notice] 1#1: signal 29 (SIGIO) received
2025/04/11 07:28:37 [notice] 1#1: signal 17 (SIGCHLD) received from 35
2025/04/11 07:28:37 [notice] 1#1: worker process 35 exited with code 0
2025/04/11 07:28:37 [notice] 1#1: signal 29 (SIGIO) received
2025/04/11 07:28:37 [notice] 1#1: signal 17 (SIGCHLD) received from 29
2025/04/11 07:28:37 [notice] 1#1: worker process 29 exited with code 0
2025/04/11 07:28:37 [notice] 1#1: worker process 36 exited with code 0
2025/04/11 07:28:37 [notice] 1#1: worker process 39 exited with code 0
2025/04/11 07:28:37 [notice] 1#1: worker process 41 exited with code 0
2025/04/11 07:28:37 [notice] 1#1: worker process 42 exited with code 0
2025/04/11 07:28:37 [notice] 1#1: worker process 43 exited with code 0
2025/04/11 07:28:37 [notice] 1#1: signal 29 (SIGIO) received
2025/04/11 07:28:37 [notice] 1#1: signal 17 (SIGCHLD) received from 42
2025/04/11 07:28:37 [notice] 1#1: signal 17 (SIGCHLD) received from 38
2025/04/11 07:28:37 [notice] 1#1: worker process 38 exited with code 0
2025/04/11 07:28:37 [notice] 1#1: signal 29 (SIGIO) received
2025/04/11 07:28:37 [notice] 1#1: signal 17 (SIGCHLD) received from 32
2025/04/11 07:28:37 [notice] 1#1: worker process 31 exited with code 0
2025/04/11 07:28:37 [notice] 1#1: worker process 32 exited with code 0
2025/04/11 07:28:37 [notice] 1#1: worker process 40 exited with code 0
2025/04/11 07:28:37 [notice] 1#1: signal 29 (SIGIO) received
2025/04/11 07:28:37 [notice] 1#1: signal 17 (SIGCHLD) received from 34
2025/04/11 07:28:37 [notice] 1#1: worker process 34 exited with code 0
2025/04/11 07:28:37 [notice] 1#1: exit
2025/04/11 07:30:45 [notice] 1#1: using the "epoll" event method
2025/04/11 07:30:45 [notice] 1#1: nginx/1.27.4
2025/04/11 07:30:45 [notice] 1#1: built by gcc 14.2.0 (Alpine 14.2.0) 
2025/04/11 07:30:45 [notice] 1#1: OS: Linux 5.15.167.4-microsoft-standard-WSL2
2025/04/11 07:30:45 [notice] 1#1: getrlimit(RLIMIT_NOFILE): 1048576:1048576
2025/04/11 07:30:45 [notice] 1#1: start worker processes
2025/04/11 07:30:45 [notice] 1#1: start worker process 29
2025/04/11 07:30:45 [notice] 1#1: start worker process 30
2025/04/11 07:30:45 [notice] 1#1: start worker process 31
2025/04/11 07:30:45 [notice] 1#1: start worker process 32
2025/04/11 07:30:45 [notice] 1#1: start worker process 33
2025/04/11 07:30:45 [notice] 1#1: start worker process 34
2025/04/11 07:30:45 [notice] 1#1: start worker process 35
2025/04/11 07:30:45 [notice] 1#1: start worker process 36
2025/04/11 07:30:45 [notice] 1#1: start worker process 37
2025/04/11 07:30:45 [notice] 1#1: start worker process 38
2025/04/11 07:30:45 [notice] 1#1: start worker process 39
2025/04/11 07:30:45 [notice] 1#1: start worker process 40
2025/04/11 07:30:45 [notice] 1#1: start worker process 41
2025/04/11 07:30:45 [notice] 1#1: start worker process 42
2025/04/11 07:30:45 [notice] 1#1: start worker process 43
2025/04/11 07:30:45 [notice] 1#1: start worker process 44
2025/04/11 07:32:51 [notice] 1#1: signal 3 (SIGQUIT) received, shutting down
2025/04/11 07:32:51 [notice] 29#29: gracefully shutting down
2025/04/11 07:32:51 [notice] 31#31: gracefully shutting down
2025/04/11 07:32:51 [notice] 32#32: gracefully shutting down
2025/04/11 07:32:51 [notice] 30#30: gracefully shutting down
2025/04/11 07:32:51 [notice] 34#34: gracefully shutting down
2025/04/11 07:32:51 [notice] 33#33: gracefully shutting down
2025/04/11 07:32:51 [notice] 35#35: gracefully shutting down
2025/04/11 07:32:51 [notice] 36#36: gracefully shutting down
2025/04/11 07:32:51 [notice] 38#38: gracefully shutting down
2025/04/11 07:32:51 [notice] 37#37: gracefully shutting down
2025/04/11 07:32:51 [notice] 39#39: gracefully shutting down
2025/04/11 07:32:51 [notice] 40#40: gracefully shutting down
2025/04/11 07:32:51 [notice] 41#41: gracefully shutting down
2025/04/11 07:32:51 [notice] 41#41: exiting
2025/04/11 07:32:51 [notice] 43#43: gracefully shutting down
2025/04/11 07:32:51 [notice] 42#42: gracefully shutting down
2025/04/11 07:32:51 [notice] 44#44: gracefully shutting down
2025/04/11 07:32:51 [notice] 29#29: exiting
2025/04/11 07:32:51 [notice] 31#31: exiting
2025/04/11 07:32:51 [notice] 32#32: exiting
2025/04/11 07:32:51 [notice] 30#30: exiting
2025/04/11 07:32:51 [notice] 34#34: exiting
2025/04/11 07:32:51 [notice] 33#33: exiting
2025/04/11 07:32:51 [notice] 35#35: exiting
2025/04/11 07:32:51 [notice] 36#36: exiting
2025/04/11 07:32:51 [notice] 38#38: exiting
2025/04/11 07:32:51 [notice] 37#37: exiting
2025/04/11 07:32:51 [notice] 39#39: exiting
2025/04/11 07:32:51 [notice] 40#40: exiting
2025/04/11 07:32:51 [notice] 41#41: exit
2025/04/11 07:32:51 [notice] 43#43: exiting
2025/04/11 07:32:51 [notice] 42#42: exiting
2025/04/11 07:32:51 [notice] 44#44: exiting
2025/04/11 07:32:51 [notice] 29#29: exit
2025/04/11 07:32:51 [notice] 31#31: exit
2025/04/11 07:32:51 [notice] 32#32: exit
2025/04/11 07:32:51 [notice] 30#30: exit
2025/04/11 07:32:51 [notice] 34#34: exit
2025/04/11 07:32:51 [notice] 33#33: exit
2025/04/11 07:32:51 [notice] 35#35: exit
2025/04/11 07:32:51 [notice] 36#36: exit
2025/04/11 07:32:51 [notice] 38#38: exit
2025/04/11 07:32:51 [notice] 37#37: exit
2025/04/11 07:32:51 [notice] 39#39: exit
2025/04/11 07:32:51 [notice] 40#40: exit
2025/04/11 07:32:51 [notice] 43#43: exit
2025/04/11 07:32:51 [notice] 42#42: exit
2025/04/11 07:32:51 [notice] 44#44: exit
2025/04/11 07:32:51 [notice] 1#1: signal 17 (SIGCHLD) received from 29
2025/04/11 07:32:51 [notice] 1#1: worker process 29 exited with code 0
2025/04/11 07:32:51 [notice] 1#1: worker process 34 exited with code 0
2025/04/11 07:32:51 [notice] 1#1: worker process 42 exited with code 0
2025/04/11 07:32:51 [notice] 1#1: signal 29 (SIGIO) received
2025/04/11 07:32:51 [notice] 1#1: signal 17 (SIGCHLD) received from 38
2025/04/11 07:32:51 [notice] 1#1: worker process 38 exited with code 0
2025/04/11 07:32:51 [notice] 1#1: signal 29 (SIGIO) received
2025/04/11 07:32:51 [notice] 1#1: signal 17 (SIGCHLD) received from 40
2025/04/11 07:32:51 [notice] 1#1: worker process 31 exited with code 0
2025/04/11 07:32:51 [notice] 1#1: worker process 35 exited with code 0
2025/04/11 07:32:51 [notice] 1#1: worker process 36 exited with code 0
2025/04/11 07:32:51 [notice] 1#1: worker process 40 exited with code 0
2025/04/11 07:32:51 [notice] 1#1: signal 29 (SIGIO) received
2025/04/11 07:32:51 [notice] 1#1: signal 17 (SIGCHLD) received from 35
2025/04/11 07:32:51 [notice] 1#1: signal 17 (SIGCHLD) received from 30
2025/04/11 07:32:51 [notice] 1#1: worker process 30 exited with code 0
2025/04/11 07:32:51 [notice] 1#1: worker process 33 exited with code 0
2025/04/11 07:32:51 [notice] 1#1: worker process 39 exited with code 0
2025/04/11 07:32:51 [notice] 1#1: worker process 44 exited with code 0
2025/04/11 07:32:51 [notice] 1#1: signal 29 (SIGIO) received
2025/04/11 07:32:51 [notice] 1#1: signal 17 (SIGCHLD) received from 33
2025/04/11 07:32:51 [notice] 1#1: signal 17 (SIGCHLD) received from 43
2025/04/11 07:32:51 [notice] 1#1: worker process 32 exited with code 0
2025/04/11 07:32:51 [notice] 1#1: worker process 41 exited with code 0
2025/04/11 07:32:51 [notice] 1#1: worker process 43 exited with code 0
2025/04/11 07:32:51 [notice] 1#1: signal 29 (SIGIO) received
2025/04/11 07:32:51 [notice] 1#1: signal 17 (SIGCHLD) received from 37
2025/04/11 07:32:51 [notice] 1#1: worker process 37 exited with code 0
2025/04/11 07:32:51 [notice] 1#1: exit
2025/04/11 07:33:14 [notice] 1#1: using the "epoll" event method
2025/04/11 07:33:14 [notice] 1#1: nginx/1.27.4
2025/04/11 07:33:14 [notice] 1#1: built by gcc 14.2.0 (Alpine 14.2.0) 
2025/04/11 07:33:14 [notice] 1#1: OS: Linux 5.15.167.4-microsoft-standard-WSL2
2025/04/11 07:33:14 [notice] 1#1: getrlimit(RLIMIT_NOFILE): 1048576:1048576
2025/04/11 07:33:14 [notice] 1#1: start worker processes
2025/04/11 07:33:14 [notice] 1#1: start worker process 29
2025/04/11 07:33:14 [notice] 1#1: start worker process 30
2025/04/11 07:33:14 [notice] 1#1: start worker process 31
2025/04/11 07:33:14 [notice] 1#1: start worker process 32
2025/04/11 07:33:14 [notice] 1#1: start worker process 33
2025/04/11 07:33:14 [notice] 1#1: start worker process 34
2025/04/11 07:33:14 [notice] 1#1: start worker process 35
2025/04/11 07:33:14 [notice] 1#1: start worker process 36
2025/04/11 07:33:14 [notice] 1#1: start worker process 37
2025/04/11 07:33:14 [notice] 1#1: start worker process 38
2025/04/11 07:33:14 [notice] 1#1: start worker process 39
2025/04/11 07:33:14 [notice] 1#1: start worker process 40
2025/04/11 07:33:14 [notice] 1#1: start worker process 41
2025/04/11 07:33:14 [notice] 1#1: start worker process 42
2025/04/11 07:33:14 [notice] 1#1: start worker process 43
2025/04/11 07:33:14 [notice] 1#1: start worker process 44
2025/04/11 07:34:13 [notice] 1#1: signal 3 (SIGQUIT) received, shutting down
2025/04/11 07:34:13 [notice] 30#30: gracefully shutting down
2025/04/11 07:34:13 [notice] 38#38: gracefully shutting down
2025/04/11 07:34:13 [notice] 29#29: gracefully shutting down
2025/04/11 07:34:13 [notice] 32#32: gracefully shutting down
2025/04/11 07:34:13 [notice] 34#34: gracefully shutting down
2025/04/11 07:34:13 [notice] 33#33: gracefully shutting down
2025/04/11 07:34:13 [notice] 36#36: gracefully shutting down
2025/04/11 07:34:13 [notice] 39#39: gracefully shutting down
2025/04/11 07:34:13 [notice] 43#43: gracefully shutting down
2025/04/11 07:34:13 [notice] 40#40: gracefully shutting down
2025/04/11 07:34:13 [notice] 44#44: gracefully shutting down
2025/04/11 07:34:13 [notice] 31#31: gracefully shutting down
2025/04/11 07:34:13 [notice] 42#42: gracefully shutting down
2025/04/11 07:34:13 [notice] 35#35: gracefully shutting down
2025/04/11 07:34:13 [notice] 37#37: gracefully shutting down
2025/04/11 07:34:13 [notice] 41#41: gracefully shutting down
2025/04/11 07:34:13 [notice] 30#30: exiting
2025/04/11 07:34:13 [notice] 38#38: exiting
2025/04/11 07:34:13 [notice] 30#30: exit
2025/04/11 07:34:13 [notice] 29#29: exiting
2025/04/11 07:34:13 [notice] 32#32: exiting
2025/04/11 07:34:13 [notice] 34#34: exiting
2025/04/11 07:34:13 [notice] 33#33: exiting
2025/04/11 07:34:13 [notice] 36#36: exiting
2025/04/11 07:34:13 [notice] 39#39: exiting
2025/04/11 07:34:13 [notice] 43#43: exiting
2025/04/11 07:34:13 [notice] 40#40: exiting
2025/04/11 07:34:13 [notice] 44#44: exiting
2025/04/11 07:34:13 [notice] 31#31: exiting
2025/04/11 07:34:13 [notice] 42#42: exiting
2025/04/11 07:34:13 [notice] 35#35: exiting
2025/04/11 07:34:13 [notice] 37#37: exiting
2025/04/11 07:34:13 [notice] 41#41: exiting
2025/04/11 07:34:13 [notice] 38#38: exit
2025/04/11 07:34:13 [notice] 29#29: exit
2025/04/11 07:34:13 [notice] 32#32: exit
2025/04/11 07:34:13 [notice] 34#34: exit
2025/04/11 07:34:13 [notice] 33#33: exit
2025/04/11 07:34:13 [notice] 36#36: exit
2025/04/11 07:34:13 [notice] 39#39: exit
2025/04/11 07:34:13 [notice] 43#43: exit
2025/04/11 07:34:13 [notice] 40#40: exit
2025/04/11 07:34:13 [notice] 44#44: exit
2025/04/11 07:34:13 [notice] 31#31: exit
2025/04/11 07:34:13 [notice] 42#42: exit
2025/04/11 07:34:13 [notice] 35#35: exit
2025/04/11 07:34:13 [notice] 37#37: exit
2025/04/11 07:34:13 [notice] 41#41: exit
2025/04/11 07:34:13 [notice] 1#1: signal 17 (SIGCHLD) received from 32
2025/04/11 07:34:13 [notice] 1#1: worker process 32 exited with code 0
2025/04/11 07:34:13 [notice] 1#1: worker process 38 exited with code 0
2025/04/11 07:34:13 [notice] 1#1: signal 29 (SIGIO) received
2025/04/11 07:34:14 [notice] 1#1: signal 17 (SIGCHLD) received from 29
2025/04/11 07:34:14 [notice] 1#1: worker process 29 exited with code 0
2025/04/11 07:34:14 [notice] 1#1: worker process 31 exited with code 0
2025/04/11 07:34:14 [notice] 1#1: worker process 33 exited with code 0
2025/04/11 07:34:14 [notice] 1#1: worker process 35 exited with code 0
2025/04/11 07:34:14 [notice] 1#1: worker process 36 exited with code 0
2025/04/11 07:34:14 [notice] 1#1: worker process 37 exited with code 0
2025/04/11 07:34:14 [notice] 1#1: worker process 41 exited with code 0
2025/04/11 07:34:14 [notice] 1#1: worker process 42 exited with code 0
2025/04/11 07:34:14 [notice] 1#1: worker process 43 exited with code 0
2025/04/11 07:34:14 [notice] 1#1: signal 29 (SIGIO) received
2025/04/11 07:34:14 [notice] 1#1: signal 17 (SIGCHLD) received from 43
2025/04/11 07:34:14 [notice] 1#1: signal 17 (SIGCHLD) received from 39
2025/04/11 07:34:14 [notice] 1#1: worker process 30 exited with code 0
2025/04/11 07:34:14 [notice] 1#1: worker process 39 exited with code 0
2025/04/11 07:34:14 [notice] 1#1: worker process 44 exited with code 0
2025/04/11 07:34:14 [notice] 1#1: signal 29 (SIGIO) received
2025/04/11 07:34:14 [notice] 1#1: signal 17 (SIGCHLD) received from 44
2025/04/11 07:34:14 [notice] 1#1: signal 17 (SIGCHLD) received from 34
2025/04/11 07:34:14 [notice] 1#1: worker process 34 exited with code 0
2025/04/11 07:34:14 [notice] 1#1: worker process 40 exited with code 0
2025/04/11 07:34:14 [notice] 1#1: exit
2025/04/11 07:34:53 [notice] 1#1: using the "epoll" event method
2025/04/11 07:34:53 [notice] 1#1: nginx/1.27.4
2025/04/11 07:34:53 [notice] 1#1: built by gcc 14.2.0 (Alpine 14.2.0) 
2025/04/11 07:34:53 [notice] 1#1: OS: Linux 5.15.167.4-microsoft-standard-WSL2
2025/04/11 07:34:53 [notice] 1#1: getrlimit(RLIMIT_NOFILE): 1048576:1048576
2025/04/11 07:34:53 [notice] 1#1: start worker processes
2025/04/11 07:34:53 [notice] 1#1: start worker process 30
2025/04/11 07:34:53 [notice] 1#1: start worker process 31
2025/04/11 07:34:53 [notice] 1#1: start worker process 32
2025/04/11 07:34:53 [notice] 1#1: start worker process 33
2025/04/11 07:34:53 [notice] 1#1: start worker process 34
2025/04/11 07:34:53 [notice] 1#1: start worker process 35
2025/04/11 07:34:53 [notice] 1#1: start worker process 36
2025/04/11 07:34:53 [notice] 1#1: start worker process 37
2025/04/11 07:34:53 [notice] 1#1: start worker process 38
2025/04/11 07:34:53 [notice] 1#1: start worker process 39
2025/04/11 07:34:53 [notice] 1#1: start worker process 40
2025/04/11 07:34:53 [notice] 1#1: start worker process 41
2025/04/11 07:34:53 [notice] 1#1: start worker process 42
2025/04/11 07:34:53 [notice] 1#1: start worker process 43
2025/04/11 07:34:53 [notice] 1#1: start worker process 44
2025/04/11 07:34:53 [notice] 1#1: start worker process 45
2025/04/11 07:38:36 [notice] 1#1: signal 3 (SIGQUIT) received, shutting down
2025/04/11 07:38:36 [notice] 32#32: gracefully shutting down
2025/04/11 07:38:36 [notice] 31#31: gracefully shutting down
2025/04/11 07:38:36 [notice] 30#30: gracefully shutting down
2025/04/11 07:38:36 [notice] 35#35: gracefully shutting down
2025/04/11 07:38:36 [notice] 42#42: gracefully shutting down
2025/04/11 07:38:36 [notice] 33#33: gracefully shutting down
2025/04/11 07:38:36 [notice] 36#36: gracefully shutting down
2025/04/11 07:38:36 [notice] 43#43: gracefully shutting down
2025/04/11 07:38:36 [notice] 37#37: gracefully shutting down
2025/04/11 07:38:36 [notice] 34#34: gracefully shutting down
2025/04/11 07:38:36 [notice] 45#45: gracefully shutting down
2025/04/11 07:38:36 [notice] 44#44: gracefully shutting down
2025/04/11 07:38:36 [notice] 38#38: gracefully shutting down
2025/04/11 07:38:36 [notice] 39#39: gracefully shutting down
2025/04/11 07:38:36 [notice] 40#40: gracefully shutting down
2025/04/11 07:38:36 [notice] 41#41: gracefully shutting down
2025/04/11 07:38:36 [notice] 32#32: exiting
2025/04/11 07:38:36 [notice] 31#31: exiting
2025/04/11 07:38:36 [notice] 30#30: exiting
2025/04/11 07:38:36 [notice] 35#35: exiting
2025/04/11 07:38:36 [notice] 42#42: exiting
2025/04/11 07:38:36 [notice] 33#33: exiting
2025/04/11 07:38:36 [notice] 36#36: exiting
2025/04/11 07:38:36 [notice] 43#43: exiting
2025/04/11 07:38:36 [notice] 37#37: exiting
2025/04/11 07:38:36 [notice] 34#34: exiting
2025/04/11 07:38:36 [notice] 45#45: exiting
2025/04/11 07:38:36 [notice] 44#44: exiting
2025/04/11 07:38:36 [notice] 38#38: exiting
2025/04/11 07:38:36 [notice] 39#39: exiting
2025/04/11 07:38:36 [notice] 38#38: exit
2025/04/11 07:38:36 [notice] 40#40: exiting
2025/04/11 07:38:36 [notice] 41#41: exiting
2025/04/11 07:38:36 [notice] 32#32: exit
2025/04/11 07:38:36 [notice] 31#31: exit
2025/04/11 07:38:36 [notice] 30#30: exit
2025/04/11 07:38:36 [notice] 35#35: exit
2025/04/11 07:38:36 [notice] 42#42: exit
2025/04/11 07:38:36 [notice] 33#33: exit
2025/04/11 07:38:36 [notice] 36#36: exit
2025/04/11 07:38:36 [notice] 43#43: exit
2025/04/11 07:38:36 [notice] 37#37: exit
2025/04/11 07:38:36 [notice] 34#34: exit
2025/04/11 07:38:36 [notice] 45#45: exit
2025/04/11 07:38:36 [notice] 44#44: exit
2025/04/11 07:38:36 [notice] 39#39: exit
2025/04/11 07:38:36 [notice] 40#40: exit
2025/04/11 07:38:36 [notice] 41#41: exit
2025/04/11 07:38:36 [notice] 1#1: signal 3 (SIGQUIT) received, shutting down
2025/04/11 07:38:36 [notice] 1#1: signal 17 (SIGCHLD) received from 38
2025/04/11 07:38:36 [notice] 1#1: worker process 38 exited with code 0
2025/04/11 07:38:36 [notice] 1#1: worker process 42 exited with code 0
2025/04/11 07:38:36 [notice] 1#1: worker process 45 exited with code 0
2025/04/11 07:38:36 [notice] 1#1: signal 29 (SIGIO) received
2025/04/11 07:38:36 [notice] 1#1: signal 17 (SIGCHLD) received from 45
2025/04/11 07:38:36 [notice] 1#1: signal 17 (SIGCHLD) received from 35
2025/04/11 07:38:36 [notice] 1#1: worker process 32 exited with code 0
2025/04/11 07:38:36 [notice] 1#1: worker process 33 exited with code 0
2025/04/11 07:38:36 [notice] 1#1: worker process 34 exited with code 0
2025/04/11 07:38:36 [notice] 1#1: worker process 35 exited with code 0
2025/04/11 07:38:36 [notice] 1#1: worker process 37 exited with code 0
2025/04/11 07:38:36 [notice] 1#1: worker process 40 exited with code 0
2025/04/11 07:38:36 [notice] 1#1: worker process 41 exited with code 0
2025/04/11 07:38:36 [notice] 1#1: worker process 43 exited with code 0
2025/04/11 07:38:36 [notice] 1#1: worker process 44 exited with code 0
2025/04/11 07:38:36 [notice] 1#1: signal 29 (SIGIO) received
2025/04/11 07:38:36 [notice] 1#1: signal 17 (SIGCHLD) received from 41
2025/04/11 07:38:36 [notice] 1#1: signal 17 (SIGCHLD) received from 39
2025/04/11 07:38:36 [notice] 1#1: worker process 30 exited with code 0
2025/04/11 07:38:36 [notice] 1#1: worker process 39 exited with code 0
2025/04/11 07:38:36 [notice] 1#1: signal 29 (SIGIO) received
2025/04/11 07:38:36 [notice] 1#1: signal 17 (SIGCHLD) received from 31
2025/04/11 07:38:36 [notice] 1#1: worker process 31 exited with code 0
2025/04/11 07:38:36 [notice] 1#1: signal 29 (SIGIO) received
2025/04/11 07:38:37 [notice] 1#1: signal 17 (SIGCHLD) received from 36
2025/04/11 07:38:37 [notice] 1#1: worker process 36 exited with code 0
2025/04/11 07:38:37 [notice] 1#1: exit
2025/04/11 07:38:41 [notice] 1#1: using the "epoll" event method
2025/04/11 07:38:41 [notice] 1#1: nginx/1.27.4
2025/04/11 07:38:41 [notice] 1#1: built by gcc 14.2.0 (Alpine 14.2.0) 
2025/04/11 07:38:41 [notice] 1#1: OS: Linux 5.15.167.4-microsoft-standard-WSL2
2025/04/11 07:38:41 [notice] 1#1: getrlimit(RLIMIT_NOFILE): 1048576:1048576
2025/04/11 07:38:41 [notice] 1#1: start worker processes
2025/04/11 07:38:41 [notice] 1#1: start worker process 29
2025/04/11 07:38:41 [notice] 1#1: start worker process 30
2025/04/11 07:38:41 [notice] 1#1: start worker process 31
2025/04/11 07:38:41 [notice] 1#1: start worker process 32
2025/04/11 07:38:41 [notice] 1#1: start worker process 33
2025/04/11 07:38:41 [notice] 1#1: start worker process 34
2025/04/11 07:38:41 [notice] 1#1: start worker process 35
2025/04/11 07:38:41 [notice] 1#1: start worker process 36
2025/04/11 07:38:41 [notice] 1#1: start worker process 37
2025/04/11 07:38:41 [notice] 1#1: start worker process 38
2025/04/11 07:38:41 [notice] 1#1: start worker process 39
2025/04/11 07:38:41 [notice] 1#1: start worker process 40
2025/04/11 07:38:41 [notice] 1#1: start worker process 41
2025/04/11 07:38:41 [notice] 1#1: start worker process 42
2025/04/11 07:38:41 [notice] 1#1: start worker process 43
2025/04/11 07:38:41 [notice] 1#1: start worker process 44
2025/04/11 07:40:12 [notice] 1#1: signal 3 (SIGQUIT) received, shutting down
2025/04/11 07:40:12 [notice] 29#29: gracefully shutting down
2025/04/11 07:40:12 [notice] 31#31: gracefully shutting down
2025/04/11 07:40:12 [notice] 32#32: gracefully shutting down
2025/04/11 07:40:12 [notice] 33#33: gracefully shutting down
2025/04/11 07:40:12 [notice] 30#30: gracefully shutting down
2025/04/11 07:40:12 [notice] 35#35: gracefully shutting down
2025/04/11 07:40:12 [notice] 36#36: gracefully shutting down
2025/04/11 07:40:12 [notice] 38#38: gracefully shutting down
2025/04/11 07:40:12 [notice] 37#37: gracefully shutting down
2025/04/11 07:40:12 [notice] 39#39: gracefully shutting down
2025/04/11 07:40:12 [notice] 34#34: gracefully shutting down
2025/04/11 07:40:12 [notice] 41#41: gracefully shutting down
2025/04/11 07:40:12 [notice] 40#40: gracefully shutting down
2025/04/11 07:40:12 [notice] 43#43: gracefully shutting down
2025/04/11 07:40:12 [notice] 42#42: gracefully shutting down
2025/04/11 07:40:12 [notice] 44#44: gracefully shutting down
2025/04/11 07:40:12 [notice] 29#29: exiting
2025/04/11 07:40:12 [notice] 31#31: exiting
2025/04/11 07:40:12 [notice] 32#32: exiting
2025/04/11 07:40:12 [notice] 33#33: exiting
2025/04/11 07:40:12 [notice] 30#30: exiting
2025/04/11 07:40:12 [notice] 35#35: exiting
2025/04/11 07:40:12 [notice] 36#36: exiting
2025/04/11 07:40:12 [notice] 38#38: exiting
2025/04/11 07:40:12 [notice] 37#37: exiting
2025/04/11 07:40:12 [notice] 39#39: exiting
2025/04/11 07:40:12 [notice] 34#34: exiting
2025/04/11 07:40:12 [notice] 41#41: exiting
2025/04/11 07:40:12 [notice] 40#40: exiting
2025/04/11 07:40:12 [notice] 43#43: exiting
2025/04/11 07:40:12 [notice] 42#42: exiting
2025/04/11 07:40:12 [notice] 44#44: exiting
2025/04/11 07:40:12 [notice] 29#29: exit
2025/04/11 07:40:12 [notice] 31#31: exit
2025/04/11 07:40:12 [notice] 32#32: exit
2025/04/11 07:40:12 [notice] 33#33: exit
2025/04/11 07:40:12 [notice] 30#30: exit
2025/04/11 07:40:12 [notice] 35#35: exit
2025/04/11 07:40:12 [notice] 36#36: exit
2025/04/11 07:40:12 [notice] 38#38: exit
2025/04/11 07:40:12 [notice] 37#37: exit
2025/04/11 07:40:12 [notice] 39#39: exit
2025/04/11 07:40:12 [notice] 34#34: exit
2025/04/11 07:40:12 [notice] 41#41: exit
2025/04/11 07:40:12 [notice] 40#40: exit
2025/04/11 07:40:12 [notice] 43#43: exit
2025/04/11 07:40:12 [notice] 42#42: exit
2025/04/11 07:40:12 [notice] 44#44: exit
2025/04/11 07:40:12 [notice] 1#1: signal 17 (SIGCHLD) received from 34
2025/04/11 07:40:12 [notice] 1#1: worker process 34 exited with code 0
2025/04/11 07:40:12 [notice] 1#1: signal 29 (SIGIO) received
2025/04/11 07:40:12 [notice] 1#1: signal 17 (SIGCHLD) received from 38
2025/04/11 07:40:12 [notice] 1#1: worker process 29 exited with code 0
2025/04/11 07:40:12 [notice] 1#1: worker process 30 exited with code 0
2025/04/11 07:40:12 [notice] 1#1: worker process 33 exited with code 0
2025/04/11 07:40:12 [notice] 1#1: worker process 36 exited with code 0
2025/04/11 07:40:12 [notice] 1#1: worker process 38 exited with code 0
2025/04/11 07:40:12 [notice] 1#1: worker process 39 exited with code 0
2025/04/11 07:40:12 [notice] 1#1: worker process 40 exited with code 0
2025/04/11 07:40:12 [notice] 1#1: signal 29 (SIGIO) received
2025/04/11 07:40:12 [notice] 1#1: signal 17 (SIGCHLD) received from 29
2025/04/11 07:40:12 [notice] 1#1: signal 17 (SIGCHLD) received from 42
2025/04/11 07:40:12 [notice] 1#1: worker process 31 exited with code 0
2025/04/11 07:40:12 [notice] 1#1: worker process 35 exited with code 0
2025/04/11 07:40:12 [notice] 1#1: worker process 37 exited with code 0
2025/04/11 07:40:12 [notice] 1#1: worker process 41 exited with code 0
2025/04/11 07:40:12 [notice] 1#1: worker process 42 exited with code 0
2025/04/11 07:40:12 [notice] 1#1: worker process 43 exited with code 0
2025/04/11 07:40:12 [notice] 1#1: worker process 44 exited with code 0
2025/04/11 07:40:12 [notice] 1#1: signal 29 (SIGIO) received
2025/04/11 07:40:12 [notice] 1#1: signal 17 (SIGCHLD) received from 32
2025/04/11 07:40:12 [notice] 1#1: worker process 32 exited with code 0
2025/04/11 07:40:12 [notice] 1#1: exit
2025/04/11 07:40:37 [notice] 1#1: using the "epoll" event method
2025/04/11 07:40:37 [notice] 1#1: nginx/1.27.4
2025/04/11 07:40:37 [notice] 1#1: built by gcc 14.2.0 (Alpine 14.2.0) 
2025/04/11 07:40:37 [notice] 1#1: OS: Linux 5.15.167.4-microsoft-standard-WSL2
2025/04/11 07:40:37 [notice] 1#1: getrlimit(RLIMIT_NOFILE): 1048576:1048576
2025/04/11 07:40:37 [notice] 1#1: start worker processes
2025/04/11 07:40:37 [notice] 1#1: start worker process 30
2025/04/11 07:40:37 [notice] 1#1: start worker process 31
2025/04/11 07:40:37 [notice] 1#1: start worker process 32
2025/04/11 07:40:37 [notice] 1#1: start worker process 33
2025/04/11 07:40:37 [notice] 1#1: start worker process 34
2025/04/11 07:40:37 [notice] 1#1: start worker process 35
2025/04/11 07:40:37 [notice] 1#1: start worker process 36
2025/04/11 07:40:37 [notice] 1#1: start worker process 37
2025/04/11 07:40:37 [notice] 1#1: start worker process 38
2025/04/11 07:40:37 [notice] 1#1: start worker process 39
2025/04/11 07:40:37 [notice] 1#1: start worker process 40
2025/04/11 07:40:37 [notice] 1#1: start worker process 41
2025/04/11 07:40:37 [notice] 1#1: start worker process 42
2025/04/11 07:40:37 [notice] 1#1: start worker process 43
2025/04/11 07:40:37 [notice] 1#1: start worker process 44
2025/04/11 07:40:37 [notice] 1#1: start worker process 45
2025/04/11 07:41:17 [notice] 1#1: signal 3 (SIGQUIT) received, shutting down
2025/04/11 07:41:17 [notice] 30#30: gracefully shutting down
2025/04/11 07:41:17 [notice] 38#38: gracefully shutting down
2025/04/11 07:41:17 [notice] 31#31: gracefully shutting down
2025/04/11 07:41:17 [notice] 31#31: exiting
2025/04/11 07:41:17 [notice] 32#32: gracefully shutting down
2025/04/11 07:41:17 [notice] 33#33: gracefully shutting down
2025/04/11 07:41:17 [notice] 34#34: gracefully shutting down
2025/04/11 07:41:17 [notice] 35#35: gracefully shutting down
2025/04/11 07:41:17 [notice] 36#36: gracefully shutting down
2025/04/11 07:41:17 [notice] 37#37: gracefully shutting down
2025/04/11 07:41:17 [notice] 39#39: gracefully shutting down
2025/04/11 07:41:17 [notice] 40#40: gracefully shutting down
2025/04/11 07:41:17 [notice] 41#41: gracefully shutting down
2025/04/11 07:41:17 [notice] 43#43: gracefully shutting down
2025/04/11 07:41:17 [notice] 42#42: gracefully shutting down
2025/04/11 07:41:17 [notice] 44#44: gracefully shutting down
2025/04/11 07:41:17 [notice] 30#30: exiting
2025/04/11 07:41:17 [notice] 45#45: gracefully shutting down
2025/04/11 07:41:17 [notice] 38#38: exiting
2025/04/11 07:41:17 [notice] 31#31: exit
2025/04/11 07:41:17 [notice] 32#32: exiting
2025/04/11 07:41:17 [notice] 33#33: exiting
2025/04/11 07:41:17 [notice] 34#34: exiting
2025/04/11 07:41:17 [notice] 35#35: exiting
2025/04/11 07:41:17 [notice] 36#36: exiting
2025/04/11 07:41:17 [notice] 37#37: exiting
2025/04/11 07:41:17 [notice] 39#39: exiting
2025/04/11 07:41:17 [notice] 40#40: exiting
2025/04/11 07:41:17 [notice] 41#41: exiting
2025/04/11 07:41:17 [notice] 43#43: exiting
2025/04/11 07:41:17 [notice] 42#42: exiting
2025/04/11 07:41:17 [notice] 44#44: exiting
2025/04/11 07:41:17 [notice] 30#30: exit
2025/04/11 07:41:17 [notice] 45#45: exiting
2025/04/11 07:41:17 [notice] 38#38: exit
2025/04/11 07:41:17 [notice] 32#32: exit
2025/04/11 07:41:17 [notice] 33#33: exit
2025/04/11 07:41:17 [notice] 34#34: exit
2025/04/11 07:41:17 [notice] 35#35: exit
2025/04/11 07:41:17 [notice] 36#36: exit
2025/04/11 07:41:17 [notice] 37#37: exit
2025/04/11 07:41:17 [notice] 39#39: exit
2025/04/11 07:41:17 [notice] 40#40: exit
2025/04/11 07:41:17 [notice] 41#41: exit
2025/04/11 07:41:17 [notice] 43#43: exit
2025/04/11 07:41:17 [notice] 42#42: exit
2025/04/11 07:41:17 [notice] 44#44: exit
2025/04/11 07:41:17 [notice] 45#45: exit
2025/04/11 07:41:17 [notice] 1#1: signal 17 (SIGCHLD) received from 32
2025/04/11 07:41:17 [notice] 1#1: worker process 30 exited with code 0
2025/04/11 07:41:17 [notice] 1#1: worker process 31 exited with code 0
2025/04/11 07:41:17 [notice] 1#1: worker process 32 exited with code 0
2025/04/11 07:41:17 [notice] 1#1: worker process 34 exited with code 0
2025/04/11 07:41:17 [notice] 1#1: worker process 35 exited with code 0
2025/04/11 07:41:17 [notice] 1#1: worker process 36 exited with code 0
2025/04/11 07:41:17 [notice] 1#1: worker process 38 exited with code 0
2025/04/11 07:41:17 [notice] 1#1: worker process 40 exited with code 0
2025/04/11 07:41:17 [notice] 1#1: worker process 41 exited with code 0
2025/04/11 07:41:17 [notice] 1#1: worker process 43 exited with code 0
2025/04/11 07:41:17 [notice] 1#1: worker process 44 exited with code 0
2025/04/11 07:41:17 [notice] 1#1: signal 29 (SIGIO) received
2025/04/11 07:41:17 [notice] 1#1: signal 17 (SIGCHLD) received from 36
2025/04/11 07:41:17 [notice] 1#1: signal 17 (SIGCHLD) received from 42
2025/04/11 07:41:17 [notice] 1#1: worker process 33 exited with code 0
2025/04/11 07:41:17 [notice] 1#1: worker process 42 exited with code 0
2025/04/11 07:41:17 [notice] 1#1: signal 29 (SIGIO) received
2025/04/11 07:41:17 [notice] 1#1: signal 17 (SIGCHLD) received from 33
2025/04/11 07:41:17 [notice] 1#1: signal 17 (SIGCHLD) received from 39
2025/04/11 07:41:17 [notice] 1#1: worker process 39 exited with code 0
2025/04/11 07:41:17 [notice] 1#1: signal 29 (SIGIO) received
2025/04/11 07:41:17 [notice] 1#1: signal 17 (SIGCHLD) received from 37
2025/04/11 07:41:17 [notice] 1#1: worker process 37 exited with code 0
2025/04/11 07:41:17 [notice] 1#1: signal 29 (SIGIO) received
2025/04/11 07:41:17 [notice] 1#1: signal 17 (SIGCHLD) received from 45
2025/04/11 07:41:17 [notice] 1#1: worker process 45 exited with code 0
2025/04/11 07:41:17 [notice] 1#1: exit
2025/04/11 07:42:07 [notice] 1#1: using the "epoll" event method
2025/04/11 07:42:07 [notice] 1#1: nginx/1.27.4
2025/04/11 07:42:07 [notice] 1#1: built by gcc 14.2.0 (Alpine 14.2.0) 
2025/04/11 07:42:07 [notice] 1#1: OS: Linux 5.15.167.4-microsoft-standard-WSL2
2025/04/11 07:42:07 [notice] 1#1: getrlimit(RLIMIT_NOFILE): 1048576:1048576
2025/04/11 07:42:07 [notice] 1#1: start worker processes
2025/04/11 07:42:07 [notice] 1#1: start worker process 29
2025/04/11 07:42:07 [notice] 1#1: start worker process 30
2025/04/11 07:42:07 [notice] 1#1: start worker process 31
2025/04/11 07:42:07 [notice] 1#1: start worker process 32
2025/04/11 07:42:07 [notice] 1#1: start worker process 33
2025/04/11 07:42:07 [notice] 1#1: start worker process 34
2025/04/11 07:42:07 [notice] 1#1: start worker process 35
2025/04/11 07:42:07 [notice] 1#1: start worker process 36
2025/04/11 07:42:07 [notice] 1#1: start worker process 37
2025/04/11 07:42:07 [notice] 1#1: start worker process 38
2025/04/11 07:42:07 [notice] 1#1: start worker process 39
2025/04/11 07:42:07 [notice] 1#1: start worker process 40
2025/04/11 07:42:07 [notice] 1#1: start worker process 41
2025/04/11 07:42:07 [notice] 1#1: start worker process 42
2025/04/11 07:42:07 [notice] 1#1: start worker process 43
2025/04/11 07:42:07 [notice] 1#1: start worker process 44
2025/04/11 08:58:26 [notice] 1#1: using the "epoll" event method
2025/04/11 08:58:26 [notice] 1#1: nginx/1.27.4
2025/04/11 08:58:26 [notice] 1#1: built by gcc 14.2.0 (Alpine 14.2.0) 
2025/04/11 08:58:26 [notice] 1#1: OS: Linux 5.15.167.4-microsoft-standard-WSL2
2025/04/11 08:58:26 [notice] 1#1: getrlimit(RLIMIT_NOFILE): 1048576:1048576
2025/04/11 08:58:26 [notice] 1#1: start worker processes
2025/04/11 08:58:26 [notice] 1#1: start worker process 29
2025/04/11 08:58:26 [notice] 1#1: start worker process 30
2025/04/11 08:58:26 [notice] 1#1: start worker process 31
2025/04/11 08:58:26 [notice] 1#1: start worker process 32
2025/04/11 08:58:26 [notice] 1#1: start worker process 33
2025/04/11 08:58:26 [notice] 1#1: start worker process 34
2025/04/11 08:58:26 [notice] 1#1: start worker process 35
2025/04/11 08:58:26 [notice] 1#1: start worker process 36
2025/04/11 08:58:26 [notice] 1#1: start worker process 37
2025/04/11 08:58:26 [notice] 1#1: start worker process 38
2025/04/11 08:58:26 [notice] 1#1: start worker process 39
2025/04/11 08:58:26 [notice] 1#1: start worker process 40
2025/04/11 08:58:26 [notice] 1#1: start worker process 41
2025/04/11 08:58:26 [notice] 1#1: start worker process 42
2025/04/11 08:58:26 [notice] 1#1: start worker process 43
2025/04/11 08:58:26 [notice] 1#1: start worker process 44
2025/04/11 09:05:03 [notice] 1#1: signal 3 (SIGQUIT) received, shutting down
2025/04/11 09:05:03 [notice] 29#29: gracefully shutting down
2025/04/11 09:05:03 [notice] 30#30: gracefully shutting down
2025/04/11 09:05:03 [notice] 41#41: gracefully shutting down
2025/04/11 09:05:03 [notice] 31#31: gracefully shutting down
2025/04/11 09:05:03 [notice] 32#32: gracefully shutting down
2025/04/11 09:05:03 [notice] 33#33: gracefully shutting down
2025/04/11 09:05:03 [notice] 34#34: gracefully shutting down
2025/04/11 09:05:03 [notice] 35#35: gracefully shutting down
2025/04/11 09:05:03 [notice] 29#29: exiting
2025/04/11 09:05:03 [notice] 36#36: gracefully shutting down
2025/04/11 09:05:03 [notice] 37#37: gracefully shutting down
2025/04/11 09:05:03 [notice] 38#38: gracefully shutting down
2025/04/11 09:05:03 [notice] 39#39: gracefully shutting down
2025/04/11 09:05:03 [notice] 40#40: gracefully shutting down
2025/04/11 09:05:03 [notice] 42#42: gracefully shutting down
2025/04/11 09:05:03 [notice] 43#43: gracefully shutting down
2025/04/11 09:05:03 [notice] 43#43: exiting
2025/04/11 09:05:03 [notice] 44#44: gracefully shutting down
2025/04/11 09:05:03 [notice] 30#30: exiting
2025/04/11 09:05:03 [notice] 44#44: exiting
2025/04/11 09:05:03 [notice] 41#41: exiting
2025/04/11 09:05:03 [notice] 31#31: exiting
2025/04/11 09:05:03 [notice] 32#32: exiting
2025/04/11 09:05:03 [notice] 33#33: exiting
2025/04/11 09:05:03 [notice] 34#34: exiting
2025/04/11 09:05:03 [notice] 35#35: exiting
2025/04/11 09:05:03 [notice] 29#29: exit
2025/04/11 09:05:03 [notice] 36#36: exiting
2025/04/11 09:05:03 [notice] 37#37: exiting
2025/04/11 09:05:03 [notice] 38#38: exiting
2025/04/11 09:05:03 [notice] 39#39: exiting
2025/04/11 09:05:03 [notice] 40#40: exiting
2025/04/11 09:05:03 [notice] 42#42: exiting
2025/04/11 09:05:03 [notice] 43#43: exit
2025/04/11 09:05:03 [notice] 30#30: exit
2025/04/11 09:05:03 [notice] 44#44: exit
2025/04/11 09:05:03 [notice] 41#41: exit
2025/04/11 09:05:03 [notice] 31#31: exit
2025/04/11 09:05:03 [notice] 32#32: exit
2025/04/11 09:05:03 [notice] 33#33: exit
2025/04/11 09:05:03 [notice] 34#34: exit
2025/04/11 09:05:03 [notice] 35#35: exit
2025/04/11 09:05:03 [notice] 36#36: exit
2025/04/11 09:05:03 [notice] 37#37: exit
2025/04/11 09:05:03 [notice] 38#38: exit
2025/04/11 09:05:03 [notice] 39#39: exit
2025/04/11 09:05:03 [notice] 40#40: exit
2025/04/11 09:05:03 [notice] 42#42: exit
2025/04/11 09:05:03 [notice] 1#1: signal 3 (SIGQUIT) received, shutting down
2025/04/11 09:05:03 [notice] 1#1: signal 17 (SIGCHLD) received from 36
2025/04/11 09:05:03 [notice] 1#1: worker process 36 exited with code 0
2025/04/11 09:05:03 [notice] 1#1: signal 29 (SIGIO) received
2025/04/11 09:05:03 [notice] 1#1: signal 17 (SIGCHLD) received from 38
2025/04/11 09:05:03 [notice] 1#1: worker process 38 exited with code 0
2025/04/11 09:05:03 [notice] 1#1: signal 29 (SIGIO) received
2025/04/11 09:05:03 [notice] 1#1: signal 17 (SIGCHLD) received from 41
2025/04/11 09:05:03 [notice] 1#1: worker process 29 exited with code 0
2025/04/11 09:05:03 [notice] 1#1: worker process 30 exited with code 0
2025/04/11 09:05:03 [notice] 1#1: worker process 31 exited with code 0
2025/04/11 09:05:03 [notice] 1#1: worker process 32 exited with code 0
2025/04/11 09:05:03 [notice] 1#1: worker process 37 exited with code 0
2025/04/11 09:05:03 [notice] 1#1: worker process 41 exited with code 0
2025/04/11 09:05:03 [notice] 1#1: worker process 42 exited with code 0
2025/04/11 09:05:03 [notice] 1#1: worker process 43 exited with code 0
2025/04/11 09:05:03 [notice] 1#1: signal 29 (SIGIO) received
2025/04/11 09:05:03 [notice] 1#1: signal 17 (SIGCHLD) received from 43
2025/04/11 09:05:03 [notice] 1#1: signal 17 (SIGCHLD) received from 33
2025/04/11 09:05:03 [notice] 1#1: worker process 33 exited with code 0
2025/04/11 09:05:03 [notice] 1#1: signal 29 (SIGIO) received
2025/04/11 09:05:03 [notice] 1#1: signal 17 (SIGCHLD) received from 39
2025/04/11 09:05:03 [notice] 1#1: worker process 34 exited with code 0
2025/04/11 09:05:03 [notice] 1#1: worker process 35 exited with code 0
2025/04/11 09:05:03 [notice] 1#1: worker process 39 exited with code 0
2025/04/11 09:05:03 [notice] 1#1: signal 29 (SIGIO) received
2025/04/11 09:05:03 [notice] 1#1: signal 17 (SIGCHLD) received from 44
2025/04/11 09:05:03 [notice] 1#1: worker process 40 exited with code 0
2025/04/11 09:05:03 [notice] 1#1: worker process 44 exited with code 0
2025/04/11 09:05:03 [notice] 1#1: exit
2025/04/11 09:05:43 [notice] 1#1: using the "epoll" event method
2025/04/11 09:05:43 [notice] 1#1: nginx/1.27.4
2025/04/11 09:05:43 [notice] 1#1: built by gcc 14.2.0 (Alpine 14.2.0) 
2025/04/11 09:05:43 [notice] 1#1: OS: Linux 5.15.167.4-microsoft-standard-WSL2
2025/04/11 09:05:43 [notice] 1#1: getrlimit(RLIMIT_NOFILE): 1048576:1048576
2025/04/11 09:05:43 [notice] 1#1: start worker processes
2025/04/11 09:05:43 [notice] 1#1: start worker process 29
2025/04/11 09:05:43 [notice] 1#1: start worker process 30
2025/04/11 09:05:43 [notice] 1#1: start worker process 31
2025/04/11 09:05:43 [notice] 1#1: start worker process 32
2025/04/11 09:05:43 [notice] 1#1: start worker process 33
2025/04/11 09:05:43 [notice] 1#1: start worker process 34
2025/04/11 09:05:43 [notice] 1#1: start worker process 35
2025/04/11 09:05:43 [notice] 1#1: start worker process 36
2025/04/11 09:05:43 [notice] 1#1: start worker process 37
2025/04/11 09:05:43 [notice] 1#1: start worker process 38
2025/04/11 09:05:43 [notice] 1#1: start worker process 39
2025/04/11 09:05:43 [notice] 1#1: start worker process 40
2025/04/11 09:05:43 [notice] 1#1: start worker process 41
2025/04/11 09:05:43 [notice] 1#1: start worker process 42
2025/04/11 09:05:43 [notice] 1#1: start worker process 43
2025/04/11 09:05:43 [notice] 1#1: start worker process 44
2025/04/11 09:47:11 [notice] 1#1: signal 3 (SIGQUIT) received, shutting down
2025/04/11 09:47:11 [notice] 30#30: gracefully shutting down
2025/04/11 09:47:11 [notice] 31#31: gracefully shutting down
2025/04/11 09:47:11 [notice] 32#32: gracefully shutting down
2025/04/11 09:47:11 [notice] 29#29: gracefully shutting down
2025/04/11 09:47:11 [notice] 34#34: gracefully shutting down
2025/04/11 09:47:11 [notice] 33#33: gracefully shutting down
2025/04/11 09:47:11 [notice] 37#37: gracefully shutting down
2025/04/11 09:47:11 [notice] 31#31: exiting
2025/04/11 09:47:11 [notice] 35#35: gracefully shutting down
2025/04/11 09:47:11 [notice] 29#29: exiting
2025/04/11 09:47:11 [notice] 36#36: gracefully shutting down
2025/04/11 09:47:11 [notice] 39#39: gracefully shutting down
2025/04/11 09:47:11 [notice] 40#40: gracefully shutting down
2025/04/11 09:47:11 [notice] 41#41: gracefully shutting down
2025/04/11 09:47:11 [notice] 38#38: gracefully shutting down
2025/04/11 09:47:11 [notice] 42#42: gracefully shutting down
2025/04/11 09:47:11 [notice] 44#44: gracefully shutting down
2025/04/11 09:47:11 [notice] 43#43: gracefully shutting down
2025/04/11 09:47:11 [notice] 30#30: exiting
2025/04/11 09:47:11 [notice] 32#32: exiting
2025/04/11 09:47:11 [notice] 34#34: exiting
2025/04/11 09:47:11 [notice] 33#33: exiting
2025/04/11 09:47:11 [notice] 37#37: exiting
2025/04/11 09:47:11 [notice] 35#35: exiting
2025/04/11 09:47:11 [notice] 29#29: exit
2025/04/11 09:47:11 [notice] 31#31: exit
2025/04/11 09:47:11 [notice] 39#39: exiting
2025/04/11 09:47:11 [notice] 40#40: exiting
2025/04/11 09:47:11 [notice] 41#41: exiting
2025/04/11 09:47:11 [notice] 36#36: exiting
2025/04/11 09:47:11 [notice] 38#38: exiting
2025/04/11 09:47:11 [notice] 36#36: exit
2025/04/11 09:47:11 [notice] 42#42: exiting
2025/04/11 09:47:11 [notice] 30#30: exit
2025/04/11 09:47:11 [notice] 44#44: exiting
2025/04/11 09:47:11 [notice] 32#32: exit
2025/04/11 09:47:11 [notice] 43#43: exiting
2025/04/11 09:47:11 [notice] 34#34: exit
2025/04/11 09:47:11 [notice] 33#33: exit
2025/04/11 09:47:11 [notice] 37#37: exit
2025/04/11 09:47:11 [notice] 35#35: exit
2025/04/11 09:47:11 [notice] 40#40: exit
2025/04/11 09:47:11 [notice] 39#39: exit
2025/04/11 09:47:11 [notice] 41#41: exit
2025/04/11 09:47:11 [notice] 38#38: exit
2025/04/11 09:47:11 [notice] 42#42: exit
2025/04/11 09:47:11 [notice] 44#44: exit
2025/04/11 09:47:11 [notice] 43#43: exit
2025/04/11 09:47:11 [notice] 1#1: signal 17 (SIGCHLD) received from 44
2025/04/11 09:47:11 [notice] 1#1: worker process 38 exited with code 0
2025/04/11 09:47:11 [notice] 1#1: worker process 44 exited with code 0
2025/04/11 09:47:11 [notice] 1#1: signal 29 (SIGIO) received
2025/04/11 09:47:11 [notice] 1#1: signal 17 (SIGCHLD) received from 35
2025/04/11 09:47:11 [notice] 1#1: worker process 29 exited with code 0
2025/04/11 09:47:11 [notice] 1#1: worker process 30 exited with code 0
2025/04/11 09:47:11 [notice] 1#1: worker process 31 exited with code 0
2025/04/11 09:47:11 [notice] 1#1: worker process 32 exited with code 0
2025/04/11 09:47:11 [notice] 1#1: worker process 34 exited with code 0
2025/04/11 09:47:11 [notice] 1#1: worker process 35 exited with code 0
2025/04/11 09:47:11 [notice] 1#1: worker process 36 exited with code 0
2025/04/11 09:47:11 [notice] 1#1: worker process 37 exited with code 0
2025/04/11 09:47:11 [notice] 1#1: worker process 40 exited with code 0
2025/04/11 09:47:11 [notice] 1#1: worker process 42 exited with code 0
2025/04/11 09:47:11 [notice] 1#1: worker process 43 exited with code 0
2025/04/11 09:47:11 [notice] 1#1: signal 29 (SIGIO) received
2025/04/11 09:47:11 [notice] 1#1: signal 17 (SIGCHLD) received from 36
2025/04/11 09:47:11 [notice] 1#1: signal 17 (SIGCHLD) received from 41
2025/04/11 09:47:11 [notice] 1#1: worker process 41 exited with code 0
2025/04/11 09:47:11 [notice] 1#1: signal 29 (SIGIO) received
2025/04/11 09:47:11 [notice] 1#1: signal 17 (SIGCHLD) received from 33
2025/04/11 09:47:11 [notice] 1#1: worker process 33 exited with code 0
2025/04/11 09:47:11 [notice] 1#1: signal 29 (SIGIO) received
2025/04/11 09:47:11 [notice] 1#1: signal 17 (SIGCHLD) received from 39
2025/04/11 09:47:11 [notice] 1#1: worker process 39 exited with code 0
2025/04/11 09:47:11 [notice] 1#1: exit
2025/04/11 09:48:38 [notice] 1#1: using the "epoll" event method
2025/04/11 09:48:38 [notice] 1#1: nginx/1.27.4
2025/04/11 09:48:38 [notice] 1#1: built by gcc 14.2.0 (Alpine 14.2.0) 
2025/04/11 09:48:38 [notice] 1#1: OS: Linux 5.15.167.4-microsoft-standard-WSL2
2025/04/11 09:48:38 [notice] 1#1: getrlimit(RLIMIT_NOFILE): 1048576:1048576
2025/04/11 09:48:38 [notice] 1#1: start worker processes
2025/04/11 09:48:38 [notice] 1#1: start worker process 29
2025/04/11 09:48:38 [notice] 1#1: start worker process 30
2025/04/11 09:48:38 [notice] 1#1: start worker process 31
2025/04/11 09:48:38 [notice] 1#1: start worker process 32
2025/04/11 09:48:38 [notice] 1#1: start worker process 33
2025/04/11 09:48:38 [notice] 1#1: start worker process 34
2025/04/11 09:48:38 [notice] 1#1: start worker process 35
2025/04/11 09:48:38 [notice] 1#1: start worker process 36
2025/04/11 09:48:38 [notice] 1#1: start worker process 37
2025/04/11 09:48:38 [notice] 1#1: start worker process 38
2025/04/11 09:48:38 [notice] 1#1: start worker process 39
2025/04/11 09:48:38 [notice] 1#1: start worker process 40
2025/04/11 09:48:38 [notice] 1#1: start worker process 41
2025/04/11 09:48:38 [notice] 1#1: start worker process 42
2025/04/11 09:48:38 [notice] 1#1: start worker process 43
2025/04/11 09:48:38 [notice] 1#1: start worker process 44
