{"timestamp": "2025-04-28 09:12:16", "user_id": "thanhnpst1", "rfid_id": "0005563074", "error_code": "INTERNAL_ERROR", "error_message": "Internal error processing request"}
{"timestamp": "2025-04-28 09:13:20", "user_id": "thanhnpst1", "rfid_id": "0005563074", "error_code": "INTERNAL_ERROR", "error_message": "Internal error processing request"}
{"timestamp": "2025-04-28 09:13:32", "user_id": "thanhnpst1", "rfid_id": "0005563074", "error_code": "INTERNAL_ERROR", "error_message": "Internal error processing request"}
{"timestamp": "2025-04-28 09:32:16", "user_id": "thanhnpst1", "rfid_id": "0005563074", "error_code": "INTERNAL_ERROR", "error_message": "Internal error processing request"}
{"timestamp": "2025-04-28 09:44:35", "user_id": "thanhnpst1", "rfid_id": "0005563074", "error_code": "INTERNAL_ERROR", "error_message": "Internal error processing request"}
{"timestamp": "2025-04-28 09:54:47", "user_id": "thanhnpst1", "rfid_id": "0005563074", "error_code": "INVALID_RESPONSE", "error_message": "Invalid JSON response from server"}
{"timestamp": "2025-04-28 09:56:04", "user_id": "Unknown", "rfid_id": "thanhnpst1", "error_code": "INVALID_RESPONSE", "error_message": "Invalid JSON response from server"}
{"timestamp": "2025-04-28 09:56:12", "user_id": "thanhnpst1", "rfid_id": "0005563074", "error_code": "INVALID_RESPONSE", "error_message": "Invalid JSON response from server"}
{"timestamp": "2025-04-28 09:57:12", "user_id": "thanhnpst1", "rfid_id": "0005563074", "error_code": "INVALID_RESPONSE", "error_message": "Invalid JSON response from server"}
{"timestamp": "2025-04-28 10:05:01", "user_id": "thanhnpst1", "rfid_id": "0005563074", "error_code": "NOT_AUTHENTICATED", "error_message": "B\u1ea1n c\u1ea7n \u0111\u0103ng nh\u1eadp \u0111\u1ec3 truy c\u1eadp ch\u1ee9c n\u0103ng n\u00e0y"}
{"timestamp": "2025-04-28 10:06:58", "user_id": "thanhnpst1", "rfid_id": "0005563074", "error_code": "NOT_AUTHENTICATED", "error_message": "B\u1ea1n c\u1ea7n \u0111\u0103ng nh\u1eadp \u0111\u1ec3 truy c\u1eadp ch\u1ee9c n\u0103ng n\u00e0y"}
{"timestamp": "2025-04-28 10:09:40", "user_id": "Unknown", "rfid_id": "thanh", "error_code": "NO_SCHEDULE", "error_message": "Server error processing attendance check-in"}
{"timestamp": "2025-04-28 10:42:21", "user_id": "thanhnpst1", "rfid_id": "0005563074", "error_code": "NO_SCHEDULE", "error_message": "Server error processing attendance check-in"}
{"timestamp": "2025-04-28 11:16:31", "user_id": "thanhnpst1", "rfid_id": "0005563074", "error_code": "NO_SCHEDULE", "error_message": "Server error processing attendance check-in"}
{"timestamp": "2025-04-28 11:21:13", "user_id": "Unknown", "rfid_id": "thifspaceoongspacenoisspaceddi", "error_code": "NO_SCHEDULE", "error_message": "Server error processing attendance check-in"}
{"timestamp": "2025-05-09 21:34:45", "user_id": "Unknown", "rfid_id": "uawfspaceshiftspace", "error_code": "NO_SCHEDULE", "error_message": "Server error processing attendance check-in"}
{"timestamp": "2025-05-11 15:50:13", "user_id": "thanhnpst1", "rfid_id": "0005563074", "error_code": "NO_SCHEDULE", "error_message": "Server error processing attendance check-in"}
{"timestamp": "2025-05-11 15:50:23", "user_id": "thanhnpst1", "rfid_id": "0005563074", "error_code": "NO_SCHEDULE", "error_message": "Server error processing attendance check-in"}
{"timestamp": "2025-05-11 16:12:12", "user_id": "thanhnpst1", "rfid_id": "0005563074", "error_code": "NO_SCHEDULE", "error_message": "Server error processing attendance check-in"}
{"timestamp": "2025-05-11 16:17:44", "user_id": "thanhnpst1", "rfid_id": "0005563074", "error_code": "NO_SCHEDULE", "error_message": "Server error processing attendance check-in"}
{"timestamp": "2025-05-11 16:17:59", "user_id": "thanhnpst1", "rfid_id": "0005563074", "error_code": "NO_SCHEDULE", "error_message": "Server error processing attendance check-in"}
{"timestamp": "2025-05-11 16:29:31", "user_id": "thanhnpst1", "rfid_id": "0005563074", "error_code": "NO_SCHEDULE", "error_message": "Server error processing attendance check-in"}
{"timestamp": "2025-05-11 16:29:52", "user_id": "thanhnpst1", "rfid_id": "0005563074", "error_code": "NO_SCHEDULE", "error_message": "Server error processing attendance check-in"}
{"timestamp": "2025-05-11 16:43:22", "user_id": "thanhnpst1", "rfid_id": "0005563074", "error_code": "NO_SCHEDULE", "error_message": "Server error processing attendance check-in"}
{"timestamp": "2025-05-11 16:50:45", "user_id": "thanhnpst1", "rfid_id": "0005563074", "error_code": "NO_SCHEDULE", "error_message": "Server error processing attendance check-in"}
{"timestamp": "2025-05-11 16:50:58", "user_id": "thanhnpst1", "rfid_id": "0005563074", "error_code": "NO_SCHEDULE", "error_message": "Server error processing attendance check-in"}
{"timestamp": "2025-05-11 16:51:09", "user_id": "nganttst4", "rfid_id": "0005532298", "error_code": "NO_SCHEDULE", "error_message": "Server error processing attendance check-in"}
{"timestamp": "2025-05-11 17:03:54", "user_id": "hungdnst1", "rfid_id": "0005460978", "error_code": "NO_SCHEDULE", "error_message": "Server error processing attendance check-in"}
{"timestamp": "2025-05-11 17:06:55", "user_id": "hungdnst1", "rfid_id": "0005460978", "error_code": "NO_SCHEDULE", "error_message": "Server error processing attendance check-in"}
{"timestamp": "2025-05-11 18:02:08", "user_id": "Unknown", "rfid_id": "ctrl", "error_code": "NO_SCHEDULE", "error_message": "Server error processing attendance check-in"}
{"timestamp": "2025-05-11 18:42:22", "user_id": "Unknown", "rfid_id": "thanh", "error_code": "NO_SCHEDULE", "error_message": "Server error processing attendance check-in"}
{"timestamp": "2025-05-11 18:43:00", "user_id": "Unknown", "rfid_id": "lichjspacenghirspaceleexspace", "error_code": "NO_SCHEDULE", "error_message": "Server error processing attendance check-in"}
{"timestamp": "2025-05-11 18:43:33", "user_id": "Unknown", "rfid_id": "hungv", "error_code": "NO_SCHEDULE", "error_message": "Server error processing attendance check-in"}
{"timestamp": "2025-05-11 18:47:54", "user_id": "Unknown", "rfid_id": "down", "error_code": "NO_SCHEDULE", "error_message": "Server error processing attendance check-in"}
{"timestamp": "2025-05-11 18:48:51", "user_id": "Unknown", "rfid_id": "backspacefams", "error_code": "NO_SCHEDULE", "error_message": "Server error processing attendance check-in"}
{"timestamp": "2025-05-11 18:49:09", "user_id": "Unknown", "rfid_id": "123456", "error_code": "NO_SCHEDULE", "error_message": "Server error processing attendance check-in"}
{"timestamp": "2025-05-11 19:08:06", "user_id": "Unknown", "rfid_id": "alttab", "error_code": "NO_SCHEDULE", "error_message": "Server error processing attendance check-in"}
{"timestamp": "2025-05-11 19:09:56", "user_id": "Unknown", "rfid_id": "ctrl", "error_code": "NO_SCHEDULE", "error_message": "Server error processing attendance check-in"}
{"timestamp": "2025-05-11 19:17:00", "user_id": "Unknown", "rfid_id": "xdowndowndown", "error_code": "NO_SCHEDULE", "error_message": "Server error processing attendance check-in"}
