2025-04-29 07:54:23,287 - zensys - INFO - System event: startup - {"message": "ZenSys starting up"}
2025-04-29 07:54:32,666 - zensys - INFO - Using local MiDaS checkpoint: C:\Users\nguye\OneDrive\Desktop\FAMS\demo\demo AI full\assets\weights\checkpoints\midas_v21_small_256.pt
2025-04-29 07:54:32,694 - zensys - INFO - Loaded database with 4 faces from c:\Users\nguye\OneDrive\Desktop\FAMS\demo\demo AI full\assets/database
2025-04-29 07:54:32,695 - zensys - INFO - ZenSys initialized successfully
2025-04-29 07:55:04,540 - zensys - INFO - System event: rfid_scanned - {"rfid_id": "backspacebackspacectrlv", "rfid_name": "Unknown"}
2025-04-29 07:55:04,583 - zensys - WARNING - Authentication failed: match=False, live_face=True
2025-04-29 07:55:07,027 - zensys - INFO - System event: rfid_scanned - {"rfid_id": "tab", "rfid_name": "Unknown"}
2025-04-29 07:55:07,211 - zensys - WARNING - Authentication failed: match=False, live_face=True
2025-04-29 07:55:25,189 - zensys - INFO - System event: rfid_scanned - {"rfid_id": "backspacebackspace", "rfid_name": "Unknown"}
2025-04-29 07:55:25,317 - zensys - WARNING - Authentication failed: match=False, live_face=True
2025-04-29 07:55:41,978 - zensys - INFO - System event: rfid_scanned - {"rfid_id": "tab", "rfid_name": "Unknown"}
2025-04-29 07:55:42,096 - zensys - WARNING - Authentication failed: match=False, live_face=True
2025-04-29 07:55:43,185 - zensys - INFO - System event: rfid_scanned - {"rfid_id": "ctrlz", "rfid_name": "Unknown"}
2025-04-29 07:55:43,344 - zensys - WARNING - Authentication failed: match=False, live_face=True
2025-04-29 07:55:50,666 - zensys - INFO - System event: rfid_scanned - {"rfid_id": "tab", "rfid_name": "Unknown"}
2025-04-29 07:55:50,714 - zensys - WARNING - Authentication failed: match=False, live_face=True
2025-04-29 07:55:53,923 - zensys - INFO - System event: rfid_scanned - {"rfid_id": "ctrlz", "rfid_name": "Unknown"}
2025-04-29 07:55:54,089 - zensys - WARNING - Authentication failed: match=False, live_face=True
2025-04-29 08:03:58,637 - zensys - INFO - System event: startup - {"message": "ZenSys starting up"}
2025-04-29 08:04:05,910 - zensys - INFO - Using local MiDaS checkpoint: C:\Users\nguye\OneDrive\Desktop\FAMS\demo\demo AI full\assets\weights\checkpoints\midas_v21_small_256.pt
2025-04-29 08:04:05,912 - zensys - INFO - Loaded database with 4 faces from c:\Users\nguye\OneDrive\Desktop\FAMS\demo\demo AI full\assets/database
2025-04-29 08:04:05,914 - zensys - INFO - ZenSys initialized successfully
2025-04-29 08:04:37,143 - zensys - INFO - System event: rfid_scanned - {"rfid_id": "ctrlv", "rfid_name": "Unknown"}
2025-04-29 08:04:37,197 - zensys - WARNING - Authentication failed: match=False, live_face=True
2025-04-29 08:04:40,577 - zensys - INFO - System event: rfid_scanned - {"rfid_id": "left", "rfid_name": "Unknown"}
2025-04-29 08:04:40,654 - zensys - WARNING - Authentication failed: match=False, live_face=True
2025-04-29 08:04:42,062 - zensys - INFO - System event: rfid_scanned - {"rfid_id": "backspacebackspace", "rfid_name": "Unknown"}
2025-04-29 08:04:42,122 - zensys - INFO - Authentication successful for user: Unknown, RFID: backspacebackspace
2025-04-29 08:05:21,440 - zensys - INFO - System event: rfid_scanned - {"rfid_id": "left", "rfid_name": "Unknown"}
2025-04-29 08:05:21,482 - zensys - WARNING - Authentication failed: match=False, live_face=True
2025-04-29 08:05:30,868 - zensys - INFO - System event: rfid_scanned - {"rfid_id": "ctrlv", "rfid_name": "Unknown"}
2025-04-29 08:05:30,932 - zensys - WARNING - Authentication failed: match=False, live_face=True
