2025-05-09 16:19:52,564 - INFO - Starting epoch 1
2025-05-09 16:19:54,541 - INFO - Speed: 24.36 samples/sec, Loss: 32.1928, Accuracy: 0.0000, Learning Rate: 0.100000, Epoch: 1, Global Step: 1
2025-05-09 16:19:55,197 - INFO - Speed: 398.97 samples/sec, Loss: 31.6371, Accuracy: 0.0000, Learning Rate: 0.100000, Epoch: 1, Global Step: 2
2025-05-09 16:19:55,769 - INFO - Speed: 414.34 samples/sec, Loss: 33.2240, Accuracy: 0.0000, Learning Rate: 0.100000, Epoch: 1, Global Step: 3
2025-05-09 16:19:56,320 - INFO - Speed: 421.47 samples/sec, Loss: 33.0112, Accuracy: 0.0000, Learning Rate: 0.100000, Epoch: 1, Global Step: 4
2025-05-09 16:19:56,870 - INFO - Speed: 398.77 samples/sec, Loss: 29.3517, Accuracy: 0.0000, Learning Rate: 0.100000, Epoch: 1, Global Step: 5
2025-05-09 16:19:57,413 - INFO - Speed: 425.38 samples/sec, Loss: 28.6576, Accuracy: 0.0000, Learning Rate: 0.100000, Epoch: 1, Global Step: 6
2025-05-09 16:19:57,951 - INFO - Speed: 434.20 samples/sec, Loss: 31.0030, Accuracy: 0.0000, Learning Rate: 0.100000, Epoch: 1, Global Step: 7
2025-05-09 16:19:58,523 - INFO - Speed: 431.65 samples/sec, Loss: 32.9493, Accuracy: 0.0312, Learning Rate: 0.100000, Epoch: 1, Global Step: 8
2025-05-09 16:19:59,095 - INFO - Speed: 337.66 samples/sec, Loss: 33.3547, Accuracy: 0.0000, Learning Rate: 0.100000, Epoch: 1, Global Step: 9
2025-05-09 16:19:59,716 - INFO - Speed: 307.78 samples/sec, Loss: 29.3637, Accuracy: 0.0312, Learning Rate: 0.100000, Epoch: 1, Global Step: 10
2025-05-09 16:20:00,281 - INFO - Speed: 420.19 samples/sec, Loss: 32.3230, Accuracy: 0.0000, Learning Rate: 0.100000, Epoch: 1, Global Step: 11
2025-05-09 16:20:00,817 - INFO - Speed: 418.88 samples/sec, Loss: 27.7495, Accuracy: 0.0000, Learning Rate: 0.100000, Epoch: 1, Global Step: 12
2025-05-09 16:20:01,365 - INFO - Speed: 414.81 samples/sec, Loss: 30.3135, Accuracy: 0.0625, Learning Rate: 0.100000, Epoch: 1, Global Step: 13
2025-05-09 16:20:01,926 - INFO - Speed: 360.78 samples/sec, Loss: 31.8958, Accuracy: 0.0312, Learning Rate: 0.100000, Epoch: 1, Global Step: 14
2025-05-09 16:20:02,557 - INFO - Speed: 306.65 samples/sec, Loss: 28.1956, Accuracy: 0.0312, Learning Rate: 0.100000, Epoch: 1, Global Step: 15
2025-05-09 16:20:03,183 - INFO - Speed: 253.20 samples/sec, Loss: 29.6457, Accuracy: 0.0312, Learning Rate: 0.100000, Epoch: 1, Global Step: 16
2025-05-09 16:20:03,768 - INFO - Speed: 284.01 samples/sec, Loss: 29.4516, Accuracy: 0.0625, Learning Rate: 0.100000, Epoch: 1, Global Step: 17
2025-05-09 16:20:04,338 - INFO - Speed: 274.00 samples/sec, Loss: 21.7620, Accuracy: 0.0625, Learning Rate: 0.100000, Epoch: 1, Global Step: 18
2025-05-09 16:20:04,993 - INFO - Speed: 225.49 samples/sec, Loss: 23.9955, Accuracy: 0.0312, Learning Rate: 0.100000, Epoch: 1, Global Step: 19
2025-05-09 16:20:05,768 - INFO - Speed: 388.60 samples/sec, Loss: 23.4587, Accuracy: 0.1562, Learning Rate: 0.100000, Epoch: 1, Global Step: 20
2025-05-09 16:20:06,371 - INFO - Speed: 329.59 samples/sec, Loss: 25.0010, Accuracy: 0.0938, Learning Rate: 0.100000, Epoch: 1, Global Step: 21
2025-05-09 16:20:07,050 - INFO - Speed: 325.45 samples/sec, Loss: 25.4338, Accuracy: 0.1250, Learning Rate: 0.100000, Epoch: 1, Global Step: 22
2025-05-09 16:20:07,647 - INFO - Speed: 383.38 samples/sec, Loss: 20.5983, Accuracy: 0.1875, Learning Rate: 0.100000, Epoch: 1, Global Step: 23
2025-05-09 16:20:08,287 - INFO - Speed: 401.49 samples/sec, Loss: 27.3744, Accuracy: 0.1562, Learning Rate: 0.100000, Epoch: 1, Global Step: 24
2025-05-09 16:20:08,886 - INFO - Speed: 394.90 samples/sec, Loss: 20.7035, Accuracy: 0.1562, Learning Rate: 0.100000, Epoch: 1, Global Step: 25
2025-05-09 16:20:09,446 - INFO - Speed: 408.12 samples/sec, Loss: 24.3151, Accuracy: 0.1250, Learning Rate: 0.100000, Epoch: 1, Global Step: 26
2025-05-09 16:20:09,989 - INFO - Speed: 417.52 samples/sec, Loss: 23.3236, Accuracy: 0.2188, Learning Rate: 0.100000, Epoch: 1, Global Step: 27
2025-05-09 16:20:10,570 - INFO - Speed: 416.66 samples/sec, Loss: 24.4611, Accuracy: 0.1250, Learning Rate: 0.100000, Epoch: 1, Global Step: 28
2025-05-09 16:20:11,132 - INFO - Speed: 409.45 samples/sec, Loss: 19.0444, Accuracy: 0.1562, Learning Rate: 0.100000, Epoch: 1, Global Step: 29
2025-05-09 16:20:11,714 - INFO - Speed: 337.39 samples/sec, Loss: 20.1509, Accuracy: 0.2188, Learning Rate: 0.100000, Epoch: 1, Global Step: 30
2025-05-09 16:20:12,306 - INFO - Speed: 336.93 samples/sec, Loss: 26.1305, Accuracy: 0.2812, Learning Rate: 0.100000, Epoch: 1, Global Step: 31
2025-05-09 16:20:12,842 - INFO - Speed: 367.31 samples/sec, Loss: 21.3484, Accuracy: 0.2500, Learning Rate: 0.100000, Epoch: 1, Global Step: 32
2025-05-09 16:20:13,385 - INFO - Speed: 391.85 samples/sec, Loss: 28.4701, Accuracy: 0.1562, Learning Rate: 0.100000, Epoch: 1, Global Step: 33
2025-05-09 16:20:13,951 - INFO - Speed: 396.69 samples/sec, Loss: 26.0595, Accuracy: 0.1562, Learning Rate: 0.100000, Epoch: 1, Global Step: 34
2025-05-09 16:20:14,530 - INFO - Speed: 411.89 samples/sec, Loss: 18.0911, Accuracy: 0.2812, Learning Rate: 0.100000, Epoch: 1, Global Step: 35
2025-05-09 16:20:15,063 - INFO - Speed: 414.83 samples/sec, Loss: 18.6836, Accuracy: 0.2812, Learning Rate: 0.100000, Epoch: 1, Global Step: 36
2025-05-09 16:20:15,616 - INFO - Speed: 352.66 samples/sec, Loss: 18.4023, Accuracy: 0.3750, Learning Rate: 0.100000, Epoch: 1, Global Step: 37
2025-05-09 16:20:16,186 - INFO - Speed: 392.02 samples/sec, Loss: 19.2912, Accuracy: 0.2500, Learning Rate: 0.100000, Epoch: 1, Global Step: 38
2025-05-09 16:20:16,762 - INFO - Speed: 396.31 samples/sec, Loss: 26.5900, Accuracy: 0.0938, Learning Rate: 0.100000, Epoch: 1, Global Step: 39
2025-05-09 16:20:17,307 - INFO - Speed: 412.86 samples/sec, Loss: 18.3280, Accuracy: 0.1562, Learning Rate: 0.100000, Epoch: 1, Global Step: 40
2025-05-09 16:20:17,855 - INFO - Speed: 401.84 samples/sec, Loss: 21.5346, Accuracy: 0.1562, Learning Rate: 0.100000, Epoch: 1, Global Step: 41
2025-05-09 16:20:18,411 - INFO - Speed: 406.89 samples/sec, Loss: 18.7637, Accuracy: 0.1875, Learning Rate: 0.100000, Epoch: 1, Global Step: 42
2025-05-09 16:20:18,956 - INFO - Speed: 408.00 samples/sec, Loss: 18.4237, Accuracy: 0.2812, Learning Rate: 0.100000, Epoch: 1, Global Step: 43
2025-05-09 16:20:19,490 - INFO - Speed: 405.66 samples/sec, Loss: 13.8532, Accuracy: 0.4375, Learning Rate: 0.100000, Epoch: 1, Global Step: 44
2025-05-09 16:20:20,059 - INFO - Speed: 366.88 samples/sec, Loss: 22.9326, Accuracy: 0.3125, Learning Rate: 0.100000, Epoch: 1, Global Step: 45
2025-05-09 16:20:20,600 - INFO - Speed: 397.91 samples/sec, Loss: 15.4765, Accuracy: 0.3125, Learning Rate: 0.100000, Epoch: 1, Global Step: 46
2025-05-09 16:20:21,249 - INFO - Speed: 399.22 samples/sec, Loss: 14.6899, Accuracy: 0.3750, Learning Rate: 0.100000, Epoch: 1, Global Step: 47
2025-05-09 16:20:21,794 - INFO - Speed: 395.76 samples/sec, Loss: 21.6978, Accuracy: 0.1562, Learning Rate: 0.100000, Epoch: 1, Global Step: 48
2025-05-09 16:20:22,365 - INFO - Speed: 401.46 samples/sec, Loss: 13.5651, Accuracy: 0.4375, Learning Rate: 0.100000, Epoch: 1, Global Step: 49
2025-05-09 16:20:22,901 - INFO - Speed: 416.21 samples/sec, Loss: 11.6005, Accuracy: 0.4062, Learning Rate: 0.100000, Epoch: 1, Global Step: 50
2025-05-09 16:20:23,451 - INFO - Speed: 423.13 samples/sec, Loss: 22.1205, Accuracy: 0.3125, Learning Rate: 0.100000, Epoch: 1, Global Step: 51
2025-05-09 16:20:24,018 - INFO - Speed: 362.92 samples/sec, Loss: 22.0681, Accuracy: 0.3750, Learning Rate: 0.100000, Epoch: 1, Global Step: 52
2025-05-09 16:20:24,579 - INFO - Speed: 392.47 samples/sec, Loss: 19.3297, Accuracy: 0.4062, Learning Rate: 0.100000, Epoch: 1, Global Step: 53
2025-05-09 16:20:25,145 - INFO - Speed: 394.32 samples/sec, Loss: 21.5467, Accuracy: 0.2500, Learning Rate: 0.100000, Epoch: 1, Global Step: 54
2025-05-09 16:20:25,705 - INFO - Speed: 409.62 samples/sec, Loss: 20.8020, Accuracy: 0.2188, Learning Rate: 0.100000, Epoch: 1, Global Step: 55
2025-05-09 16:20:26,275 - INFO - Speed: 400.14 samples/sec, Loss: 25.4408, Accuracy: 0.1562, Learning Rate: 0.100000, Epoch: 1, Global Step: 56
2025-05-09 16:20:26,802 - INFO - Speed: 411.14 samples/sec, Loss: 19.5343, Accuracy: 0.1875, Learning Rate: 0.100000, Epoch: 1, Global Step: 57
2025-05-09 16:20:27,330 - INFO - Speed: 405.19 samples/sec, Loss: 19.0214, Accuracy: 0.3125, Learning Rate: 0.100000, Epoch: 1, Global Step: 58
2025-05-09 16:20:27,889 - INFO - Speed: 409.55 samples/sec, Loss: 16.1997, Accuracy: 0.1875, Learning Rate: 0.100000, Epoch: 1, Global Step: 59
2025-05-09 16:20:28,463 - INFO - Speed: 362.87 samples/sec, Loss: 14.5524, Accuracy: 0.3750, Learning Rate: 0.100000, Epoch: 1, Global Step: 60
2025-05-09 16:20:29,056 - INFO - Speed: 398.09 samples/sec, Loss: 24.8191, Accuracy: 0.1250, Learning Rate: 0.100000, Epoch: 1, Global Step: 61
2025-05-09 16:20:29,614 - INFO - Speed: 414.21 samples/sec, Loss: 26.1804, Accuracy: 0.0938, Learning Rate: 0.100000, Epoch: 1, Global Step: 62
2025-05-09 16:20:30,178 - INFO - Speed: 395.75 samples/sec, Loss: 13.5725, Accuracy: 0.3750, Learning Rate: 0.100000, Epoch: 1, Global Step: 63
2025-05-09 16:20:30,715 - INFO - Speed: 410.66 samples/sec, Loss: 25.2933, Accuracy: 0.1875, Learning Rate: 0.100000, Epoch: 1, Global Step: 64
2025-05-09 16:20:31,251 - INFO - Speed: 414.92 samples/sec, Loss: 13.6977, Accuracy: 0.3438, Learning Rate: 0.100000, Epoch: 1, Global Step: 65
2025-05-09 16:20:31,802 - INFO - Speed: 405.72 samples/sec, Loss: 20.1806, Accuracy: 0.2500, Learning Rate: 0.100000, Epoch: 1, Global Step: 66
2025-05-09 16:20:32,370 - INFO - Speed: 370.42 samples/sec, Loss: 21.2486, Accuracy: 0.3438, Learning Rate: 0.100000, Epoch: 1, Global Step: 67
2025-05-09 16:20:32,936 - INFO - Speed: 346.05 samples/sec, Loss: 17.9104, Accuracy: 0.3438, Learning Rate: 0.100000, Epoch: 1, Global Step: 68
2025-05-09 16:20:33,524 - INFO - Speed: 291.52 samples/sec, Loss: 19.4168, Accuracy: 0.3438, Learning Rate: 0.100000, Epoch: 1, Global Step: 69
2025-05-09 16:20:34,112 - INFO - Speed: 264.73 samples/sec, Loss: 17.1999, Accuracy: 0.3750, Learning Rate: 0.100000, Epoch: 1, Global Step: 70
2025-05-09 16:20:34,660 - INFO - Speed: 343.53 samples/sec, Loss: 16.1546, Accuracy: 0.1562, Learning Rate: 0.100000, Epoch: 1, Global Step: 71
2025-05-09 16:20:35,202 - INFO - Speed: 396.41 samples/sec, Loss: 12.4531, Accuracy: 0.3750, Learning Rate: 0.100000, Epoch: 1, Global Step: 72
2025-05-09 16:20:35,740 - INFO - Speed: 384.85 samples/sec, Loss: 16.2310, Accuracy: 0.3125, Learning Rate: 0.100000, Epoch: 1, Global Step: 73
2025-05-09 16:20:36,309 - INFO - Speed: 384.82 samples/sec, Loss: 16.3145, Accuracy: 0.2812, Learning Rate: 0.100000, Epoch: 1, Global Step: 74
2025-05-09 16:20:36,908 - INFO - Speed: 378.47 samples/sec, Loss: 21.0808, Accuracy: 0.2812, Learning Rate: 0.100000, Epoch: 1, Global Step: 75
2025-05-09 16:20:37,571 - INFO - Speed: 303.73 samples/sec, Loss: 14.1832, Accuracy: 0.4688, Learning Rate: 0.100000, Epoch: 1, Global Step: 76
2025-05-09 16:20:38,281 - INFO - Speed: 299.87 samples/sec, Loss: 15.3843, Accuracy: 0.3750, Learning Rate: 0.100000, Epoch: 1, Global Step: 77
2025-05-09 16:20:38,947 - INFO - Speed: 406.57 samples/sec, Loss: 15.0703, Accuracy: 0.3750, Learning Rate: 0.100000, Epoch: 1, Global Step: 78
2025-05-09 16:20:39,721 - INFO - Speed: 380.16 samples/sec, Loss: 20.2886, Accuracy: 0.2188, Learning Rate: 0.100000, Epoch: 1, Global Step: 79
2025-05-09 16:20:40,309 - INFO - Speed: 365.08 samples/sec, Loss: 19.4919, Accuracy: 0.2812, Learning Rate: 0.100000, Epoch: 1, Global Step: 80
2025-05-09 16:20:40,878 - INFO - Speed: 298.28 samples/sec, Loss: 17.0416, Accuracy: 0.3438, Learning Rate: 0.100000, Epoch: 1, Global Step: 81
2025-05-09 16:20:41,448 - INFO - Speed: 399.28 samples/sec, Loss: 15.0569, Accuracy: 0.3438, Learning Rate: 0.100000, Epoch: 1, Global Step: 82
2025-05-09 16:20:42,030 - INFO - Speed: 381.73 samples/sec, Loss: 16.1031, Accuracy: 0.3750, Learning Rate: 0.100000, Epoch: 1, Global Step: 83
2025-05-09 16:20:42,802 - INFO - Speed: 378.91 samples/sec, Loss: 10.4210, Accuracy: 0.5625, Learning Rate: 0.100000, Epoch: 1, Global Step: 84
2025-05-09 16:20:43,450 - INFO - Speed: 423.96 samples/sec, Loss: 18.7653, Accuracy: 0.2188, Learning Rate: 0.100000, Epoch: 1, Global Step: 85
2025-05-09 16:20:44,009 - INFO - Speed: 423.96 samples/sec, Loss: 7.9071, Accuracy: 0.5000, Learning Rate: 0.100000, Epoch: 1, Global Step: 86
2025-05-09 16:20:44,649 - INFO - Speed: 426.50 samples/sec, Loss: 17.0439, Accuracy: 0.3750, Learning Rate: 0.100000, Epoch: 1, Global Step: 87
2025-05-09 16:20:45,329 - INFO - Speed: 322.91 samples/sec, Loss: 15.0848, Accuracy: 0.3750, Learning Rate: 0.100000, Epoch: 1, Global Step: 88
2025-05-09 16:20:45,904 - INFO - Speed: 365.66 samples/sec, Loss: 19.8874, Accuracy: 0.3125, Learning Rate: 0.100000, Epoch: 1, Global Step: 89
2025-05-09 16:20:46,473 - INFO - Speed: 330.85 samples/sec, Loss: 14.0202, Accuracy: 0.4375, Learning Rate: 0.100000, Epoch: 1, Global Step: 90
2025-05-09 16:20:47,018 - INFO - Speed: 385.55 samples/sec, Loss: 19.5979, Accuracy: 0.2500, Learning Rate: 0.100000, Epoch: 1, Global Step: 91
2025-05-09 16:20:47,578 - INFO - Speed: 386.99 samples/sec, Loss: 14.8913, Accuracy: 0.4375, Learning Rate: 0.100000, Epoch: 1, Global Step: 92
2025-05-09 16:20:48,147 - INFO - Speed: 405.21 samples/sec, Loss: 23.0975, Accuracy: 0.3125, Learning Rate: 0.100000, Epoch: 1, Global Step: 93
2025-05-09 16:20:48,695 - INFO - Speed: 412.03 samples/sec, Loss: 11.1896, Accuracy: 0.5312, Learning Rate: 0.100000, Epoch: 1, Global Step: 94
2025-05-09 16:20:49,344 - INFO - Speed: 381.74 samples/sec, Loss: 17.5891, Accuracy: 0.4375, Learning Rate: 0.100000, Epoch: 1, Global Step: 95
2025-05-09 16:20:50,083 - INFO - Speed: 313.52 samples/sec, Loss: 20.3725, Accuracy: 0.3125, Learning Rate: 0.100000, Epoch: 1, Global Step: 96
2025-05-09 16:20:50,732 - INFO - Speed: 380.64 samples/sec, Loss: 16.6339, Accuracy: 0.2812, Learning Rate: 0.100000, Epoch: 1, Global Step: 97
2025-05-09 16:20:51,371 - INFO - Speed: 385.30 samples/sec, Loss: 17.9509, Accuracy: 0.4375, Learning Rate: 0.100000, Epoch: 1, Global Step: 98
2025-05-09 16:20:52,055 - INFO - Speed: 409.74 samples/sec, Loss: 15.2862, Accuracy: 0.4688, Learning Rate: 0.100000, Epoch: 1, Global Step: 99
2025-05-09 16:20:52,638 - INFO - Speed: 410.54 samples/sec, Loss: 21.7303, Accuracy: 0.3438, Learning Rate: 0.100000, Epoch: 1, Global Step: 100
2025-05-09 16:20:53,258 - INFO - Speed: 413.78 samples/sec, Loss: 17.6485, Accuracy: 0.3750, Learning Rate: 0.100000, Epoch: 1, Global Step: 101
2025-05-09 16:20:53,936 - INFO - Speed: 400.89 samples/sec, Loss: 14.1642, Accuracy: 0.2500, Learning Rate: 0.100000, Epoch: 1, Global Step: 102
2025-05-09 16:20:54,558 - INFO - Speed: 440.45 samples/sec, Loss: 14.7966, Accuracy: 0.4062, Learning Rate: 0.100000, Epoch: 1, Global Step: 103
2025-05-09 16:20:55,110 - INFO - Speed: 432.69 samples/sec, Loss: 16.8857, Accuracy: 0.2812, Learning Rate: 0.100000, Epoch: 1, Global Step: 104
2025-05-09 16:20:55,689 - INFO - Speed: 333.59 samples/sec, Loss: 19.1738, Accuracy: 0.3750, Learning Rate: 0.100000, Epoch: 1, Global Step: 105
2025-05-09 16:20:56,406 - INFO - Speed: 377.47 samples/sec, Loss: 12.8596, Accuracy: 0.5000, Learning Rate: 0.100000, Epoch: 1, Global Step: 106
2025-05-09 16:20:57,093 - INFO - Speed: 401.08 samples/sec, Loss: 11.1726, Accuracy: 0.5000, Learning Rate: 0.100000, Epoch: 1, Global Step: 107
2025-05-09 16:20:57,702 - INFO - Speed: 400.87 samples/sec, Loss: 17.3602, Accuracy: 0.4062, Learning Rate: 0.100000, Epoch: 1, Global Step: 108
2025-05-09 16:20:58,383 - INFO - Speed: 336.18 samples/sec, Loss: 15.3800, Accuracy: 0.3750, Learning Rate: 0.100000, Epoch: 1, Global Step: 109
2025-05-09 16:20:58,972 - INFO - Speed: 379.98 samples/sec, Loss: 16.7225, Accuracy: 0.4375, Learning Rate: 0.100000, Epoch: 1, Global Step: 110
2025-05-09 16:20:59,556 - INFO - Speed: 399.07 samples/sec, Loss: 21.6377, Accuracy: 0.2500, Learning Rate: 0.100000, Epoch: 1, Global Step: 111
2025-05-09 16:21:00,131 - INFO - Speed: 386.85 samples/sec, Loss: 18.7057, Accuracy: 0.4688, Learning Rate: 0.100000, Epoch: 1, Global Step: 112
2025-05-09 16:21:00,701 - INFO - Speed: 391.01 samples/sec, Loss: 10.8858, Accuracy: 0.3750, Learning Rate: 0.100000, Epoch: 1, Global Step: 113
2025-05-09 16:21:01,255 - INFO - Speed: 365.00 samples/sec, Loss: 14.9012, Accuracy: 0.3438, Learning Rate: 0.100000, Epoch: 1, Global Step: 114
2025-05-09 16:21:01,771 - INFO - Speed: 389.62 samples/sec, Loss: 9.0882, Accuracy: 0.5312, Learning Rate: 0.100000, Epoch: 1, Global Step: 115
2025-05-09 16:21:02,283 - INFO - Speed: 399.37 samples/sec, Loss: 10.9714, Accuracy: 0.5312, Learning Rate: 0.100000, Epoch: 1, Global Step: 116
2025-05-09 16:21:02,784 - INFO - Speed: 396.90 samples/sec, Loss: 13.2717, Accuracy: 0.4375, Learning Rate: 0.100000, Epoch: 1, Global Step: 117
2025-05-09 16:21:03,344 - INFO - Speed: 398.61 samples/sec, Loss: 11.2712, Accuracy: 0.4062, Learning Rate: 0.100000, Epoch: 1, Global Step: 118
2025-05-09 16:21:03,975 - INFO - Speed: 361.96 samples/sec, Loss: 17.9125, Accuracy: 0.3750, Learning Rate: 0.100000, Epoch: 1, Global Step: 119
2025-05-09 16:21:04,644 - INFO - Speed: 432.59 samples/sec, Loss: 12.1351, Accuracy: 0.4375, Learning Rate: 0.100000, Epoch: 1, Global Step: 120
2025-05-09 16:21:05,259 - INFO - Speed: 359.19 samples/sec, Loss: 13.7169, Accuracy: 0.4375, Learning Rate: 0.100000, Epoch: 1, Global Step: 121
2025-05-09 16:21:05,867 - INFO - Speed: 417.53 samples/sec, Loss: 15.3913, Accuracy: 0.4062, Learning Rate: 0.100000, Epoch: 1, Global Step: 122
2025-05-09 16:21:06,467 - INFO - Speed: 427.74 samples/sec, Loss: 13.2996, Accuracy: 0.4375, Learning Rate: 0.100000, Epoch: 1, Global Step: 123
2025-05-09 16:21:07,101 - INFO - Speed: 425.82 samples/sec, Loss: 14.0114, Accuracy: 0.4062, Learning Rate: 0.100000, Epoch: 1, Global Step: 124
2025-05-09 16:21:07,711 - INFO - Speed: 436.15 samples/sec, Loss: 18.4314, Accuracy: 0.4375, Learning Rate: 0.100000, Epoch: 1, Global Step: 125
2025-05-09 16:21:08,323 - INFO - Speed: 398.96 samples/sec, Loss: 16.5741, Accuracy: 0.4062, Learning Rate: 0.100000, Epoch: 1, Global Step: 126
2025-05-09 16:21:08,913 - INFO - Speed: 287.83 samples/sec, Loss: 17.1711, Accuracy: 0.3438, Learning Rate: 0.100000, Epoch: 1, Global Step: 127
2025-05-09 16:21:09,488 - INFO - Speed: 296.98 samples/sec, Loss: 18.5820, Accuracy: 0.3750, Learning Rate: 0.100000, Epoch: 1, Global Step: 128
2025-05-09 16:21:10,108 - INFO - Speed: 375.33 samples/sec, Loss: 18.8995, Accuracy: 0.3438, Learning Rate: 0.100000, Epoch: 1, Global Step: 129
2025-05-09 16:21:10,677 - INFO - Speed: 370.97 samples/sec, Loss: 18.6738, Accuracy: 0.4688, Learning Rate: 0.100000, Epoch: 1, Global Step: 130
2025-05-09 16:21:11,220 - INFO - Speed: 397.60 samples/sec, Loss: 15.8009, Accuracy: 0.5000, Learning Rate: 0.100000, Epoch: 1, Global Step: 131
2025-05-09 16:21:11,773 - INFO - Speed: 417.52 samples/sec, Loss: 8.0104, Accuracy: 0.5000, Learning Rate: 0.100000, Epoch: 1, Global Step: 132
2025-05-09 16:21:12,353 - INFO - Speed: 416.07 samples/sec, Loss: 17.0626, Accuracy: 0.3750, Learning Rate: 0.100000, Epoch: 1, Global Step: 133
2025-05-09 16:21:12,943 - INFO - Speed: 420.05 samples/sec, Loss: 16.4692, Accuracy: 0.3125, Learning Rate: 0.100000, Epoch: 1, Global Step: 134
2025-05-09 16:21:13,511 - INFO - Speed: 352.77 samples/sec, Loss: 12.1503, Accuracy: 0.4688, Learning Rate: 0.100000, Epoch: 1, Global Step: 135
2025-05-09 16:21:14,093 - INFO - Speed: 331.61 samples/sec, Loss: 16.1867, Accuracy: 0.4688, Learning Rate: 0.100000, Epoch: 1, Global Step: 136
2025-05-09 16:21:14,696 - INFO - Speed: 356.15 samples/sec, Loss: 12.2312, Accuracy: 0.4062, Learning Rate: 0.100000, Epoch: 1, Global Step: 137
2025-05-09 16:21:15,294 - INFO - Speed: 358.86 samples/sec, Loss: 20.5192, Accuracy: 0.3438, Learning Rate: 0.100000, Epoch: 1, Global Step: 138
2025-05-09 16:21:15,860 - INFO - Speed: 337.32 samples/sec, Loss: 12.6380, Accuracy: 0.5000, Learning Rate: 0.100000, Epoch: 1, Global Step: 139
2025-05-09 16:21:16,415 - INFO - Speed: 406.91 samples/sec, Loss: 12.9826, Accuracy: 0.5000, Learning Rate: 0.100000, Epoch: 1, Global Step: 140
2025-05-09 16:21:16,986 - INFO - Speed: 383.51 samples/sec, Loss: 9.8917, Accuracy: 0.5625, Learning Rate: 0.100000, Epoch: 1, Global Step: 141
2025-05-09 16:21:17,551 - INFO - Speed: 414.71 samples/sec, Loss: 15.6264, Accuracy: 0.4062, Learning Rate: 0.100000, Epoch: 1, Global Step: 142
2025-05-09 16:21:18,119 - INFO - Speed: 409.41 samples/sec, Loss: 14.2741, Accuracy: 0.5000, Learning Rate: 0.100000, Epoch: 1, Global Step: 143
2025-05-09 16:21:18,712 - INFO - Speed: 417.08 samples/sec, Loss: 22.2701, Accuracy: 0.3438, Learning Rate: 0.100000, Epoch: 1, Global Step: 144
2025-05-09 16:21:19,307 - INFO - Speed: 290.45 samples/sec, Loss: 15.8330, Accuracy: 0.4688, Learning Rate: 0.100000, Epoch: 1, Global Step: 145
2025-05-09 16:21:19,913 - INFO - Speed: 313.04 samples/sec, Loss: 16.4212, Accuracy: 0.3125, Learning Rate: 0.100000, Epoch: 1, Global Step: 146
2025-05-09 16:21:20,485 - INFO - Speed: 325.89 samples/sec, Loss: 15.6455, Accuracy: 0.5000, Learning Rate: 0.100000, Epoch: 1, Global Step: 147
2025-05-09 16:21:21,112 - INFO - Speed: 365.07 samples/sec, Loss: 11.0863, Accuracy: 0.5625, Learning Rate: 0.100000, Epoch: 1, Global Step: 148
2025-05-09 16:21:21,676 - INFO - Speed: 360.82 samples/sec, Loss: 12.3562, Accuracy: 0.4688, Learning Rate: 0.100000, Epoch: 1, Global Step: 149
2025-05-09 16:21:22,262 - INFO - Speed: 388.59 samples/sec, Loss: 15.8874, Accuracy: 0.4688, Learning Rate: 0.100000, Epoch: 1, Global Step: 150
2025-05-09 16:21:22,846 - INFO - Speed: 403.14 samples/sec, Loss: 16.3673, Accuracy: 0.4688, Learning Rate: 0.100000, Epoch: 1, Global Step: 151
2025-05-09 16:21:23,415 - INFO - Speed: 421.39 samples/sec, Loss: 17.3299, Accuracy: 0.3750, Learning Rate: 0.100000, Epoch: 1, Global Step: 152
2025-05-09 16:21:23,983 - INFO - Speed: 421.28 samples/sec, Loss: 10.5650, Accuracy: 0.4375, Learning Rate: 0.100000, Epoch: 1, Global Step: 153
2025-05-09 16:21:24,537 - INFO - Speed: 417.53 samples/sec, Loss: 12.7428, Accuracy: 0.3750, Learning Rate: 0.100000, Epoch: 1, Global Step: 154
2025-05-09 16:21:25,101 - INFO - Speed: 356.86 samples/sec, Loss: 13.7786, Accuracy: 0.5000, Learning Rate: 0.100000, Epoch: 1, Global Step: 155
2025-05-09 16:21:25,674 - INFO - Speed: 330.91 samples/sec, Loss: 11.0258, Accuracy: 0.4375, Learning Rate: 0.100000, Epoch: 1, Global Step: 156
2025-05-09 16:21:26,240 - INFO - Speed: 375.37 samples/sec, Loss: 14.1822, Accuracy: 0.4375, Learning Rate: 0.100000, Epoch: 1, Global Step: 157
2025-05-09 16:21:26,801 - INFO - Speed: 384.23 samples/sec, Loss: 13.0916, Accuracy: 0.5625, Learning Rate: 0.100000, Epoch: 1, Global Step: 158
2025-05-09 16:21:27,372 - INFO - Speed: 414.28 samples/sec, Loss: 15.0203, Accuracy: 0.4375, Learning Rate: 0.100000, Epoch: 1, Global Step: 159
2025-05-09 16:21:27,930 - INFO - Speed: 425.89 samples/sec, Loss: 16.4908, Accuracy: 0.4688, Learning Rate: 0.100000, Epoch: 1, Global Step: 160
2025-05-09 16:21:28,496 - INFO - Speed: 406.65 samples/sec, Loss: 13.5897, Accuracy: 0.3438, Learning Rate: 0.100000, Epoch: 1, Global Step: 161
2025-05-09 16:21:29,063 - INFO - Speed: 421.23 samples/sec, Loss: 17.9543, Accuracy: 0.4375, Learning Rate: 0.100000, Epoch: 1, Global Step: 162
2025-05-09 16:21:29,650 - INFO - Speed: 410.34 samples/sec, Loss: 14.2985, Accuracy: 0.5000, Learning Rate: 0.100000, Epoch: 1, Global Step: 163
2025-05-09 16:21:30,211 - INFO - Speed: 423.91 samples/sec, Loss: 15.1401, Accuracy: 0.3750, Learning Rate: 0.100000, Epoch: 1, Global Step: 164
2025-05-09 16:21:30,778 - INFO - Speed: 412.15 samples/sec, Loss: 13.7263, Accuracy: 0.5000, Learning Rate: 0.100000, Epoch: 1, Global Step: 165
2025-05-09 16:21:31,343 - INFO - Speed: 409.40 samples/sec, Loss: 14.6210, Accuracy: 0.3750, Learning Rate: 0.100000, Epoch: 1, Global Step: 166
2025-05-09 16:21:31,889 - INFO - Speed: 421.30 samples/sec, Loss: 17.8890, Accuracy: 0.3438, Learning Rate: 0.100000, Epoch: 1, Global Step: 167
2025-05-09 16:21:32,453 - INFO - Speed: 429.97 samples/sec, Loss: 8.6940, Accuracy: 0.6562, Learning Rate: 0.100000, Epoch: 1, Global Step: 168
2025-05-09 16:21:33,031 - INFO - Speed: 375.22 samples/sec, Loss: 13.9316, Accuracy: 0.4375, Learning Rate: 0.100000, Epoch: 1, Global Step: 169
2025-05-09 16:21:33,578 - INFO - Speed: 405.90 samples/sec, Loss: 8.3652, Accuracy: 0.5625, Learning Rate: 0.100000, Epoch: 1, Global Step: 170
2025-05-09 16:21:34,162 - INFO - Speed: 408.50 samples/sec, Loss: 12.6448, Accuracy: 0.4688, Learning Rate: 0.100000, Epoch: 1, Global Step: 171
2025-05-09 16:21:34,741 - INFO - Speed: 411.60 samples/sec, Loss: 16.7349, Accuracy: 0.4688, Learning Rate: 0.100000, Epoch: 1, Global Step: 172
2025-05-09 16:21:35,307 - INFO - Speed: 411.21 samples/sec, Loss: 9.0519, Accuracy: 0.5625, Learning Rate: 0.100000, Epoch: 1, Global Step: 173
2025-05-09 16:21:35,858 - INFO - Speed: 418.89 samples/sec, Loss: 19.3229, Accuracy: 0.2500, Learning Rate: 0.100000, Epoch: 1, Global Step: 174
2025-05-09 16:21:36,409 - INFO - Speed: 415.67 samples/sec, Loss: 8.5661, Accuracy: 0.5938, Learning Rate: 0.100000, Epoch: 1, Global Step: 175
2025-05-09 16:21:37,043 - INFO - Speed: 402.37 samples/sec, Loss: 11.1059, Accuracy: 0.4688, Learning Rate: 0.100000, Epoch: 1, Global Step: 176
2025-05-09 16:21:37,686 - INFO - Speed: 414.54 samples/sec, Loss: 10.2675, Accuracy: 0.4375, Learning Rate: 0.100000, Epoch: 1, Global Step: 177
2025-05-09 16:21:38,320 - INFO - Speed: 421.09 samples/sec, Loss: 16.4366, Accuracy: 0.3438, Learning Rate: 0.100000, Epoch: 1, Global Step: 178
2025-05-09 16:21:38,884 - INFO - Speed: 417.78 samples/sec, Loss: 13.7379, Accuracy: 0.4062, Learning Rate: 0.100000, Epoch: 1, Global Step: 179
2025-05-09 16:21:39,443 - INFO - Speed: 351.53 samples/sec, Loss: 13.6469, Accuracy: 0.5000, Learning Rate: 0.100000, Epoch: 1, Global Step: 180
2025-05-09 16:21:40,013 - INFO - Speed: 399.27 samples/sec, Loss: 12.9426, Accuracy: 0.4375, Learning Rate: 0.100000, Epoch: 1, Global Step: 181
2025-05-09 16:21:40,605 - INFO - Speed: 408.51 samples/sec, Loss: 14.0268, Accuracy: 0.4375, Learning Rate: 0.100000, Epoch: 1, Global Step: 182
2025-05-09 16:21:41,208 - INFO - Speed: 422.22 samples/sec, Loss: 18.1955, Accuracy: 0.3750, Learning Rate: 0.100000, Epoch: 1, Global Step: 183
2025-05-09 16:21:41,774 - INFO - Speed: 414.62 samples/sec, Loss: 14.3700, Accuracy: 0.4062, Learning Rate: 0.100000, Epoch: 1, Global Step: 184
2025-05-09 16:21:42,339 - INFO - Speed: 413.86 samples/sec, Loss: 9.2766, Accuracy: 0.5312, Learning Rate: 0.100000, Epoch: 1, Global Step: 185
2025-05-09 16:21:42,905 - INFO - Speed: 382.54 samples/sec, Loss: 10.6701, Accuracy: 0.4375, Learning Rate: 0.100000, Epoch: 1, Global Step: 186
2025-05-09 16:21:43,488 - INFO - Speed: 331.17 samples/sec, Loss: 10.6400, Accuracy: 0.4375, Learning Rate: 0.100000, Epoch: 1, Global Step: 187
2025-05-09 16:21:44,080 - INFO - Speed: 348.60 samples/sec, Loss: 12.4750, Accuracy: 0.4375, Learning Rate: 0.100000, Epoch: 1, Global Step: 188
2025-05-09 16:21:44,676 - INFO - Speed: 358.77 samples/sec, Loss: 15.9489, Accuracy: 0.4375, Learning Rate: 0.100000, Epoch: 1, Global Step: 189
2025-05-09 16:21:45,233 - INFO - Speed: 395.51 samples/sec, Loss: 8.3786, Accuracy: 0.7188, Learning Rate: 0.100000, Epoch: 1, Global Step: 190
2025-05-09 16:21:45,795 - INFO - Speed: 410.78 samples/sec, Loss: 10.4630, Accuracy: 0.5625, Learning Rate: 0.100000, Epoch: 1, Global Step: 191
2025-05-09 16:21:46,347 - INFO - Speed: 417.42 samples/sec, Loss: 9.8389, Accuracy: 0.5312, Learning Rate: 0.100000, Epoch: 1, Global Step: 192
2025-05-09 16:21:46,911 - INFO - Speed: 413.51 samples/sec, Loss: 11.2729, Accuracy: 0.5000, Learning Rate: 0.100000, Epoch: 1, Global Step: 193
2025-05-09 16:21:47,479 - INFO - Speed: 417.42 samples/sec, Loss: 13.3623, Accuracy: 0.4375, Learning Rate: 0.100000, Epoch: 1, Global Step: 194
2025-05-09 16:21:48,103 - INFO - Speed: 356.94 samples/sec, Loss: 16.2760, Accuracy: 0.3750, Learning Rate: 0.100000, Epoch: 1, Global Step: 195
2025-05-09 16:21:48,679 - INFO - Speed: 322.70 samples/sec, Loss: 12.3139, Accuracy: 0.3750, Learning Rate: 0.100000, Epoch: 1, Global Step: 196
2025-05-09 16:21:49,248 - INFO - Speed: 361.86 samples/sec, Loss: 7.4833, Accuracy: 0.5938, Learning Rate: 0.100000, Epoch: 1, Global Step: 197
2025-05-09 16:21:49,804 - INFO - Speed: 379.63 samples/sec, Loss: 9.0022, Accuracy: 0.5312, Learning Rate: 0.100000, Epoch: 1, Global Step: 198
2025-05-09 16:21:50,387 - INFO - Speed: 414.15 samples/sec, Loss: 11.2569, Accuracy: 0.6562, Learning Rate: 0.100000, Epoch: 1, Global Step: 199
2025-05-09 16:21:50,923 - INFO - Speed: 417.64 samples/sec, Loss: 8.8784, Accuracy: 0.6562, Learning Rate: 0.100000, Epoch: 1, Global Step: 200
2025-05-09 16:21:51,479 - INFO - Speed: 418.84 samples/sec, Loss: 15.5908, Accuracy: 0.4062, Learning Rate: 0.100000, Epoch: 1, Global Step: 201
2025-05-09 16:21:52,038 - INFO - Speed: 422.81 samples/sec, Loss: 11.8229, Accuracy: 0.5938, Learning Rate: 0.100000, Epoch: 1, Global Step: 202
2025-05-09 16:21:52,606 - INFO - Speed: 386.40 samples/sec, Loss: 12.6698, Accuracy: 0.5312, Learning Rate: 0.100000, Epoch: 1, Global Step: 203
2025-05-09 16:21:53,177 - INFO - Speed: 391.91 samples/sec, Loss: 7.5143, Accuracy: 0.6562, Learning Rate: 0.100000, Epoch: 1, Global Step: 204
2025-05-09 16:21:53,779 - INFO - Speed: 411.97 samples/sec, Loss: 16.8651, Accuracy: 0.5312, Learning Rate: 0.100000, Epoch: 1, Global Step: 205
2025-05-09 16:21:54,334 - INFO - Speed: 414.11 samples/sec, Loss: 14.2839, Accuracy: 0.4062, Learning Rate: 0.100000, Epoch: 1, Global Step: 206
2025-05-09 16:21:54,922 - INFO - Speed: 377.10 samples/sec, Loss: 13.4699, Accuracy: 0.5312, Learning Rate: 0.100000, Epoch: 1, Global Step: 207
2025-05-09 16:21:55,551 - INFO - Speed: 422.15 samples/sec, Loss: 20.3256, Accuracy: 0.4062, Learning Rate: 0.100000, Epoch: 1, Global Step: 208
2025-05-09 16:21:56,090 - INFO - Speed: 401.76 samples/sec, Loss: 15.0273, Accuracy: 0.4688, Learning Rate: 0.100000, Epoch: 1, Global Step: 209
2025-05-09 16:21:56,669 - INFO - Speed: 360.66 samples/sec, Loss: 9.3562, Accuracy: 0.5938, Learning Rate: 0.100000, Epoch: 1, Global Step: 210
2025-05-09 16:21:57,227 - INFO - Speed: 387.68 samples/sec, Loss: 9.8722, Accuracy: 0.6562, Learning Rate: 0.100000, Epoch: 1, Global Step: 211
2025-05-09 16:21:57,791 - INFO - Speed: 399.28 samples/sec, Loss: 13.4929, Accuracy: 0.5625, Learning Rate: 0.100000, Epoch: 1, Global Step: 212
2025-05-09 16:21:58,352 - INFO - Speed: 401.02 samples/sec, Loss: 14.7472, Accuracy: 0.4062, Learning Rate: 0.100000, Epoch: 1, Global Step: 213
2025-05-09 16:21:58,909 - INFO - Speed: 420.26 samples/sec, Loss: 18.6332, Accuracy: 0.3438, Learning Rate: 0.100000, Epoch: 1, Global Step: 214
2025-05-09 16:21:59,462 - INFO - Speed: 405.10 samples/sec, Loss: 16.4686, Accuracy: 0.5000, Learning Rate: 0.100000, Epoch: 1, Global Step: 215
2025-05-09 16:22:00,049 - INFO - Speed: 419.93 samples/sec, Loss: 19.6851, Accuracy: 0.4062, Learning Rate: 0.100000, Epoch: 1, Global Step: 216
2025-05-09 16:22:00,603 - INFO - Speed: 423.13 samples/sec, Loss: 17.1538, Accuracy: 0.4062, Learning Rate: 0.100000, Epoch: 1, Global Step: 217
2025-05-09 16:22:01,157 - INFO - Speed: 399.39 samples/sec, Loss: 9.1238, Accuracy: 0.5000, Learning Rate: 0.100000, Epoch: 1, Global Step: 218
2025-05-09 16:22:01,692 - INFO - Speed: 418.65 samples/sec, Loss: 20.2205, Accuracy: 0.3750, Learning Rate: 0.100000, Epoch: 1, Global Step: 219
2025-05-09 16:22:02,237 - INFO - Speed: 420.30 samples/sec, Loss: 11.8064, Accuracy: 0.5312, Learning Rate: 0.100000, Epoch: 1, Global Step: 220
2025-05-09 16:22:02,783 - INFO - Speed: 425.96 samples/sec, Loss: 11.5129, Accuracy: 0.5000, Learning Rate: 0.100000, Epoch: 1, Global Step: 221
2025-05-09 16:22:03,353 - INFO - Speed: 373.04 samples/sec, Loss: 11.0116, Accuracy: 0.5312, Learning Rate: 0.100000, Epoch: 1, Global Step: 222
2025-05-09 16:22:03,887 - INFO - Speed: 409.53 samples/sec, Loss: 17.5977, Accuracy: 0.4688, Learning Rate: 0.100000, Epoch: 1, Global Step: 223
2025-05-09 16:22:04,443 - INFO - Speed: 390.51 samples/sec, Loss: 9.6905, Accuracy: 0.5312, Learning Rate: 0.100000, Epoch: 1, Global Step: 224
2025-05-09 16:22:04,982 - INFO - Speed: 408.38 samples/sec, Loss: 13.1407, Accuracy: 0.4062, Learning Rate: 0.100000, Epoch: 1, Global Step: 225
2025-05-09 16:22:05,520 - INFO - Speed: 425.41 samples/sec, Loss: 12.6346, Accuracy: 0.5938, Learning Rate: 0.100000, Epoch: 1, Global Step: 226
2025-05-09 16:22:06,056 - INFO - Speed: 420.78 samples/sec, Loss: 17.0811, Accuracy: 0.4062, Learning Rate: 0.100000, Epoch: 1, Global Step: 227
2025-05-09 16:22:06,650 - INFO - Speed: 404.09 samples/sec, Loss: 11.3873, Accuracy: 0.4688, Learning Rate: 0.100000, Epoch: 1, Global Step: 228
2025-05-09 16:22:07,269 - INFO - Speed: 409.11 samples/sec, Loss: 12.9723, Accuracy: 0.4375, Learning Rate: 0.100000, Epoch: 1, Global Step: 229
2025-05-09 16:22:07,881 - INFO - Speed: 416.08 samples/sec, Loss: 14.1831, Accuracy: 0.2812, Learning Rate: 0.100000, Epoch: 1, Global Step: 230
2025-05-09 16:22:08,464 - INFO - Speed: 417.56 samples/sec, Loss: 7.3071, Accuracy: 0.5000, Learning Rate: 0.100000, Epoch: 1, Global Step: 231
2025-05-09 16:22:09,028 - INFO - Speed: 370.01 samples/sec, Loss: 13.8230, Accuracy: 0.4688, Learning Rate: 0.100000, Epoch: 1, Global Step: 232
2025-05-09 16:22:09,578 - INFO - Speed: 406.94 samples/sec, Loss: 9.2390, Accuracy: 0.5938, Learning Rate: 0.100000, Epoch: 1, Global Step: 233
2025-05-09 16:22:10,144 - INFO - Speed: 396.81 samples/sec, Loss: 13.8881, Accuracy: 0.5000, Learning Rate: 0.100000, Epoch: 1, Global Step: 234
2025-05-09 16:22:10,714 - INFO - Speed: 409.52 samples/sec, Loss: 11.3510, Accuracy: 0.5938, Learning Rate: 0.100000, Epoch: 1, Global Step: 235
2025-05-09 16:22:11,265 - INFO - Speed: 415.46 samples/sec, Loss: 10.2388, Accuracy: 0.3750, Learning Rate: 0.100000, Epoch: 1, Global Step: 236
2025-05-09 16:22:11,825 - INFO - Speed: 409.54 samples/sec, Loss: 9.9447, Accuracy: 0.6562, Learning Rate: 0.100000, Epoch: 1, Global Step: 237
2025-05-09 16:22:12,374 - INFO - Speed: 364.98 samples/sec, Loss: 11.2910, Accuracy: 0.5312, Learning Rate: 0.100000, Epoch: 1, Global Step: 238
2025-05-09 16:22:12,917 - INFO - Speed: 401.64 samples/sec, Loss: 8.1077, Accuracy: 0.5938, Learning Rate: 0.100000, Epoch: 1, Global Step: 239
2025-05-09 16:22:13,478 - INFO - Speed: 396.87 samples/sec, Loss: 16.6222, Accuracy: 0.4375, Learning Rate: 0.100000, Epoch: 1, Global Step: 240
2025-05-09 16:22:14,021 - INFO - Speed: 394.66 samples/sec, Loss: 10.8063, Accuracy: 0.5625, Learning Rate: 0.100000, Epoch: 1, Global Step: 241
2025-05-09 16:22:14,586 - INFO - Speed: 406.15 samples/sec, Loss: 12.2504, Accuracy: 0.4375, Learning Rate: 0.100000, Epoch: 1, Global Step: 242
2025-05-09 16:22:15,144 - INFO - Speed: 418.08 samples/sec, Loss: 15.6413, Accuracy: 0.4375, Learning Rate: 0.100000, Epoch: 1, Global Step: 243
2025-05-09 16:22:15,709 - INFO - Speed: 404.36 samples/sec, Loss: 8.8145, Accuracy: 0.5312, Learning Rate: 0.100000, Epoch: 1, Global Step: 244
2025-05-09 16:22:16,271 - INFO - Speed: 351.05 samples/sec, Loss: 11.2725, Accuracy: 0.5312, Learning Rate: 0.100000, Epoch: 1, Global Step: 245
2025-05-09 16:22:16,815 - INFO - Speed: 359.61 samples/sec, Loss: 6.8859, Accuracy: 0.5312, Learning Rate: 0.100000, Epoch: 1, Global Step: 246
2025-05-09 16:22:17,377 - INFO - Speed: 369.29 samples/sec, Loss: 13.9745, Accuracy: 0.5938, Learning Rate: 0.100000, Epoch: 1, Global Step: 247
2025-05-09 16:22:17,904 - INFO - Speed: 400.80 samples/sec, Loss: 10.1240, Accuracy: 0.5625, Learning Rate: 0.100000, Epoch: 1, Global Step: 248
2025-05-09 16:22:18,450 - INFO - Speed: 407.01 samples/sec, Loss: 13.1375, Accuracy: 0.4688, Learning Rate: 0.100000, Epoch: 1, Global Step: 249
2025-05-09 16:22:18,972 - INFO - Speed: 409.25 samples/sec, Loss: 5.7291, Accuracy: 0.6562, Learning Rate: 0.100000, Epoch: 1, Global Step: 250
2025-05-09 16:22:19,548 - INFO - Speed: 358.71 samples/sec, Loss: 8.4241, Accuracy: 0.5625, Learning Rate: 0.100000, Epoch: 1, Global Step: 251
2025-05-09 16:22:20,086 - INFO - Speed: 384.79 samples/sec, Loss: 12.0290, Accuracy: 0.5625, Learning Rate: 0.100000, Epoch: 1, Global Step: 252
2025-05-09 16:22:20,640 - INFO - Speed: 380.00 samples/sec, Loss: 11.4901, Accuracy: 0.5000, Learning Rate: 0.100000, Epoch: 1, Global Step: 253
2025-05-09 16:22:21,238 - INFO - Speed: 402.30 samples/sec, Loss: 9.3017, Accuracy: 0.5938, Learning Rate: 0.100000, Epoch: 1, Global Step: 254
2025-05-09 16:22:21,808 - INFO - Speed: 395.94 samples/sec, Loss: 8.4977, Accuracy: 0.5938, Learning Rate: 0.100000, Epoch: 1, Global Step: 255
2025-05-09 16:22:22,372 - INFO - Speed: 400.65 samples/sec, Loss: 9.7162, Accuracy: 0.5312, Learning Rate: 0.100000, Epoch: 1, Global Step: 256
2025-05-09 16:22:22,925 - INFO - Speed: 412.01 samples/sec, Loss: 14.5179, Accuracy: 0.4062, Learning Rate: 0.100000, Epoch: 1, Global Step: 257
2025-05-09 16:22:23,474 - INFO - Speed: 409.83 samples/sec, Loss: 21.6992, Accuracy: 0.3438, Learning Rate: 0.100000, Epoch: 1, Global Step: 258
2025-05-09 16:22:24,015 - INFO - Speed: 413.28 samples/sec, Loss: 14.4489, Accuracy: 0.3750, Learning Rate: 0.100000, Epoch: 1, Global Step: 259
2025-05-09 16:22:24,581 - INFO - Speed: 369.01 samples/sec, Loss: 12.0458, Accuracy: 0.6562, Learning Rate: 0.100000, Epoch: 1, Global Step: 260
2025-05-09 16:22:25,142 - INFO - Speed: 333.39 samples/sec, Loss: 10.0178, Accuracy: 0.5484, Learning Rate: 0.100000, Epoch: 1, Global Step: 261
2025-05-09 16:22:25,424 - INFO - Epoch: 1, Avg Speed: 386.85 samples/sec, Avg Loss: 16.4320, Avg Accuracy: 0.3791, Avg Learning Rate: 0.100000, Avg Global Step: 1.0
2025-05-09 16:22:25,425 - INFO - [AkaCam] | Accuracy: 0.000000 | Precision: 0.000000 | Recall: 0.000000 | Selectivity: 0.000000 | AUC: 0.000000
2025-05-09 16:22:25,425 - INFO - [InsightFace] | Accuracy: 0.000000 | AUC: 0.000000 | Accuracy Combination: 0.000000 | Combination Score: 0.000000
2025-05-09 16:22:25,425 - INFO - |[Total]|   [AkaCam] Accuracy: 0.000000 | [AkaCam] AUC: 0.000000 | [Total] Accuracy: 0.000000 | [Total] AUC: 0.000000
2025-05-09 16:22:26,822 - INFO - Starting epoch 2
2025-05-09 16:22:27,212 - INFO - Speed: 209.45 samples/sec, Loss: 4.7730, Accuracy: 0.7188, Learning Rate: 0.100000, Epoch: 2, Global Step: 262
2025-05-09 16:22:27,522 - INFO - Speed: 404.65 samples/sec, Loss: 8.6248, Accuracy: 0.6562, Learning Rate: 0.100000, Epoch: 2, Global Step: 263
2025-05-09 16:22:27,835 - INFO - Speed: 405.93 samples/sec, Loss: 11.7029, Accuracy: 0.5938, Learning Rate: 0.100000, Epoch: 2, Global Step: 264
2025-05-09 16:22:28,141 - INFO - Speed: 409.44 samples/sec, Loss: 15.0798, Accuracy: 0.5312, Learning Rate: 0.100000, Epoch: 2, Global Step: 265
2025-05-09 16:22:28,441 - INFO - Speed: 399.09 samples/sec, Loss: 18.1872, Accuracy: 0.3438, Learning Rate: 0.100000, Epoch: 2, Global Step: 266
2025-05-09 16:22:28,745 - INFO - Speed: 420.52 samples/sec, Loss: 12.6826, Accuracy: 0.5000, Learning Rate: 0.100000, Epoch: 2, Global Step: 267
2025-05-09 16:22:29,026 - INFO - Speed: 422.58 samples/sec, Loss: 9.8874, Accuracy: 0.3438, Learning Rate: 0.100000, Epoch: 2, Global Step: 268
2025-05-09 16:22:29,314 - INFO - Speed: 420.41 samples/sec, Loss: 10.7088, Accuracy: 0.4375, Learning Rate: 0.100000, Epoch: 2, Global Step: 269
2025-05-09 16:22:29,585 - INFO - Speed: 423.10 samples/sec, Loss: 8.1370, Accuracy: 0.5312, Learning Rate: 0.100000, Epoch: 2, Global Step: 270
2025-05-09 16:22:29,884 - INFO - Speed: 417.44 samples/sec, Loss: 9.3431, Accuracy: 0.5938, Learning Rate: 0.100000, Epoch: 2, Global Step: 271
2025-05-09 16:22:30,186 - INFO - Speed: 415.35 samples/sec, Loss: 13.1124, Accuracy: 0.5312, Learning Rate: 0.100000, Epoch: 2, Global Step: 272
2025-05-09 16:22:30,499 - INFO - Speed: 413.83 samples/sec, Loss: 14.3696, Accuracy: 0.3438, Learning Rate: 0.100000, Epoch: 2, Global Step: 273
2025-05-09 16:22:30,799 - INFO - Speed: 384.10 samples/sec, Loss: 14.9183, Accuracy: 0.5312, Learning Rate: 0.100000, Epoch: 2, Global Step: 274
2025-05-09 16:22:31,092 - INFO - Speed: 396.03 samples/sec, Loss: 8.6720, Accuracy: 0.5938, Learning Rate: 0.100000, Epoch: 2, Global Step: 275
2025-05-09 16:22:31,378 - INFO - Speed: 394.96 samples/sec, Loss: 6.0319, Accuracy: 0.6250, Learning Rate: 0.100000, Epoch: 2, Global Step: 276
2025-05-09 16:22:31,656 - INFO - Speed: 417.59 samples/sec, Loss: 9.5195, Accuracy: 0.4688, Learning Rate: 0.100000, Epoch: 2, Global Step: 277
2025-05-09 16:22:31,946 - INFO - Speed: 419.87 samples/sec, Loss: 11.9220, Accuracy: 0.5625, Learning Rate: 0.100000, Epoch: 2, Global Step: 278
2025-05-09 16:22:32,222 - INFO - Speed: 414.04 samples/sec, Loss: 8.1647, Accuracy: 0.6562, Learning Rate: 0.100000, Epoch: 2, Global Step: 279
2025-05-09 16:22:32,531 - INFO - Speed: 420.86 samples/sec, Loss: 11.6534, Accuracy: 0.4375, Learning Rate: 0.100000, Epoch: 2, Global Step: 280
2025-05-09 16:22:32,837 - INFO - Speed: 417.60 samples/sec, Loss: 8.9119, Accuracy: 0.6250, Learning Rate: 0.100000, Epoch: 2, Global Step: 281
2025-05-09 16:22:33,129 - INFO - Speed: 413.44 samples/sec, Loss: 12.2249, Accuracy: 0.6250, Learning Rate: 0.100000, Epoch: 2, Global Step: 282
2025-05-09 16:22:33,439 - INFO - Speed: 391.11 samples/sec, Loss: 7.7746, Accuracy: 0.7188, Learning Rate: 0.100000, Epoch: 2, Global Step: 283
2025-05-09 16:22:33,730 - INFO - Speed: 415.47 samples/sec, Loss: 12.6499, Accuracy: 0.6250, Learning Rate: 0.100000, Epoch: 2, Global Step: 284
2025-05-09 16:22:34,028 - INFO - Speed: 401.13 samples/sec, Loss: 15.6450, Accuracy: 0.5000, Learning Rate: 0.100000, Epoch: 2, Global Step: 285
2025-05-09 16:22:34,325 - INFO - Speed: 415.08 samples/sec, Loss: 9.3771, Accuracy: 0.6250, Learning Rate: 0.100000, Epoch: 2, Global Step: 286
2025-05-09 16:22:34,619 - INFO - Speed: 411.29 samples/sec, Loss: 4.6601, Accuracy: 0.6875, Learning Rate: 0.100000, Epoch: 2, Global Step: 287
2025-05-09 16:22:34,919 - INFO - Speed: 420.80 samples/sec, Loss: 14.4372, Accuracy: 0.5312, Learning Rate: 0.100000, Epoch: 2, Global Step: 288
2025-05-09 16:22:35,201 - INFO - Speed: 412.13 samples/sec, Loss: 4.0068, Accuracy: 0.7812, Learning Rate: 0.100000, Epoch: 2, Global Step: 289
2025-05-09 16:22:35,507 - INFO - Speed: 404.61 samples/sec, Loss: 11.6163, Accuracy: 0.5312, Learning Rate: 0.100000, Epoch: 2, Global Step: 290
2025-05-09 16:22:35,793 - INFO - Speed: 422.33 samples/sec, Loss: 9.4107, Accuracy: 0.5625, Learning Rate: 0.100000, Epoch: 2, Global Step: 291
2025-05-09 16:22:36,086 - INFO - Speed: 413.46 samples/sec, Loss: 8.4497, Accuracy: 0.5938, Learning Rate: 0.100000, Epoch: 2, Global Step: 292
2025-05-09 16:22:36,396 - INFO - Speed: 393.11 samples/sec, Loss: 17.0188, Accuracy: 0.3750, Learning Rate: 0.100000, Epoch: 2, Global Step: 293
2025-05-09 16:22:36,743 - INFO - Speed: 414.84 samples/sec, Loss: 11.8024, Accuracy: 0.5938, Learning Rate: 0.100000, Epoch: 2, Global Step: 294
2025-05-09 16:22:37,073 - INFO - Speed: 410.73 samples/sec, Loss: 11.6277, Accuracy: 0.5312, Learning Rate: 0.100000, Epoch: 2, Global Step: 295
2025-05-09 16:22:37,396 - INFO - Speed: 408.30 samples/sec, Loss: 14.0183, Accuracy: 0.4688, Learning Rate: 0.100000, Epoch: 2, Global Step: 296
2025-05-09 16:22:37,714 - INFO - Speed: 396.81 samples/sec, Loss: 9.0112, Accuracy: 0.5938, Learning Rate: 0.100000, Epoch: 2, Global Step: 297
2025-05-09 16:22:38,022 - INFO - Speed: 405.03 samples/sec, Loss: 13.4919, Accuracy: 0.5312, Learning Rate: 0.100000, Epoch: 2, Global Step: 298
2025-05-09 16:22:38,335 - INFO - Speed: 411.91 samples/sec, Loss: 9.8414, Accuracy: 0.5938, Learning Rate: 0.100000, Epoch: 2, Global Step: 299
2025-05-09 16:22:38,627 - INFO - Speed: 406.46 samples/sec, Loss: 13.0435, Accuracy: 0.5625, Learning Rate: 0.100000, Epoch: 2, Global Step: 300
2025-05-09 16:22:38,938 - INFO - Speed: 399.99 samples/sec, Loss: 15.8078, Accuracy: 0.3438, Learning Rate: 0.100000, Epoch: 2, Global Step: 301
2025-05-09 16:22:39,235 - INFO - Speed: 418.88 samples/sec, Loss: 8.4821, Accuracy: 0.5938, Learning Rate: 0.100000, Epoch: 2, Global Step: 302
2025-05-09 16:22:39,518 - INFO - Speed: 421.93 samples/sec, Loss: 10.0122, Accuracy: 0.5938, Learning Rate: 0.100000, Epoch: 2, Global Step: 303
2025-05-09 16:22:39,805 - INFO - Speed: 420.39 samples/sec, Loss: 9.9580, Accuracy: 0.4375, Learning Rate: 0.100000, Epoch: 2, Global Step: 304
2025-05-09 16:22:40,078 - INFO - Speed: 417.83 samples/sec, Loss: 4.7945, Accuracy: 0.7188, Learning Rate: 0.100000, Epoch: 2, Global Step: 305
2025-05-09 16:22:40,380 - INFO - Speed: 410.12 samples/sec, Loss: 9.9688, Accuracy: 0.5625, Learning Rate: 0.100000, Epoch: 2, Global Step: 306
2025-05-09 16:22:40,671 - INFO - Speed: 406.86 samples/sec, Loss: 8.1996, Accuracy: 0.5312, Learning Rate: 0.100000, Epoch: 2, Global Step: 307
2025-05-09 16:22:40,948 - INFO - Speed: 425.95 samples/sec, Loss: 11.0780, Accuracy: 0.5938, Learning Rate: 0.100000, Epoch: 2, Global Step: 308
2025-05-09 16:22:41,233 - INFO - Speed: 410.88 samples/sec, Loss: 9.5821, Accuracy: 0.4688, Learning Rate: 0.100000, Epoch: 2, Global Step: 309
2025-05-09 16:22:41,525 - INFO - Speed: 412.87 samples/sec, Loss: 7.4984, Accuracy: 0.5312, Learning Rate: 0.100000, Epoch: 2, Global Step: 310
2025-05-09 16:22:41,811 - INFO - Speed: 414.90 samples/sec, Loss: 12.8796, Accuracy: 0.5938, Learning Rate: 0.100000, Epoch: 2, Global Step: 311
2025-05-09 16:22:42,112 - INFO - Speed: 406.87 samples/sec, Loss: 8.8925, Accuracy: 0.6250, Learning Rate: 0.100000, Epoch: 2, Global Step: 312
2025-05-09 16:22:42,407 - INFO - Speed: 383.77 samples/sec, Loss: 12.8836, Accuracy: 0.4375, Learning Rate: 0.100000, Epoch: 2, Global Step: 313
2025-05-09 16:22:42,699 - INFO - Speed: 414.66 samples/sec, Loss: 7.0482, Accuracy: 0.6562, Learning Rate: 0.100000, Epoch: 2, Global Step: 314
2025-05-09 16:22:42,987 - INFO - Speed: 405.05 samples/sec, Loss: 8.2498, Accuracy: 0.5938, Learning Rate: 0.100000, Epoch: 2, Global Step: 315
2025-05-09 16:22:43,269 - INFO - Speed: 404.30 samples/sec, Loss: 16.7999, Accuracy: 0.5000, Learning Rate: 0.100000, Epoch: 2, Global Step: 316
2025-05-09 16:22:43,573 - INFO - Speed: 414.82 samples/sec, Loss: 13.5495, Accuracy: 0.5000, Learning Rate: 0.100000, Epoch: 2, Global Step: 317
2025-05-09 16:22:43,895 - INFO - Speed: 399.98 samples/sec, Loss: 8.9907, Accuracy: 0.5625, Learning Rate: 0.100000, Epoch: 2, Global Step: 318
2025-05-09 16:22:44,219 - INFO - Speed: 409.58 samples/sec, Loss: 8.3821, Accuracy: 0.6562, Learning Rate: 0.100000, Epoch: 2, Global Step: 319
2025-05-09 16:22:44,546 - INFO - Speed: 408.62 samples/sec, Loss: 4.7947, Accuracy: 0.7500, Learning Rate: 0.100000, Epoch: 2, Global Step: 320
2025-05-09 16:22:44,887 - INFO - Speed: 412.92 samples/sec, Loss: 9.0238, Accuracy: 0.7188, Learning Rate: 0.100000, Epoch: 2, Global Step: 321
2025-05-09 16:22:45,189 - INFO - Speed: 420.62 samples/sec, Loss: 11.9839, Accuracy: 0.4062, Learning Rate: 0.100000, Epoch: 2, Global Step: 322
2025-05-09 16:22:45,477 - INFO - Speed: 423.64 samples/sec, Loss: 10.7409, Accuracy: 0.5312, Learning Rate: 0.100000, Epoch: 2, Global Step: 323
2025-05-09 16:22:45,769 - INFO - Speed: 404.30 samples/sec, Loss: 12.6744, Accuracy: 0.5000, Learning Rate: 0.100000, Epoch: 2, Global Step: 324
2025-05-09 16:22:46,081 - INFO - Speed: 418.76 samples/sec, Loss: 10.2889, Accuracy: 0.5625, Learning Rate: 0.100000, Epoch: 2, Global Step: 325
2025-05-09 16:22:46,397 - INFO - Speed: 411.02 samples/sec, Loss: 7.9784, Accuracy: 0.7500, Learning Rate: 0.100000, Epoch: 2, Global Step: 326
2025-05-09 16:22:46,684 - INFO - Speed: 421.71 samples/sec, Loss: 11.2176, Accuracy: 0.5625, Learning Rate: 0.100000, Epoch: 2, Global Step: 327
2025-05-09 16:22:47,005 - INFO - Speed: 422.75 samples/sec, Loss: 3.8136, Accuracy: 0.7500, Learning Rate: 0.100000, Epoch: 2, Global Step: 328
2025-05-09 16:22:47,322 - INFO - Speed: 417.50 samples/sec, Loss: 9.9896, Accuracy: 0.5000, Learning Rate: 0.100000, Epoch: 2, Global Step: 329
2025-05-09 16:22:47,617 - INFO - Speed: 424.79 samples/sec, Loss: 15.8513, Accuracy: 0.4688, Learning Rate: 0.100000, Epoch: 2, Global Step: 330
2025-05-09 16:22:47,907 - INFO - Speed: 396.79 samples/sec, Loss: 10.9739, Accuracy: 0.4375, Learning Rate: 0.100000, Epoch: 2, Global Step: 331
2025-05-09 16:22:48,230 - INFO - Speed: 383.42 samples/sec, Loss: 5.0408, Accuracy: 0.6875, Learning Rate: 0.100000, Epoch: 2, Global Step: 332
2025-05-09 16:22:48,550 - INFO - Speed: 405.24 samples/sec, Loss: 10.5112, Accuracy: 0.5000, Learning Rate: 0.100000, Epoch: 2, Global Step: 333
2025-05-09 16:22:48,853 - INFO - Speed: 404.22 samples/sec, Loss: 14.6259, Accuracy: 0.5312, Learning Rate: 0.100000, Epoch: 2, Global Step: 334
2025-05-09 16:22:49,157 - INFO - Speed: 401.82 samples/sec, Loss: 9.1347, Accuracy: 0.5312, Learning Rate: 0.100000, Epoch: 2, Global Step: 335
2025-05-09 16:22:49,454 - INFO - Speed: 420.41 samples/sec, Loss: 11.5885, Accuracy: 0.4688, Learning Rate: 0.100000, Epoch: 2, Global Step: 336
2025-05-09 16:22:49,758 - INFO - Speed: 412.60 samples/sec, Loss: 9.3468, Accuracy: 0.4688, Learning Rate: 0.100000, Epoch: 2, Global Step: 337
2025-05-09 16:22:50,055 - INFO - Speed: 414.82 samples/sec, Loss: 5.9582, Accuracy: 0.6562, Learning Rate: 0.100000, Epoch: 2, Global Step: 338
2025-05-09 16:22:50,381 - INFO - Speed: 406.69 samples/sec, Loss: 11.6347, Accuracy: 0.4688, Learning Rate: 0.100000, Epoch: 2, Global Step: 339
2025-05-09 16:22:50,705 - INFO - Speed: 427.80 samples/sec, Loss: 11.1607, Accuracy: 0.5625, Learning Rate: 0.100000, Epoch: 2, Global Step: 340
2025-05-09 16:22:51,026 - INFO - Speed: 385.78 samples/sec, Loss: 11.9686, Accuracy: 0.5625, Learning Rate: 0.100000, Epoch: 2, Global Step: 341
2025-05-09 16:22:51,343 - INFO - Speed: 388.54 samples/sec, Loss: 8.6691, Accuracy: 0.5312, Learning Rate: 0.100000, Epoch: 2, Global Step: 342
2025-05-09 16:22:51,698 - INFO - Speed: 377.06 samples/sec, Loss: 6.3169, Accuracy: 0.6562, Learning Rate: 0.100000, Epoch: 2, Global Step: 343
2025-05-09 16:22:52,004 - INFO - Speed: 434.40 samples/sec, Loss: 15.7586, Accuracy: 0.4375, Learning Rate: 0.100000, Epoch: 2, Global Step: 344
