2025-04-26 11:16:03,890 - zensys - INFO - System event: startup - {"message": "ZenSys starting up"}
2025-04-26 11:16:20,602 - zensys - INFO - Authentication successful for user: Unknown, RFID: 12345
2025-04-26 11:16:21,510 - zensys - INFO - Authentication successful for user: Unknown, RFID: 12323
2025-04-26 11:16:26,707 - zensys - WARNING - Authentication failed: match=False, live_face=True
2025-04-26 11:16:31,928 - zensys - WARNING - Authentication failed: match=False, live_face=True
2025-04-26 11:17:12,164 - zensys - INFO - System event: startup - {"message": "ZenSys starting up"}
2025-04-26 11:18:03,504 - zensys - INFO - System event: startup - {"message": "ZenSys starting up"}
2025-04-26 11:18:20,431 - zensys - WARNING - Authentication failed: match=False, live_face=True
2025-04-26 11:30:51,124 - zensys - INFO - System event: startup - {"message": "ZenSys starting up"}
2025-04-26 11:31:01,587 - zensys - INFO - Loaded database with 4 faces from c:\Users\nguye\OneDrive\Desktop\FAMS\jetson\assets/database
2025-04-26 11:31:01,587 - zensys - INFO - Loaded database with 4 faces from c:\Users\nguye\OneDrive\Desktop\FAMS\jetson\assets/database
2025-04-26 11:32:31,824 - zensys - INFO - System event: startup - {"message": "ZenSys starting up"}
2025-04-26 11:32:41,705 - zensys - INFO - Loaded database with 4 faces from c:\Users\nguye\OneDrive\Desktop\FAMS\jetson\assets/database
2025-04-26 11:32:41,705 - zensys - INFO - Loaded database with 4 faces from c:\Users\nguye\OneDrive\Desktop\FAMS\jetson\assets/database
2025-04-26 11:33:06,076 - zensys - INFO - System event: startup - {"message": "ZenSys starting up"}
2025-04-26 11:33:15,912 - zensys - INFO - Loaded database with 4 faces from c:\Users\nguye\OneDrive\Desktop\FAMS\jetson\assets/database
2025-04-26 11:33:15,912 - zensys - INFO - Loaded database with 4 faces from c:\Users\nguye\OneDrive\Desktop\FAMS\jetson\assets/database
2025-04-26 11:36:03,007 - zensys - INFO - System event: startup - {"message": "ZenSys starting up"}
2025-04-26 11:36:12,834 - zensys - INFO - Loaded database with 4 faces from c:\Users\nguye\OneDrive\Desktop\FAMS\jetson\assets/database
2025-04-26 11:36:12,834 - zensys - INFO - Loaded database with 4 faces from c:\Users\nguye\OneDrive\Desktop\FAMS\jetson\assets/database
2025-04-26 11:40:31,715 - zensys - INFO - System event: startup - {"message": "ZenSys starting up"}
2025-04-26 11:40:41,624 - zensys - INFO - Loaded database with 4 faces from c:\Users\nguye\OneDrive\Desktop\FAMS\jetson\assets/database
2025-04-26 11:40:41,624 - zensys - INFO - Loaded database with 4 faces from c:\Users\nguye\OneDrive\Desktop\FAMS\jetson\assets/database
2025-04-26 11:40:49,046 - zensys - INFO - System event: rfid_scanned - {"rfid_id": "123123123123123", "rfid_name": "Unknown"}
2025-04-26 11:40:49,046 - zensys - INFO - System event: rfid_scanned - {"rfid_id": "123123123123123", "rfid_name": "Unknown"}
2025-04-26 11:40:49,539 - zensys - WARNING - Authentication failed: match=False, live_face=True
2025-04-26 11:40:49,539 - zensys - WARNING - Authentication failed: match=False, live_face=True
2025-04-26 11:40:53,319 - zensys - INFO - System event: rfid_scanned - {"rfid_id": "12321123123", "rfid_name": "Unknown"}
2025-04-26 11:40:53,319 - zensys - INFO - System event: rfid_scanned - {"rfid_id": "12321123123", "rfid_name": "Unknown"}
2025-04-26 11:40:53,789 - zensys - WARNING - Authentication failed: match=False, live_face=True
2025-04-26 11:40:53,789 - zensys - WARNING - Authentication failed: match=False, live_face=True
2025-04-26 11:40:58,449 - zensys - INFO - System event: rfid_scanned - {"rfid_id": "123123123", "rfid_name": "Unknown"}
2025-04-26 11:40:58,449 - zensys - INFO - System event: rfid_scanned - {"rfid_id": "123123123", "rfid_name": "Unknown"}
2025-04-26 11:40:58,496 - zensys - INFO - Authentication successful for user: Unknown, RFID: 123123123
2025-04-26 11:40:58,496 - zensys - INFO - Authentication successful for user: Unknown, RFID: 123123123
2025-04-26 11:41:02,717 - zensys - INFO - System event: rfid_scanned - {"rfid_id": "12312312312313", "rfid_name": "Unknown"}
2025-04-26 11:41:02,717 - zensys - INFO - System event: rfid_scanned - {"rfid_id": "12312312312313", "rfid_name": "Unknown"}
2025-04-26 11:41:02,767 - zensys - WARNING - Authentication failed: match=False, live_face=True
2025-04-26 11:41:02,767 - zensys - WARNING - Authentication failed: match=False, live_face=True
2025-04-26 11:44:12,869 - zensys - INFO - System event: startup - {"message": "ZenSys starting up"}
2025-04-26 11:44:23,909 - zensys - INFO - Loaded database with 4 faces from c:\Users\nguye\OneDrive\Desktop\FAMS\jetson\assets/database
2025-04-26 11:44:23,909 - zensys - INFO - Loaded database with 4 faces from c:\Users\nguye\OneDrive\Desktop\FAMS\jetson\assets/database
2025-04-26 11:44:44,157 - zensys - INFO - System event: rfid_scanned - {"rfid_id": "123213123123", "rfid_name": "Unknown"}
2025-04-26 11:44:44,157 - zensys - INFO - System event: rfid_scanned - {"rfid_id": "123213123123", "rfid_name": "Unknown"}
2025-04-26 11:44:44,257 - zensys - WARNING - Authentication failed: match=False, live_face=True
2025-04-26 11:44:44,257 - zensys - WARNING - Authentication failed: match=False, live_face=True
2025-04-26 11:44:48,013 - zensys - INFO - System event: rfid_scanned - {"rfid_id": "12321313123", "rfid_name": "Unknown"}
2025-04-26 11:44:48,013 - zensys - INFO - System event: rfid_scanned - {"rfid_id": "12321313123", "rfid_name": "Unknown"}
2025-04-26 11:44:48,423 - zensys - WARNING - Authentication failed: match=False, live_face=True
2025-04-26 11:44:48,423 - zensys - WARNING - Authentication failed: match=False, live_face=True
2025-04-26 11:49:47,235 - zensys - INFO - System event: startup - {"message": "ZenSys starting up"}
2025-04-26 11:49:57,460 - zensys - INFO - Loaded database with 4 faces from c:\Users\nguye\OneDrive\Desktop\FAMS\jetson\assets/database
2025-04-26 11:50:04,129 - zensys - INFO - System event: rfid_scanned - {"rfid_id": "123213123", "rfid_name": "Unknown"}
2025-04-26 11:50:04,275 - zensys - INFO - Authentication successful for user: Unknown, RFID: 123213123
2025-04-26 11:50:11,269 - zensys - INFO - System event: rfid_scanned - {"rfid_id": "1233232132", "rfid_name": "Unknown"}
2025-04-26 11:50:11,369 - zensys - INFO - Authentication successful for user: Unknown, RFID: 1233232132
2025-04-26 11:50:17,859 - zensys - INFO - System event: rfid_scanned - {"rfid_id": "123213213", "rfid_name": "Unknown"}
2025-04-26 11:50:17,955 - zensys - WARNING - Authentication failed: match=False, live_face=True
2025-04-26 12:00:57,232 - zensys - INFO - System event: startup - {"message": "ZenSys starting up"}
2025-04-26 12:01:43,561 - zensys - INFO - System event: startup - {"message": "ZenSys starting up"}
2025-04-26 12:02:44,076 - zensys - INFO - System event: startup - {"message": "ZenSys starting up"}
2025-04-26 12:02:53,980 - zensys - INFO - System event: startup - {"message": "ZenSys starting up"}
2025-04-26 12:03:01,938 - zensys - INFO - Loaded database with 4 faces from C:\Users\nguye\OneDrive\Desktop\FAMS\jetson\assets/database
2025-04-26 12:03:01,939 - zensys - INFO - ZenSys initialized successfully
2025-04-26 12:03:51,047 - zensys - INFO - System event: startup - {"message": "ZenSys starting up"}
2025-04-26 12:04:02,540 - zensys - INFO - System event: startup - {"message": "ZenSys starting up"}
2025-04-26 12:04:10,539 - zensys - INFO - Loaded database with 4 faces from C:\Users\nguye\OneDrive\Desktop\FAMS\jetson\assets/database
2025-04-26 12:04:10,541 - zensys - INFO - ZenSys initialized successfully
2025-04-26 12:04:38,895 - zensys - INFO - System event: startup - {"message": "ZenSys starting up"}
2025-04-26 12:04:50,021 - zensys - INFO - Loaded database with 4 faces from c:\Users\nguye\OneDrive\Desktop\FAMS\jetson\assets/database
2025-04-26 12:04:50,023 - zensys - INFO - ZenSys initialized successfully
2025-04-26 12:05:05,099 - zensys - INFO - System event: rfid_scanned - {"rfid_id": "12323123123", "rfid_name": "Unknown"}
2025-04-26 12:05:05,164 - zensys - INFO - Authentication successful for user: Unknown, RFID: 12323123123
2025-04-26 12:05:11,507 - zensys - INFO - System event: rfid_scanned - {"rfid_id": "123321312", "rfid_name": "Unknown"}
2025-04-26 12:05:11,611 - zensys - WARNING - Authentication failed: match=False, live_face=True
2025-04-26 12:32:52,045 - zensys - INFO - System event: startup - {"message": "ZenSys starting up"}
2025-04-26 12:33:04,443 - zensys - INFO - Loaded database with 4 faces from c:\Users\nguye\OneDrive\Desktop\FAMS\jetson\assets/database
2025-04-26 12:33:04,445 - zensys - INFO - ZenSys initialized successfully
2025-04-26 12:33:14,270 - zensys - INFO - System event: rfid_scanned - {"rfid_id": "1102323", "rfid_name": "Unknown"}
2025-04-26 12:33:14,517 - zensys - INFO - Authentication successful for user: Unknown, RFID: 1102323
